Computation started. CPU and wall clocks initialized.
Number of CPU cores: 8
bitlength: 41
prime_mod: 2199023255552
Using Eigen for Matmul
connected
connected
connected
connected
After base ots, communication = 316594 bytes
Thread i = 0, total data sent till now = 316594
Thread i = 1, total data sent till now = 163141
Thread i = 2, total data sent till now = 294765
Thread i = 3, total data sent till now = 163141
-----------Syncronizing-----------
-----------Syncronized - now starting execution-----------
Conv2DGroupCSF 1 called N=1, H=224, W=224, CI=3, FH=11, FW=11, CO=64, S=4,G=1
Matmul called s1,s2,s3 = 64 363 3025
Time in sec for current matmul = 43.361
Time in sec for current conv = 43.374
Relu 1 called size=193600
Time in sec for current relu = 1.344
Maxpool 1 called N=1, H=27, W=27, C=64, ksizeH=3, ksizeW=3
Time in sec for current maxpool = 2.555
Conv2DGroupCSF 2 called N=1, H=27, W=27, CI=64, FH=5, FW=5, CO=192, S=1,G=1
Matmul called s1,s2,s3 = 192 1600 729
Time in sec for current matmul = 138.309
Time in sec for current conv = 138.338
Relu 2 called size=139968
Time in sec for current relu = 1.178
Maxpool 2 called N=1, H=13, W=13, C=192, ksizeH=3, ksizeW=3
Time in sec for current maxpool = 1.946
Conv2DGroupCSF 3 called N=1, H=13, W=13, CI=192, FH=3, FW=3, CO=384, S=1,G=1
Matmul called s1,s2,s3 = 384 1728 169
Time in sec for current matmul = 66.805
Time in sec for current conv = 66.813
Relu 3 called size=64896
Time in sec for current relu = 0.481
Conv2DGroupCSF 4 called N=1, H=13, W=13, CI=384, FH=3, FW=3, CO=256, S=1,G=1
Matmul called s1,s2,s3 = 256 3456 169
Time in sec for current matmul = 90.385
Time in sec for current conv = 90.401
Relu 4 called size=43264
Time in sec for current relu = 0.343
Conv2DGroupCSF 5 called N=1, H=13, W=13, CI=256, FH=3, FW=3, CO=256, S=1,G=1
Matmul called s1,s2,s3 = 256 2304 169
Time in sec for current matmul = 58.26
Time in sec for current conv = 58.269
Relu 5 called size=43264
Time in sec for current relu = 0.523
Maxpool 3 called N=1, H=6, W=6, C=256, ksizeH=3, ksizeW=3
Time in sec for current maxpool = 0.789
AvgPool 1 called N=1, H=6, W=6, C=256, ksizeH=1, ksizeW=1
Time in sec for current avgpool = 0.101
Matmul called s1,s2,s3 = 1 9216 4096
Time in sec for current matmul = 23.115
Relu 6 called size=4096
Time in sec for current relu = 0.824
Matmul called s1,s2,s3 = 1 4096 4096
Time in sec for current matmul = 10.642
Relu 7 called size=4096
Time in sec for current relu = 0.355
Matmul called s1,s2,s3 = 1 4096 1000
Time in sec for current matmul = 3.281
Elapsed wall time: 465.811 seconds
Elapsed CPU time: 1249.9 seconds
CPU usage: 33.541 %
Elapsed time: 466.435 seconds
Estimated energy used: 312894 joules
Thread i = 0, total data sent till now = 19708618095
Thread i = 1, total data sent till now = 19534333189
Thread i = 2, total data sent till now = 19707946402
Thread i = 3, total data sent till now = 19513495813
------------------------------------------------------
------------------------------------------------------
------------------------------------------------------
Total time taken = 447390 milliseconds.
Total data sent = 74828.6 MiB.
Number of rounds = 747
Average CPU usage across all segments: 26.2598 %
Peak CPU usage during computation: 33.5797 %
Total comm (sent+received) = (see SERVER OUTPUT)
------------------------------------------------------
Total time in Conv = 397.195 seconds.
Total time in MatMul = 434.158 seconds.
Total time in BatchNorm = 0 seconds.
Total time in Truncation = 1.192 seconds.
Total time in Relu = 5.048 seconds.
Total time in MaxPool = 5.29 seconds.
Total time in AvgPool = 0.101 seconds.
Total time in ArgMax = 0 seconds.
Total time in MatAdd = 0 seconds.
Total time in MatAddBroadCast = 0 seconds.
Total time in MulCir = 0 seconds.
Total time in ScalarMul = 0 seconds.
Total time in Sigmoid = 0 seconds.
Total time in Tanh = 0 seconds.
Total time in Sqrt = 0 seconds.
Total time in NormaliseL2 = 0 seconds.
------------------------------------------------------
Conv data sent = 34156.2 MiB.
MatMul data sent = 37171.1 MiB.
BatchNorm data sent = 0 MiB.
Truncation data sent = 57.0493 MiB.
Relu data sent = 154.584 MiB.
Maxpool data sent = 232.855 MiB.
Avgpool data sent = 4.39185 MiB.
ArgMax data sent = 0 MiB.
MatAdd data sent = 0 MiB.
MatAddBroadCast data sent = 0 MiB.
MulCir data sent = 0 MiB.
Sigmoid data sent = 0 MiB.
Tanh data sent = 0 MiB.
Sqrt data sent = 0 MiB.
NormaliseL2 data sent = 0 MiB.
------------------------------------------------------
2199023235390
2199023230365
18052
2199023245778
8429
2199023255447
5215
2199023249138
1438
2473
2199023242187
2199023244703
2199023239007
2199023246829
2199023240787
2199023232034
388
878
2199023245725
2199023239756
2199023252653
3181
2199023243896
4011
2199023241384
2199023243623
2199023238437
2199023240974
2199023249236
2199023250019
2199023232205
2199023231886
2199023235486
2199023251003
195
2199023241446
7528
2199023240340
2199023246500
2199023236705
2199023239104
2199023239954
2199023242490
2199023236201
2199023247557
2199023244388
2199023237076
2199023243362
2199023240542
2199023235138
2199023251449
2199023254400
2199023249576
2199023247153
2199023252695
2199023239388
2199023247279
2199023239439
2199023239924
2199023242032
2199023246989
3171
2199023240025
2199023246694
2199023235578
2199023245121
2199023247558
2199023248603
2199023240860
2199023246181
2199023242196
2199023253444
2199023234306
2199023231776
2199023243516
2199023244301
2199023247719
2199023238213
12998
2199023242334
2199023238354
2199023242084
4942
2199023252022
2199023251948
2199023248665
2187
1527
2199023249305
2199023253887
2199023235618
2199023236362
2199023241846
2199023236355
2199023244633
2199023238480
2199023239092
5997
2199023251324
17928
2199023251166
2199023252347
2199023251054
4513
40374
25002
20638
2199023226690
2199023243617
1433
2199023240431
2199023243464
2199023255328
2199023248694
2199023247835
576
2199023240800
2199023239463
2199023249669
2199023248968
2199023248490
2199023246616
2199023237929
2199023251929
2199023245990
2199023252961
2199023246280
52
2199023237941
2199023244523
2415
2199023240873
2199023241925
2199023237197
571
2199023253832
2199023244932
2199023247818
2199023247041
2199023241531
2199023248669
2199023234203
2199023252942
2199023241349
2199023255399
10287
22323
2199023242926
2199023247880
2199023249735
9096
36184
5187
575
10523
2199023252922
2199023244120
3146
18714
2058
10294
6306
8080
15093
1182
2199023246556
5619
2534
12697
14219
10631
15792
28961
36309
46616
2199023249559
14895
3787
7530
34185
32249
26071
10548
8399
13287
13347
16297
2199023249392
13809
16431
13062
2199023251904
12293
10929
2199023251815
16159
1918
2199023254691
2199023246286
16626
7078
2199023253640
11586
25496
2199023255397
13216
7137
23196
33195
24128
4020
8133
12071
2199023246204
11844
7519
915
2382
2199023251038
7006
5630
2199023248585
38506
25692
8645
15522
2199023243722
34748
14252
16245
10005
22507
23219
2199023246386
5591
36406
15699
12911
14970
11622
13104
7131
23184
19712
23840
29997
19464
15260
65715
49942
59398
24378
2199023243688
27956
13282
12916
12703
37982
52883
28558
42477
16581
2056
27033
26102
14151
16222
26227
13797
44333
50697
21104
18978
51830
20673
5793
14837
8229
26305
36861
21119
11955
12636
15031
28855
26017
23254
16415
1512
1805
1597
12016
12103
7141
15772
21781
43801
2750
1823
629
2199023239203
2199023245772
2199023252754
2199023247761
2199023237167
2199023247530
2199023254516
2199023240417
2199023252690
2199023253441
2199023251341
2199023247273
2199023250889
2199023248966
2199023254689
2199023244435
2199023241673
2199023239221
2199023234403
2199023247905
2199023236070
2199023241339
2199023230928
2199023241616
2199023244654
2199023231588
2199023233828
14075
2199023253326
2199023250884
22628
18691
15211
23820
7155
2199023251204
5745
15664
4382
2199023252076
9293
32533
9451
2199023247823
2199023250746
14052
2199023252945
2199023251235
33943
14891
4737
2199023238051
4095
17885
15170
36876
29683
22928
13374
21425
11417
10927
15521
57
2199023251418
2199023247822
2199023253532
2199023239390
13057
2199023251269
5521
2199023254634
17684
6909
2873
2199023253931
2199023254588
2790
14322
11857
10020
2199023254132
2592
5080
7433
2199023253074
2199023243263
7086
22564
2199023252216
2199023237960
2199023251340
2199023241701
2199023232078
5390
2199023252808
2199023239098
119
7189
2199023247966
2199023249555
2199023249141
2199023246721
2199023246220
2199023252099
2199023251010
2199023235843
2199023243587
2199023249656
2199023250115
2199023250886
2199023247791
13363
1540
3570
2199023251914
2199023247545
2199023248125
2934
10055
2679
2199023253940
4582
2199023253121
18909
2199023240649
2199023244924
2199023252570
25113
10311
2199023247610
2199023251084
13166
10313
13844
10141
2199023241269
2199023248565
3565
2199023253717
2199023255198
2199023248688
2199023244875
17504
2199023249908
2199023247791
2199023242375
2670
2199023244534
2199023232508
2199023246612
2199023254570
4200
1352
1431
2199023255028
2130
24837
2199023254296
2199023246228
2199023251211
2199023243471
2199023251043
16885
1811
2199023252438
2199023240463
6964
2199023248908
2199023252814
2199023253732
2199023244769
4793
2199023250877
4748
2409
2199023252874
2199023255070
19901
2199023252986
2199023251743
2199023251184
2199023247517
2199023251089
2199023241676
2199023251079
2199023242545
17860
2199023254080
16358
6503
2199023249510
2199023247437
2199023242019
2199023249622
2199023244374
5876
1325
2199023247800
3668
2199023237865
3703
2199023252475
2199023241936
2358
2199023252575
2199023243573
2199023247443
25281
2199023246344
2199023243470
2199023239371
2199023251691
2199023254711
2199023255528
21969
2199023247358
2199023244263
2199023245923
7069
1160
6596
2199023245933
4266
2199023250361
2199023239511
2199023248334
2199023253558
2199023251194
2199023253692
1119
2199023253851
2199023237928
2199023251565
16249
2199023238280
2199023248036
41731
2199023228672
22871
2199023244036
5021
7204
15858
2199023245065
12080
5903
2199023236813
2199023245946
2199023247501
2199023243436
2972
9360
2903
2199023255533
2199023242584
2199023248134
3188
6178
2199023249536
2199023245664
2199023245220
2199023253492
2199023252764
2199023234376
2199023245484
2199023248383
2199023247148
28007
2199023248058
2199023245776
2199023251154
2199023253812
2199023242863
2199023249590
2199023246192
2199023244472
2199023252255
2199023252254
2199023241312
2199023251204
2199023244246
1260
2199023248342
2199023246997
5348
2199023248525
1961
7083
4804
5821
2199023249301
2199023248023
10788
2199023250241
2199023246842
12459
4954
2199023252010
2199023253155
72
2199023245996
5566
2199023253942
2199023248306
7545
5681
2199023249601
5487
2199023251105
2199023249988
11103
2199023244440
3915
7321
2199023252781
2746
2199023252513
2199023253254
2199023253333
15914
3370
14436
2199023253756
2199023246136
2199023246216
4256
2199023243298
2199023248130
15459
2199023254174
2199023247948
2199023253878
2199023255405
2199023246842
2199023248315
3013
2199023249720
2199023252267
2199023254220
5749
1813
2199023252782
10315
2199023249458
2199023232165
2199023254813
2199023250914
2199023254773
2199023246080
13323
2199023249456
10799
2199023246132
2199023251014
2199023240762
2199023247570
1808
2229
2199023251875
2199023247625
2199023236288
2199023250626
2199023242217
4136
2199023253168
2199023248008
16347
2199023241248
2199023239497
2199023253658
2199023243260
2199023246018
18232
13812
2199023239439
32171
2208
2199023254575
2199023252124
9015
12309
2199023244478
3950
12767
2199023251001
2199023245967
2199023235761
7597
2199023244290
5840
7301
2199023249772
1637
2199023248291
2199023245815
8379
2199023251130
2199023247426
6791
18614
2199023248425
6719
8161
2199023252760
2199023238077
2199023244837
2199023253474
2199023248486
6641
10504
2199023253588
2524
2445
5508
1635
2199023253785
2199023247231
2199023247163
2880
498
3472
11176
5289
2199023244448
2199023254881
2199023244222
2199023244249
2560
2199023238493
2199023251039
20137
2199023253132
1216
2199023242156
1027
2199023245716
2199023250990
2199023246373
2199023242234
3500
2199023246465
9858
4227
4328
2199023246213
10086
2199023254174
2199023249946
2199023248486
10238
2199023249606
3984
9940
657
2199023242793
2199023249276
2199023242252
2565
4231
2008
21257
2199023249362
4288
2251
2489
2199023247059
2652
2199023253673
11465
2199023250658
2199023251515
2199023253700
18848
2199023253815
2199023252952
4884
2199023251859
2215
2199023240763
2199023247901
2199023242586
13535
4531
13511
16236
65
1310
4843
2212
7753
19283
2160
1742
9930
2199023250584
6050
14940
2199023245878
4207
2199023249837
2199023249014
2199023251652
2199023235210
2199023251621
14056
8956
2199023249110
2612
2199023243240
10814
16961
2199023239830
8352
2199023250937
2199023247588
2199023255480
2199023235435
2199023242882
3733
2199023246184
2199023237901
2199023251859
7595
5942
2199023246979
2199023245999
2199023254735
2199023254709
2199023240252
2199023249056
2199023250424
2199023244902
2199023239271
6792
2199023253498
7472
11948
76
2199023244074
3027
5174
15872
2199023249547
7863
9564
2199023249742
1918
2199023247737
2199023251970
23233
4660
19354
2199023238173
2199023239433
6003
2199023239696
2199023234725
2199023252167
10555
2199023249026
6339
2889
2199023248037
2199023234570
12481
2199023244869
2199023249353
2199023246490
4657
2662
2199023240515
2199023254721
2199023232950
2199023243685
2199023244162
21272
2199023255075
9117
5675
2199023251628
2199023241894
4858
2199023250210
2199023238068
2199023252651
2199023238765
2199023252591
2199023243395
2199023253839
2199023253778
7318
3508
2199023245198
2199023243553
4186
15348
1944
5807
2199023249971
2199023243076
2199023248109
11329
2406
16156
3830
2199023253973
2199023252974
2199023246986
6469
13054
9650
5130
2199023246021
2199023243184
2199023242557
9247
1448
14117
2199023248892
2199023239383
5669
2199023250154
2199023244899
2199023242509
2199023243246
2199023245396
2199023255470
1873
16577
2199023246597
4062
3226
2199023252349
141
2199023251567
2199023240943
2199023253951
135
2199023243726
2199023238938
2199023241531
6781
2199023243933
2199023242534
2199023247509
2199023236882
2199023251729
2199023248927
2199023251882
2199023246979
2199023251427
2199023244724
2199023250478
2434
2199023232192
9306
2199023253449
2199023252300
2199023239645
3666
5229
2199023232263
2199023255145
542
9233
2199023253302
2199023248161
7702
2199023244092
2199023240970
15540
2199023242940
2199023249365
2199023237267
2199023255290
2199023233484
9916
2199023249111
2199023233920
2199023235625
2199023248982
2199023254763
2199023238781
2199023251641
2199023232437
2199023229598
10696
2199023250414
1968
2199023247058
2199023253120
2199023240148
2199023254019
105
15798
2470
2199023247685
8362
16936
