bitlength: 41
prime_mod: 2199023255552
Using Eigen for Matmul
connected
connected
connected
connected
After base ots, communication = 316594 bytes
Thread i = 0, total data sent till now = 316594
Thread i = 1, total data sent till now = 163141
Thread i = 2, total data sent till now = 294765
Thread i = 3, total data sent till now = 163141
-----------Syncronizing-----------
-----------Syncronized - now starting execution-----------
Conv2DCSF 1 called N=1, H=224, W=224, CI=3, FH=7, FW=7, CO=64, S=2
Matmul called s1,s2,s3 = 64 147 12544
Time in sec for current matmul = 92.268
Time in sec for current conv = 92.302
Starting fused batchNorm #1
Maxpool 1 called N=1, H=56, W=56, C=64, ksizeH=3, ksizeW=3
Time in sec for current maxpool = 10.591
Relu 1 called size=200704
Time in sec for current relu = 1.411
Starting fused batchNorm #2
Relu 2 called size=200704
Time in sec for current relu = 1.393
Conv2DCSF 2 called N=1, H=56, W=56, CI=64, FH=1, FW=1, CO=128, S=1
Matmul called s1,s2,s3 = 128 64 3136
Time in sec for current matmul = 20.854
Time in sec for current conv = 20.86
Starting fused batchNorm #3
Relu 3 called size=401408
Time in sec for current relu = 2.718
Conv2DCSF 3 called N=1, H=56, W=56, CI=128, FH=3, FW=3, CO=32, S=1
Matmul called s1,s2,s3 = 32 1152 3136
Time in sec for current matmul = 90.745
Time in sec for current conv = 90.782
Starting fused batchNorm #4
Relu 4 called size=301056
Time in sec for current relu = 1.994
Conv2DCSF 4 called N=1, H=56, W=56, CI=96, FH=1, FW=1, CO=128, S=1
Matmul called s1,s2,s3 = 128 96 3136
Time in sec for current matmul = 30.774
Time in sec for current conv = 30.789
Starting fused batchNorm #5
Relu 5 called size=401408
Time in sec for current relu = 2.765
Conv2DCSF 5 called N=1, H=56, W=56, CI=128, FH=3, FW=3, CO=32, S=1
Matmul called s1,s2,s3 = 32 1152 3136
Time in sec for current matmul = 92.512
Time in sec for current conv = 92.543
Starting fused batchNorm #6
Relu 6 called size=401408
Time in sec for current relu = 2.789
Conv2DCSF 6 called N=1, H=56, W=56, CI=128, FH=1, FW=1, CO=128, S=1
Matmul called s1,s2,s3 = 128 128 3136
Time in sec for current matmul = 41.568
Time in sec for current conv = 41.574
Starting fused batchNorm #7
Relu 7 called size=401408
Time in sec for current relu = 2.751
Conv2DCSF 7 called N=1, H=56, W=56, CI=128, FH=3, FW=3, CO=32, S=1
Matmul called s1,s2,s3 = 32 1152 3136
Time in sec for current matmul = 90.556
Time in sec for current conv = 90.59
Starting fused batchNorm #8
Relu 8 called size=501760
Time in sec for current relu = 3.437
Conv2DCSF 8 called N=1, H=56, W=56, CI=160, FH=1, FW=1, CO=128, S=1
Matmul called s1,s2,s3 = 128 160 3136
Time in sec for current matmul = 51.451
Time in sec for current conv = 51.458
Starting fused batchNorm #9
Relu 9 called size=401408
Time in sec for current relu = 2.781
Conv2DCSF 9 called N=1, H=56, W=56, CI=128, FH=3, FW=3, CO=32, S=1
Matmul called s1,s2,s3 = 32 1152 3136
Time in sec for current matmul = 90.639
Time in sec for current conv = 90.671
Starting fused batchNorm #10
Relu 10 called size=602112
Time in sec for current relu = 4.408
Conv2DCSF 10 called N=1, H=56, W=56, CI=192, FH=1, FW=1, CO=128, S=1
Matmul called s1,s2,s3 = 128 192 3136
Time in sec for current matmul = 60.622
Time in sec for current conv = 60.631
Starting fused batchNorm #11
Relu 11 called size=401408
Time in sec for current relu = 2.745
Conv2DCSF 11 called N=1, H=56, W=56, CI=128, FH=3, FW=3, CO=32, S=1
Matmul called s1,s2,s3 = 32 1152 3136
Time in sec for current matmul = 96.711
Time in sec for current conv = 96.761
Starting fused batchNorm #12
Relu 12 called size=702464
Time in sec for current relu = 5.116
Conv2DCSF 12 called N=1, H=56, W=56, CI=224, FH=1, FW=1, CO=128, S=1
Matmul called s1,s2,s3 = 128 224 3136
Time in sec for current matmul = 71.534
Time in sec for current conv = 71.541
Starting fused batchNorm #13
Relu 13 called size=401408
Time in sec for current relu = 2.733
Conv2DCSF 13 called N=1, H=56, W=56, CI=128, FH=3, FW=3, CO=32, S=1
Matmul called s1,s2,s3 = 32 1152 3136
Time in sec for current matmul = 90.789
Time in sec for current conv = 90.828
Starting fused batchNorm #14
Relu 14 called size=802816
Time in sec for current relu = 5.912
Conv2DCSF 14 called N=1, H=56, W=56, CI=256, FH=1, FW=1, CO=128, S=1
Matmul called s1,s2,s3 = 128 256 3136
Time in sec for current matmul = 81.816
Time in sec for current conv = 81.824
AvgPool 1 called N=1, H=28, W=28, C=128, ksizeH=2, ksizeW=2
Time in sec for current avgpool = 0.818
Starting fused batchNorm #15
Relu 15 called size=100352
Time in sec for current relu = 0.67
Conv2DCSF 15 called N=1, H=28, W=28, CI=128, FH=1, FW=1, CO=128, S=1
Matmul called s1,s2,s3 = 128 128 784
Time in sec for current matmul = 11.191
Time in sec for current conv = 11.193
Starting fused batchNorm #16
Relu 16 called size=100352
Time in sec for current relu = 0.684
Conv2DCSF 16 called N=1, H=28, W=28, CI=128, FH=3, FW=3, CO=32, S=1
Matmul called s1,s2,s3 = 32 1152 784
Time in sec for current matmul = 24.12
Time in sec for current conv = 24.124
Starting fused batchNorm #17
Relu 17 called size=125440
Time in sec for current relu = 0.843
Conv2DCSF 17 called N=1, H=28, W=28, CI=160, FH=1, FW=1, CO=128, S=1
Matmul called s1,s2,s3 = 128 160 784
Time in sec for current matmul = 13.847
Time in sec for current conv = 13.848
Starting fused batchNorm #18
Relu 18 called size=100352
Time in sec for current relu = 0.656
Conv2DCSF 18 called N=1, H=28, W=28, CI=128, FH=3, FW=3, CO=32, S=1
Matmul called s1,s2,s3 = 32 1152 784
Time in sec for current matmul = 24.163
Time in sec for current conv = 24.168
Starting fused batchNorm #19
Relu 19 called size=150528
Time in sec for current relu = 1.004
Conv2DCSF 19 called N=1, H=28, W=28, CI=192, FH=1, FW=1, CO=128, S=1
Matmul called s1,s2,s3 = 128 192 784
Time in sec for current matmul = 16.287
Time in sec for current conv = 16.288
Starting fused batchNorm #20
Relu 20 called size=100352
Time in sec for current relu = 0.631
Conv2DCSF 20 called N=1, H=28, W=28, CI=128, FH=3, FW=3, CO=32, S=1
Matmul called s1,s2,s3 = 32 1152 784
Time in sec for current matmul = 23.946
Time in sec for current conv = 23.95
Starting fused batchNorm #21
Relu 21 called size=175616
Time in sec for current relu = 1.156
Conv2DCSF 21 called N=1, H=28, W=28, CI=224, FH=1, FW=1, CO=128, S=1
Matmul called s1,s2,s3 = 128 224 784
Time in sec for current matmul = 18.574
Time in sec for current conv = 18.575
Starting fused batchNorm #22
Relu 22 called size=100352
Time in sec for current relu = 0.682
Conv2DCSF 22 called N=1, H=28, W=28, CI=128, FH=3, FW=3, CO=32, S=1
Matmul called s1,s2,s3 = 32 1152 784
Time in sec for current matmul = 24.458
Time in sec for current conv = 24.462
Starting fused batchNorm #23
Relu 23 called size=200704
Time in sec for current relu = 1.343
Conv2DCSF 23 called N=1, H=28, W=28, CI=256, FH=1, FW=1, CO=128, S=1
Matmul called s1,s2,s3 = 128 256 784
Time in sec for current matmul = 22.33
Time in sec for current conv = 22.332
Starting fused batchNorm #24
Relu 24 called size=100352
Time in sec for current relu = 0.697
Conv2DCSF 24 called N=1, H=28, W=28, CI=128, FH=3, FW=3, CO=32, S=1
Matmul called s1,s2,s3 = 32 1152 784
Time in sec for current matmul = 24.445
Time in sec for current conv = 24.449
Starting fused batchNorm #25
Relu 25 called size=225792
Time in sec for current relu = 1.504
Conv2DCSF 25 called N=1, H=28, W=28, CI=288, FH=1, FW=1, CO=128, S=1
Matmul called s1,s2,s3 = 128 288 784
Time in sec for current matmul = 24.318
Time in sec for current conv = 24.32
Starting fused batchNorm #26
Relu 26 called size=100352
Time in sec for current relu = 0.652
Conv2DCSF 26 called N=1, H=28, W=28, CI=128, FH=3, FW=3, CO=32, S=1
Matmul called s1,s2,s3 = 32 1152 784
Time in sec for current matmul = 23.872
Time in sec for current conv = 23.877
Starting fused batchNorm #27
Relu 27 called size=250880
Time in sec for current relu = 1.656
Conv2DCSF 27 called N=1, H=28, W=28, CI=320, FH=1, FW=1, CO=128, S=1
Matmul called s1,s2,s3 = 128 320 784
Time in sec for current matmul = 26.866
Time in sec for current conv = 26.868
Starting fused batchNorm #28
Relu 28 called size=100352
Time in sec for current relu = 0.653
Conv2DCSF 28 called N=1, H=28, W=28, CI=128, FH=3, FW=3, CO=32, S=1
Matmul called s1,s2,s3 = 32 1152 784
Time in sec for current matmul = 23.855
Time in sec for current conv = 23.87
Starting fused batchNorm #29
Relu 29 called size=275968
Time in sec for current relu = 1.898
Conv2DCSF 29 called N=1, H=28, W=28, CI=352, FH=1, FW=1, CO=128, S=1
Matmul called s1,s2,s3 = 128 352 784
Time in sec for current matmul = 28.89
Time in sec for current conv = 28.892
Starting fused batchNorm #30
Relu 30 called size=100352
Time in sec for current relu = 0.662
Conv2DCSF 30 called N=1, H=28, W=28, CI=128, FH=3, FW=3, CO=32, S=1
Matmul called s1,s2,s3 = 32 1152 784
Time in sec for current matmul = 23.889
Time in sec for current conv = 23.904
Starting fused batchNorm #31
Relu 31 called size=301056
Time in sec for current relu = 1.997
Conv2DCSF 31 called N=1, H=28, W=28, CI=384, FH=1, FW=1, CO=128, S=1
Matmul called s1,s2,s3 = 128 384 784
Time in sec for current matmul = 31.435
Time in sec for current conv = 31.438
Starting fused batchNorm #32
Relu 32 called size=100352
Time in sec for current relu = 0.682
Conv2DCSF 32 called N=1, H=28, W=28, CI=128, FH=3, FW=3, CO=32, S=1
Matmul called s1,s2,s3 = 32 1152 784
Time in sec for current matmul = 24.288
Time in sec for current conv = 24.305
Starting fused batchNorm #33
Relu 33 called size=326144
Time in sec for current relu = 2.2
Conv2DCSF 33 called N=1, H=28, W=28, CI=416, FH=1, FW=1, CO=128, S=1
Matmul called s1,s2,s3 = 128 416 784
Time in sec for current matmul = 34.566
Time in sec for current conv = 34.568
Starting fused batchNorm #34
Relu 34 called size=100352
Time in sec for current relu = 0.66
Conv2DCSF 34 called N=1, H=28, W=28, CI=128, FH=3, FW=3, CO=32, S=1
Matmul called s1,s2,s3 = 32 1152 784
Time in sec for current matmul = 23.884
Time in sec for current conv = 23.888
Starting fused batchNorm #35
Relu 35 called size=351232
Time in sec for current relu = 2.393
Conv2DCSF 35 called N=1, H=28, W=28, CI=448, FH=1, FW=1, CO=128, S=1
Matmul called s1,s2,s3 = 128 448 784
Time in sec for current matmul = 37.374
Time in sec for current conv = 37.376
Starting fused batchNorm #36
Relu 36 called size=100352
Time in sec for current relu = 0.672
Conv2DCSF 36 called N=1, H=28, W=28, CI=128, FH=3, FW=3, CO=32, S=1
Matmul called s1,s2,s3 = 32 1152 784
Time in sec for current matmul = 24.096
Time in sec for current conv = 24.111
Starting fused batchNorm #37
Relu 37 called size=376320
Time in sec for current relu = 2.5
Conv2DCSF 37 called N=1, H=28, W=28, CI=480, FH=1, FW=1, CO=128, S=1
Matmul called s1,s2,s3 = 128 480 784
Time in sec for current matmul = 40.132
Time in sec for current conv = 40.135
Starting fused batchNorm #38
Relu 38 called size=100352
Time in sec for current relu = 0.66
Conv2DCSF 38 called N=1, H=28, W=28, CI=128, FH=3, FW=3, CO=32, S=1
Matmul called s1,s2,s3 = 32 1152 784
Time in sec for current matmul = 24.051
Time in sec for current conv = 24.066
Starting fused batchNorm #39
Relu 39 called size=401408
Time in sec for current relu = 2.781
Conv2DCSF 39 called N=1, H=28, W=28, CI=512, FH=1, FW=1, CO=256, S=1
Matmul called s1,s2,s3 = 256 512 784
Time in sec for current matmul = 82.348
Time in sec for current conv = 82.354
AvgPool 2 called N=1, H=14, W=14, C=256, ksizeH=2, ksizeW=2
Time in sec for current avgpool = 0.413
Starting fused batchNorm #40
Relu 40 called size=50176
Time in sec for current relu = 0.342
Conv2DCSF 40 called N=1, H=14, W=14, CI=256, FH=1, FW=1, CO=128, S=1
Matmul called s1,s2,s3 = 128 256 196
Time in sec for current matmul = 6.278
Time in sec for current conv = 6.279
Starting fused batchNorm #41
Relu 41 called size=25088
Time in sec for current relu = 0.169
Conv2DCSF 41 called N=1, H=14, W=14, CI=128, FH=3, FW=3, CO=32, S=1
Matmul called s1,s2,s3 = 32 1152 196
Time in sec for current matmul = 6.908
Time in sec for current conv = 6.91
Starting fused batchNorm #42
Relu 42 called size=56448
Time in sec for current relu = 0.405
Conv2DCSF 42 called N=1, H=14, W=14, CI=288, FH=1, FW=1, CO=128, S=1
Matmul called s1,s2,s3 = 128 288 196
Time in sec for current matmul = 6.965
Time in sec for current conv = 6.966
Starting fused batchNorm #43
Relu 43 called size=25088
Time in sec for current relu = 0.167
Conv2DCSF 43 called N=1, H=14, W=14, CI=128, FH=3, FW=3, CO=32, S=1
Matmul called s1,s2,s3 = 32 1152 196
Time in sec for current matmul = 6.88
Time in sec for current conv = 6.882
Starting fused batchNorm #44
Relu 44 called size=62720
Time in sec for current relu = 0.412
Conv2DCSF 44 called N=1, H=14, W=14, CI=320, FH=1, FW=1, CO=128, S=1
Matmul called s1,s2,s3 = 128 320 196
Time in sec for current matmul = 7.563
Time in sec for current conv = 7.563
Starting fused batchNorm #45
Relu 45 called size=25088
Time in sec for current relu = 0.175
Conv2DCSF 45 called N=1, H=14, W=14, CI=128, FH=3, FW=3, CO=32, S=1
Matmul called s1,s2,s3 = 32 1152 196
Time in sec for current matmul = 6.859
Time in sec for current conv = 6.861
Starting fused batchNorm #46
Relu 46 called size=68992
Time in sec for current relu = 0.455
Conv2DCSF 46 called N=1, H=14, W=14, CI=352, FH=1, FW=1, CO=128, S=1
Matmul called s1,s2,s3 = 128 352 196
Time in sec for current matmul = 8.198
Time in sec for current conv = 8.198
Starting fused batchNorm #47
Relu 47 called size=25088
Time in sec for current relu = 0.18
Conv2DCSF 47 called N=1, H=14, W=14, CI=128, FH=3, FW=3, CO=32, S=1
Matmul called s1,s2,s3 = 32 1152 196
Time in sec for current matmul = 6.93
Time in sec for current conv = 6.931
Starting fused batchNorm #48
Relu 48 called size=75264
Time in sec for current relu = 0.5
Conv2DCSF 48 called N=1, H=14, W=14, CI=384, FH=1, FW=1, CO=128, S=1
Matmul called s1,s2,s3 = 128 384 196
Time in sec for current matmul = 8.938
Time in sec for current conv = 8.939
Starting fused batchNorm #49
Relu 49 called size=25088
Time in sec for current relu = 0.174
Conv2DCSF 49 called N=1, H=14, W=14, CI=128, FH=3, FW=3, CO=32, S=1
Matmul called s1,s2,s3 = 32 1152 196
Time in sec for current matmul = 6.904
Time in sec for current conv = 6.905
Starting fused batchNorm #50
Relu 50 called size=81536
Time in sec for current relu = 0.597
Conv2DCSF 50 called N=1, H=14, W=14, CI=416, FH=1, FW=1, CO=128, S=1
Matmul called s1,s2,s3 = 128 416 196
Time in sec for current matmul = 9.409
Time in sec for current conv = 9.41
Starting fused batchNorm #51
Relu 51 called size=25088
Time in sec for current relu = 0.17
Conv2DCSF 51 called N=1, H=14, W=14, CI=128, FH=3, FW=3, CO=32, S=1
Matmul called s1,s2,s3 = 32 1152 196
Time in sec for current matmul = 6.809
Time in sec for current conv = 6.811
Starting fused batchNorm #52
Relu 52 called size=87808
Time in sec for current relu = 0.578
Conv2DCSF 52 called N=1, H=14, W=14, CI=448, FH=1, FW=1, CO=128, S=1
Matmul called s1,s2,s3 = 128 448 196
Time in sec for current matmul = 10.112
Time in sec for current conv = 10.113
Starting fused batchNorm #53
Relu 53 called size=25088
Time in sec for current relu = 0.18
Conv2DCSF 53 called N=1, H=14, W=14, CI=128, FH=3, FW=3, CO=32, S=1
Matmul called s1,s2,s3 = 32 1152 196
Time in sec for current matmul = 6.955
Time in sec for current conv = 6.956
Starting fused batchNorm #54
Relu 54 called size=94080
Time in sec for current relu = 0.639
Conv2DCSF 54 called N=1, H=14, W=14, CI=480, FH=1, FW=1, CO=128, S=1
Matmul called s1,s2,s3 = 128 480 196
Time in sec for current matmul = 10.878
Time in sec for current conv = 10.879
Starting fused batchNorm #55
Relu 55 called size=25088
Time in sec for current relu = 0.172
Conv2DCSF 55 called N=1, H=14, W=14, CI=128, FH=3, FW=3, CO=32, S=1
Matmul called s1,s2,s3 = 32 1152 196
Time in sec for current matmul = 6.895
Time in sec for current conv = 6.897
Starting fused batchNorm #56
Relu 56 called size=100352
Time in sec for current relu = 0.673
Conv2DCSF 56 called N=1, H=14, W=14, CI=512, FH=1, FW=1, CO=128, S=1
Matmul called s1,s2,s3 = 128 512 196
Time in sec for current matmul = 11.575
Time in sec for current conv = 11.576
Starting fused batchNorm #57
Relu 57 called size=25088
Time in sec for current relu = 0.165
Conv2DCSF 57 called N=1, H=14, W=14, CI=128, FH=3, FW=3, CO=32, S=1
Matmul called s1,s2,s3 = 32 1152 196
Time in sec for current matmul = 6.942
Time in sec for current conv = 6.943
Starting fused batchNorm #58
Relu 58 called size=106624
Time in sec for current relu = 0.725
Conv2DCSF 58 called N=1, H=14, W=14, CI=544, FH=1, FW=1, CO=128, S=1
Matmul called s1,s2,s3 = 128 544 196
Time in sec for current matmul = 12.141
Time in sec for current conv = 12.142
Starting fused batchNorm #59
Relu 59 called size=25088
Time in sec for current relu = 0.176
Conv2DCSF 59 called N=1, H=14, W=14, CI=128, FH=3, FW=3, CO=32, S=1
Matmul called s1,s2,s3 = 32 1152 196
Time in sec for current matmul = 6.817
Time in sec for current conv = 6.818
Starting fused batchNorm #60
Relu 60 called size=112896
Time in sec for current relu = 0.732
Conv2DCSF 60 called N=1, H=14, W=14, CI=576, FH=1, FW=1, CO=128, S=1
Matmul called s1,s2,s3 = 128 576 196
Time in sec for current matmul = 12.638
Time in sec for current conv = 12.639
Starting fused batchNorm #61
Relu 61 called size=25088
Time in sec for current relu = 0.173
Conv2DCSF 61 called N=1, H=14, W=14, CI=128, FH=3, FW=3, CO=32, S=1
Matmul called s1,s2,s3 = 32 1152 196
Time in sec for current matmul = 6.914
Time in sec for current conv = 6.915
Starting fused batchNorm #62
Relu 62 called size=119168
Time in sec for current relu = 0.778
Conv2DCSF 62 called N=1, H=14, W=14, CI=608, FH=1, FW=1, CO=128, S=1
Matmul called s1,s2,s3 = 128 608 196
Time in sec for current matmul = 13.403
Time in sec for current conv = 13.404
Starting fused batchNorm #63
Relu 63 called size=25088
Time in sec for current relu = 0.169
Conv2DCSF 63 called N=1, H=14, W=14, CI=128, FH=3, FW=3, CO=32, S=1
Matmul called s1,s2,s3 = 32 1152 196
Time in sec for current matmul = 6.828
Time in sec for current conv = 6.829
Starting fused batchNorm #64
Relu 64 called size=125440
Time in sec for current relu = 0.833
Conv2DCSF 64 called N=1, H=14, W=14, CI=640, FH=1, FW=1, CO=128, S=1
Matmul called s1,s2,s3 = 128 640 196
Time in sec for current matmul = 14.299
Time in sec for current conv = 14.301
Starting fused batchNorm #65
Relu 65 called size=25088
Time in sec for current relu = 0.167
Conv2DCSF 65 called N=1, H=14, W=14, CI=128, FH=3, FW=3, CO=32, S=1
Matmul called s1,s2,s3 = 32 1152 196
Time in sec for current matmul = 6.87
Time in sec for current conv = 6.871
Starting fused batchNorm #66
Relu 66 called size=131712
Time in sec for current relu = 0.89
Conv2DCSF 66 called N=1, H=14, W=14, CI=672, FH=1, FW=1, CO=128, S=1
Matmul called s1,s2,s3 = 128 672 196
Time in sec for current matmul = 14.687
Time in sec for current conv = 14.688
Starting fused batchNorm #67
Relu 67 called size=25088
Time in sec for current relu = 0.186
Conv2DCSF 67 called N=1, H=14, W=14, CI=128, FH=3, FW=3, CO=32, S=1
Matmul called s1,s2,s3 = 32 1152 196
Time in sec for current matmul = 6.993
Time in sec for current conv = 6.994
Starting fused batchNorm #68
Relu 68 called size=137984
Time in sec for current relu = 0.936
Conv2DCSF 68 called N=1, H=14, W=14, CI=704, FH=1, FW=1, CO=128, S=1
Matmul called s1,s2,s3 = 128 704 196
Time in sec for current matmul = 15.461
Time in sec for current conv = 15.462
Starting fused batchNorm #69
Relu 69 called size=25088
Time in sec for current relu = 0.174
Conv2DCSF 69 called N=1, H=14, W=14, CI=128, FH=3, FW=3, CO=32, S=1
Matmul called s1,s2,s3 = 32 1152 196
Time in sec for current matmul = 6.904
Time in sec for current conv = 6.906
Starting fused batchNorm #70
Relu 70 called size=144256
Time in sec for current relu = 0.98
Conv2DCSF 70 called N=1, H=14, W=14, CI=736, FH=1, FW=1, CO=128, S=1
Matmul called s1,s2,s3 = 128 736 196
Time in sec for current matmul = 16.121
Time in sec for current conv = 16.122
Starting fused batchNorm #71
Relu 71 called size=25088
Time in sec for current relu = 0.172
Conv2DCSF 71 called N=1, H=14, W=14, CI=128, FH=3, FW=3, CO=32, S=1
Matmul called s1,s2,s3 = 32 1152 196
Time in sec for current matmul = 6.862
Time in sec for current conv = 6.863
Starting fused batchNorm #72
Relu 72 called size=150528
Time in sec for current relu = 0.979
Conv2DCSF 72 called N=1, H=14, W=14, CI=768, FH=1, FW=1, CO=128, S=1
Matmul called s1,s2,s3 = 128 768 196
Time in sec for current matmul = 16.905
Time in sec for current conv = 16.907
Starting fused batchNorm #73
Relu 73 called size=25088
Time in sec for current relu = 0.195
Conv2DCSF 73 called N=1, H=14, W=14, CI=128, FH=3, FW=3, CO=32, S=1
Matmul called s1,s2,s3 = 32 1152 196
Time in sec for current matmul = 6.879
Time in sec for current conv = 6.88
Starting fused batchNorm #74
Relu 74 called size=156800
Time in sec for current relu = 1.032
Conv2DCSF 74 called N=1, H=14, W=14, CI=800, FH=1, FW=1, CO=128, S=1
Matmul called s1,s2,s3 = 128 800 196
Time in sec for current matmul = 17.632
Time in sec for current conv = 17.634
Starting fused batchNorm #75
Relu 75 called size=25088
Time in sec for current relu = 0.171
Conv2DCSF 75 called N=1, H=14, W=14, CI=128, FH=3, FW=3, CO=32, S=1
Matmul called s1,s2,s3 = 32 1152 196
Time in sec for current matmul = 6.914
Time in sec for current conv = 6.916
Starting fused batchNorm #76
Relu 76 called size=163072
Time in sec for current relu = 1.069
Conv2DCSF 76 called N=1, H=14, W=14, CI=832, FH=1, FW=1, CO=128, S=1
Matmul called s1,s2,s3 = 128 832 196
Time in sec for current matmul = 18.311
Time in sec for current conv = 18.312
Starting fused batchNorm #77
Relu 77 called size=25088
Time in sec for current relu = 0.174
Conv2DCSF 77 called N=1, H=14, W=14, CI=128, FH=3, FW=3, CO=32, S=1
Matmul called s1,s2,s3 = 32 1152 196
Time in sec for current matmul = 6.954
Time in sec for current conv = 6.955
Starting fused batchNorm #78
Relu 78 called size=169344
Time in sec for current relu = 1.141
Conv2DCSF 78 called N=1, H=14, W=14, CI=864, FH=1, FW=1, CO=128, S=1
Matmul called s1,s2,s3 = 128 864 196
Time in sec for current matmul = 19.059
Time in sec for current conv = 19.061
Starting fused batchNorm #79
Relu 79 called size=25088
Time in sec for current relu = 0.169
Conv2DCSF 79 called N=1, H=14, W=14, CI=128, FH=3, FW=3, CO=32, S=1
Matmul called s1,s2,s3 = 32 1152 196
Time in sec for current matmul = 6.913
Time in sec for current conv = 6.914
Starting fused batchNorm #80
Relu 80 called size=175616
Time in sec for current relu = 1.141
Conv2DCSF 80 called N=1, H=14, W=14, CI=896, FH=1, FW=1, CO=128, S=1
Matmul called s1,s2,s3 = 128 896 196
Time in sec for current matmul = 19.08
Time in sec for current conv = 19.081
Starting fused batchNorm #81
Relu 81 called size=25088
Time in sec for current relu = 0.169
Conv2DCSF 81 called N=1, H=14, W=14, CI=128, FH=3, FW=3, CO=32, S=1
Matmul called s1,s2,s3 = 32 1152 196
Time in sec for current matmul = 6.834
Time in sec for current conv = 6.836
Starting fused batchNorm #82
Relu 82 called size=181888
Time in sec for current relu = 1.209
Conv2DCSF 82 called N=1, H=14, W=14, CI=928, FH=1, FW=1, CO=128, S=1
Matmul called s1,s2,s3 = 128 928 196
Time in sec for current matmul = 19.873
Time in sec for current conv = 19.875
Starting fused batchNorm #83
Relu 83 called size=25088
Time in sec for current relu = 0.174
Conv2DCSF 83 called N=1, H=14, W=14, CI=128, FH=3, FW=3, CO=32, S=1
Matmul called s1,s2,s3 = 32 1152 196
Time in sec for current matmul = 6.873
Time in sec for current conv = 6.875
Starting fused batchNorm #84
Relu 84 called size=188160
Time in sec for current relu = 1.25
Conv2DCSF 84 called N=1, H=14, W=14, CI=960, FH=1, FW=1, CO=128, S=1
Matmul called s1,s2,s3 = 128 960 196
Time in sec for current matmul = 20.633
Time in sec for current conv = 20.634
Starting fused batchNorm #85
Relu 85 called size=25088
Time in sec for current relu = 0.173
Conv2DCSF 85 called N=1, H=14, W=14, CI=128, FH=3, FW=3, CO=32, S=1
Matmul called s1,s2,s3 = 32 1152 196
Time in sec for current matmul = 6.906
Time in sec for current conv = 6.907
Starting fused batchNorm #86
Relu 86 called size=194432
Time in sec for current relu = 1.261
Conv2DCSF 86 called N=1, H=14, W=14, CI=992, FH=1, FW=1, CO=128, S=1
Matmul called s1,s2,s3 = 128 992 196
Time in sec for current matmul = 21.071
Time in sec for current conv = 21.072
Starting fused batchNorm #87
Relu 87 called size=25088
Time in sec for current relu = 0.17
Conv2DCSF 87 called N=1, H=14, W=14, CI=128, FH=3, FW=3, CO=32, S=1
Matmul called s1,s2,s3 = 32 1152 196
Time in sec for current matmul = 6.908
Time in sec for current conv = 6.909
Starting fused batchNorm #88
Relu 88 called size=200704
Time in sec for current relu = 1.341
Conv2DCSF 88 called N=1, H=14, W=14, CI=1024, FH=1, FW=1, CO=512, S=1
Matmul called s1,s2,s3 = 512 1024 196
Time in sec for current matmul = 80.145
Time in sec for current conv = 80.156
AvgPool 3 called N=1, H=7, W=7, C=512, ksizeH=2, ksizeW=2
Time in sec for current avgpool = 0.234
Starting fused batchNorm #89
Relu 89 called size=25088
Time in sec for current relu = 0.182
Conv2DCSF 89 called N=1, H=7, W=7, CI=512, FH=1, FW=1, CO=128, S=1
Matmul called s1,s2,s3 = 128 512 49
Time in sec for current matmul = 3.421
Time in sec for current conv = 3.422
Starting fused batchNorm #90
Relu 90 called size=6272
Time in sec for current relu = 0.055
Conv2DCSF 90 called N=1, H=7, W=7, CI=128, FH=3, FW=3, CO=32, S=1
Matmul called s1,s2,s3 = 32 1152 49
Time in sec for current matmul = 2.636
Time in sec for current conv = 2.636
Starting fused batchNorm #91
Relu 91 called size=26656
Time in sec for current relu = 0.189
Conv2DCSF 91 called N=1, H=7, W=7, CI=544, FH=1, FW=1, CO=128, S=1
Matmul called s1,s2,s3 = 128 544 49
Time in sec for current matmul = 3.607
Time in sec for current conv = 3.607
Starting fused batchNorm #92
Relu 92 called size=6272
Time in sec for current relu = 0.054
Conv2DCSF 92 called N=1, H=7, W=7, CI=128, FH=3, FW=3, CO=32, S=1
Matmul called s1,s2,s3 = 32 1152 49
Time in sec for current matmul = 2.642
Time in sec for current conv = 2.643
Starting fused batchNorm #93
Relu 93 called size=28224
Time in sec for current relu = 0.201
Conv2DCSF 93 called N=1, H=7, W=7, CI=576, FH=1, FW=1, CO=128, S=1
Matmul called s1,s2,s3 = 128 576 49
Time in sec for current matmul = 3.779
Time in sec for current conv = 3.78
Starting fused batchNorm #94
Relu 94 called size=6272
Time in sec for current relu = 0.05
Conv2DCSF 94 called N=1, H=7, W=7, CI=128, FH=3, FW=3, CO=32, S=1
Matmul called s1,s2,s3 = 32 1152 49
Time in sec for current matmul = 2.65
Time in sec for current conv = 2.651
Starting fused batchNorm #95
Relu 95 called size=29792
Time in sec for current relu = 0.215
Conv2DCSF 95 called N=1, H=7, W=7, CI=608, FH=1, FW=1, CO=128, S=1
Matmul called s1,s2,s3 = 128 608 49
Time in sec for current matmul = 3.936
Time in sec for current conv = 3.937
Starting fused batchNorm #96
Relu 96 called size=6272
Time in sec for current relu = 0.047
Conv2DCSF 96 called N=1, H=7, W=7, CI=128, FH=3, FW=3, CO=32, S=1
Matmul called s1,s2,s3 = 32 1152 49
Time in sec for current matmul = 2.681
Time in sec for current conv = 2.681
Starting fused batchNorm #97
Relu 97 called size=31360
Time in sec for current relu = 0.216
Conv2DCSF 97 called N=1, H=7, W=7, CI=640, FH=1, FW=1, CO=128, S=1
Matmul called s1,s2,s3 = 128 640 49
Time in sec for current matmul = 4.089
Time in sec for current conv = 4.089
Starting fused batchNorm #98
Relu 98 called size=6272
Time in sec for current relu = 0.051
Conv2DCSF 98 called N=1, H=7, W=7, CI=128, FH=3, FW=3, CO=32, S=1
Matmul called s1,s2,s3 = 32 1152 49
Time in sec for current matmul = 2.632
Time in sec for current conv = 2.633
Starting fused batchNorm #99
Relu 99 called size=32928
Time in sec for current relu = 0.229
Conv2DCSF 99 called N=1, H=7, W=7, CI=672, FH=1, FW=1, CO=128, S=1
Matmul called s1,s2,s3 = 128 672 49
Time in sec for current matmul = 4.268
Time in sec for current conv = 4.269
Starting fused batchNorm #100
Relu 100 called size=6272
Time in sec for current relu = 0.058
Conv2DCSF 100 called N=1, H=7, W=7, CI=128, FH=3, FW=3, CO=32, S=1
Matmul called s1,s2,s3 = 32 1152 49
Time in sec for current matmul = 2.587
Time in sec for current conv = 2.588
Starting fused batchNorm #101
Relu 101 called size=34496
Time in sec for current relu = 0.229
Conv2DCSF 101 called N=1, H=7, W=7, CI=704, FH=1, FW=1, CO=128, S=1
Matmul called s1,s2,s3 = 128 704 49
Time in sec for current matmul = 4.448
Time in sec for current conv = 4.449
Starting fused batchNorm #102
Relu 102 called size=6272
Time in sec for current relu = 0.055
Conv2DCSF 102 called N=1, H=7, W=7, CI=128, FH=3, FW=3, CO=32, S=1
Matmul called s1,s2,s3 = 32 1152 49
Time in sec for current matmul = 2.659
Time in sec for current conv = 2.66
Starting fused batchNorm #103
Relu 103 called size=36064
Time in sec for current relu = 0.251
Conv2DCSF 103 called N=1, H=7, W=7, CI=736, FH=1, FW=1, CO=128, S=1
Matmul called s1,s2,s3 = 128 736 49
Time in sec for current matmul = 4.633
Time in sec for current conv = 4.634
Starting fused batchNorm #104
Relu 104 called size=6272
Time in sec for current relu = 0.052
Conv2DCSF 104 called N=1, H=7, W=7, CI=128, FH=3, FW=3, CO=32, S=1
Matmul called s1,s2,s3 = 32 1152 49
Time in sec for current matmul = 2.665
Time in sec for current conv = 2.666
Starting fused batchNorm #105
Relu 105 called size=37632
Time in sec for current relu = 0.253
Conv2DCSF 105 called N=1, H=7, W=7, CI=768, FH=1, FW=1, CO=128, S=1
Matmul called s1,s2,s3 = 128 768 49
Time in sec for current matmul = 4.729
Time in sec for current conv = 4.73
Starting fused batchNorm #106
Relu 106 called size=6272
Time in sec for current relu = 0.051
Conv2DCSF 106 called N=1, H=7, W=7, CI=128, FH=3, FW=3, CO=32, S=1
Matmul called s1,s2,s3 = 32 1152 49
Time in sec for current matmul = 2.644
Time in sec for current conv = 2.645
Starting fused batchNorm #107
Relu 107 called size=39200
Time in sec for current relu = 0.264
Conv2DCSF 107 called N=1, H=7, W=7, CI=800, FH=1, FW=1, CO=128, S=1
Matmul called s1,s2,s3 = 128 800 49
Time in sec for current matmul = 4.893
Time in sec for current conv = 4.895
Starting fused batchNorm #108
Relu 108 called size=6272
Time in sec for current relu = 0.057
Conv2DCSF 108 called N=1, H=7, W=7, CI=128, FH=3, FW=3, CO=32, S=1
Matmul called s1,s2,s3 = 32 1152 49
Time in sec for current matmul = 2.74
Time in sec for current conv = 2.74
Starting fused batchNorm #109
Relu 109 called size=40768
Time in sec for current relu = 0.302
Conv2DCSF 109 called N=1, H=7, W=7, CI=832, FH=1, FW=1, CO=128, S=1
Matmul called s1,s2,s3 = 128 832 49
Time in sec for current matmul = 5.026
Time in sec for current conv = 5.027
Starting fused batchNorm #110
Relu 110 called size=6272
Time in sec for current relu = 0.05
Conv2DCSF 110 called N=1, H=7, W=7, CI=128, FH=3, FW=3, CO=32, S=1
Matmul called s1,s2,s3 = 32 1152 49
Time in sec for current matmul = 2.637
Time in sec for current conv = 2.638
Starting fused batchNorm #111
Relu 111 called size=42336
Time in sec for current relu = 0.297
Conv2DCSF 111 called N=1, H=7, W=7, CI=864, FH=1, FW=1, CO=128, S=1
Matmul called s1,s2,s3 = 128 864 49
Time in sec for current matmul = 5.222
Time in sec for current conv = 5.223
Starting fused batchNorm #112
Relu 112 called size=6272
Time in sec for current relu = 0.052
Conv2DCSF 112 called N=1, H=7, W=7, CI=128, FH=3, FW=3, CO=32, S=1
Matmul called s1,s2,s3 = 32 1152 49
Time in sec for current matmul = 2.673
Time in sec for current conv = 2.674
Starting fused batchNorm #113
Relu 113 called size=43904
Time in sec for current relu = 0.297
Conv2DCSF 113 called N=1, H=7, W=7, CI=896, FH=1, FW=1, CO=128, S=1
Matmul called s1,s2,s3 = 128 896 49
Time in sec for current matmul = 5.373
Time in sec for current conv = 5.374
Starting fused batchNorm #114
Relu 114 called size=6272
Time in sec for current relu = 0.054
Conv2DCSF 114 called N=1, H=7, W=7, CI=128, FH=3, FW=3, CO=32, S=1
Matmul called s1,s2,s3 = 32 1152 49
Time in sec for current matmul = 2.633
Time in sec for current conv = 2.633
Starting fused batchNorm #115
Relu 115 called size=45472
Time in sec for current relu = 0.307
Conv2DCSF 115 called N=1, H=7, W=7, CI=928, FH=1, FW=1, CO=128, S=1
Matmul called s1,s2,s3 = 128 928 49
Time in sec for current matmul = 5.524
Time in sec for current conv = 5.525
Starting fused batchNorm #116
Relu 116 called size=6272
Time in sec for current relu = 0.047
Conv2DCSF 116 called N=1, H=7, W=7, CI=128, FH=3, FW=3, CO=32, S=1
Matmul called s1,s2,s3 = 32 1152 49
Time in sec for current matmul = 2.579
Time in sec for current conv = 2.58
Starting fused batchNorm #117
Relu 117 called size=47040
Time in sec for current relu = 0.317
Conv2DCSF 117 called N=1, H=7, W=7, CI=960, FH=1, FW=1, CO=128, S=1
Matmul called s1,s2,s3 = 128 960 49
Time in sec for current matmul = 5.737
Time in sec for current conv = 5.739
Starting fused batchNorm #118
Relu 118 called size=6272
Time in sec for current relu = 0.051
Conv2DCSF 118 called N=1, H=7, W=7, CI=128, FH=3, FW=3, CO=32, S=1
Matmul called s1,s2,s3 = 32 1152 49
Time in sec for current matmul = 2.676
Time in sec for current conv = 2.677
Starting fused batchNorm #119
Relu 119 called size=48608
Time in sec for current relu = 0.33
Conv2DCSF 119 called N=1, H=7, W=7, CI=992, FH=1, FW=1, CO=128, S=1
Matmul called s1,s2,s3 = 128 992 49
Time in sec for current matmul = 5.807
Time in sec for current conv = 5.808
Starting fused batchNorm #120
Relu 120 called size=6272
Time in sec for current relu = 0.052
Conv2DCSF 120 called N=1, H=7, W=7, CI=128, FH=3, FW=3, CO=32, S=1
Matmul called s1,s2,s3 = 32 1152 49
Time in sec for current matmul = 2.629
Time in sec for current conv = 2.629
Starting fused batchNorm #121
Relu 121 called size=50176
Time in sec for current relu = 0.341
AvgPool 4 called N=1, H=1, W=1, C=1024, ksizeH=7, ksizeW=7
Time in sec for current avgpool = 0.036
Conv2DCSF 121 called N=1, H=1, W=1, CI=1024, FH=1, FW=1, CO=1000, S=1
Matmul called s1,s2,s3 = 1000 1024 1
Time in sec for current matmul = 1.346
Time in sec for current conv = 1.361
ArgMax 1 called, s1=1, s2=1000
Thread i = 0, total data sent till now = 87872278671
Thread i = 1, total data sent till now = 80968753733
Thread i = 2, total data sent till now = 83617844466
Thread i = 3, total data sent till now = 80882182725
------------------------------------------------------
------------------------------------------------------
------------------------------------------------------
Total time taken = 2720977 milliseconds.
Total data sent = 317898 MiB.
Number of rounds = 6711
Total comm (sent+received) = (see SERVER OUTPUT)
------------------------------------------------------
Total time in Conv = 2375.66 seconds.
Total time in MatMul = 2375.09 seconds.
Total time in BatchNorm = 118.148 seconds.
Total time in Truncation = 111.001 seconds.
Total time in Relu = 103.207 seconds.
Total time in MaxPool = 10.591 seconds.
Total time in AvgPool = 1.501 seconds.
Total time in ArgMax = 0.082 seconds.
Total time in MatAdd = 0 seconds.
Total time in MatAddBroadCast = 0 seconds.
Total time in MulCir = 0 seconds.
Total time in ScalarMul = 0 seconds.
Total time in Sigmoid = 0 seconds.
Total time in Tanh = 0 seconds.
Total time in Sqrt = 0 seconds.
Total time in NormaliseL2 = 0 seconds.
------------------------------------------------------
Conv data sent = 147355 MiB.
MatMul data sent = 147355 MiB.
BatchNorm data sent = 5866.32 MiB.
Truncation data sent = 5766.87 MiB.
Relu data sent = 4722.83 MiB.
Maxpool data sent = 502.59 MiB.
Avgpool data sent = 71.9902 MiB.
ArgMax data sent = 0.652344 MiB.
MatAdd data sent = 0 MiB.
MatAddBroadCast data sent = 0 MiB.
MulCir data sent = 0 MiB.
Sigmoid data sent = 0 MiB.
Tanh data sent = 0 MiB.
Sqrt data sent = 0 MiB.
NormaliseL2 data sent = 0 MiB.
------------------------------------------------------
248
