Computation started. CPU and wall clocks initialized.
Number of CPU cores: 10
bitlength: 41
prime_mod: 2199023255552
Using Eigen for Matmul
connected
connected
connected
connected
After base ots, communication = 316594 bytes
Thread i = 0, total data sent till now = 316594
Thread i = 1, total data sent till now = 163141
Thread i = 2, total data sent till now = 294765
Thread i = 3, total data sent till now = 163141
-----------Syncronizing-----------
-----------Syncronized - now starting execution-----------
Conv2DCSF 1 called N=1, H=227, W=227, CI=3, FH=3, FW=3, CO=64, S=2
Matmul called s1,s2,s3 = 64 27 12769
Time in sec for current matmul = 8.468
Time in sec for current conv = 8.482
Maxpool 1 called N=1, H=56, W=56, C=64, ksizeH=3, ksizeW=3
Time in sec for current maxpool = 6.196
Relu 1 called size=200704
Time in sec for current relu = 0.816
Conv2DCSF 2 called N=1, H=56, W=56, CI=64, FH=1, FW=1, CO=16, S=1
Matmul called s1,s2,s3 = 16 64 3136
Time in sec for current matmul = 1.625
Time in sec for current conv = 1.626
Relu 2 called size=50176
Time in sec for current relu = 0.197
Conv2DCSF 3 called N=1, H=56, W=56, CI=16, FH=1, FW=1, CO=64, S=1
Matmul called s1,s2,s3 = 64 16 3136
Time in sec for current matmul = 1.582
Time in sec for current conv = 1.583
Relu 3 called size=200704
Time in sec for current relu = 0.826
Conv2DCSF 4 called N=1, H=56, W=56, CI=16, FH=3, FW=3, CO=64, S=1
Matmul called s1,s2,s3 = 64 144 3136
Time in sec for current matmul = 11.002
Time in sec for current conv = 11.005
Relu 4 called size=200704
Time in sec for current relu = 0.817
Conv2DCSF 5 called N=1, H=56, W=56, CI=128, FH=1, FW=1, CO=16, S=1
Matmul called s1,s2,s3 = 16 128 3136
Time in sec for current matmul = 2.743
Time in sec for current conv = 2.745
Relu 5 called size=50176
Time in sec for current relu = 0.249
Conv2DCSF 6 called N=1, H=56, W=56, CI=16, FH=1, FW=1, CO=64, S=1
Matmul called s1,s2,s3 = 64 16 3136
Time in sec for current matmul = 1.589
Time in sec for current conv = 1.591
Relu 6 called size=200704
Time in sec for current relu = 0.796
Conv2DCSF 7 called N=1, H=56, W=56, CI=16, FH=3, FW=3, CO=64, S=1
Matmul called s1,s2,s3 = 64 144 3136
Time in sec for current matmul = 11.006
Time in sec for current conv = 11.01
Relu 7 called size=200704
Time in sec for current relu = 0.768
Maxpool 2 called N=1, H=27, W=27, C=128, ksizeH=3, ksizeW=3
Time in sec for current maxpool = 2.728
Conv2DCSF 8 called N=1, H=27, W=27, CI=128, FH=1, FW=1, CO=32, S=1
Matmul called s1,s2,s3 = 32 128 729
Time in sec for current matmul = 1.57
Time in sec for current conv = 1.571
Relu 8 called size=23328
Time in sec for current relu = 0.095
Conv2DCSF 9 called N=1, H=27, W=27, CI=32, FH=1, FW=1, CO=128, S=1
Matmul called s1,s2,s3 = 128 32 729
Time in sec for current matmul = 1.559
Time in sec for current conv = 1.559
Relu 9 called size=93312
Time in sec for current relu = 0.367
Conv2DCSF 10 called N=1, H=27, W=27, CI=32, FH=3, FW=3, CO=128, S=1
Matmul called s1,s2,s3 = 128 288 729
Time in sec for current matmul = 10.308
Time in sec for current conv = 10.31
Relu 10 called size=93312
Time in sec for current relu = 0.397
Conv2DCSF 11 called N=1, H=27, W=27, CI=256, FH=1, FW=1, CO=32, S=1
Matmul called s1,s2,s3 = 32 256 729
Time in sec for current matmul = 2.636
Time in sec for current conv = 2.636
Relu 11 called size=23328
Time in sec for current relu = 0.113
Conv2DCSF 12 called N=1, H=27, W=27, CI=32, FH=1, FW=1, CO=128, S=1
Matmul called s1,s2,s3 = 128 32 729
Time in sec for current matmul = 1.523
Time in sec for current conv = 1.524
Relu 12 called size=93312
Time in sec for current relu = 0.359
Conv2DCSF 13 called N=1, H=27, W=27, CI=32, FH=3, FW=3, CO=128, S=1
Matmul called s1,s2,s3 = 128 288 729
Time in sec for current matmul = 10.119
Time in sec for current conv = 10.12
Relu 13 called size=93312
Time in sec for current relu = 0.372
Maxpool 3 called N=1, H=13, W=13, C=256, ksizeH=3, ksizeW=3
Time in sec for current maxpool = 1.313
Conv2DCSF 14 called N=1, H=13, W=13, CI=256, FH=1, FW=1, CO=48, S=1
Matmul called s1,s2,s3 = 48 256 169
Time in sec for current matmul = 1.253
Time in sec for current conv = 1.253
Relu 14 called size=8112
Time in sec for current relu = 0.045
Conv2DCSF 15 called N=1, H=13, W=13, CI=48, FH=1, FW=1, CO=192, S=1
Matmul called s1,s2,s3 = 192 48 169
Time in sec for current matmul = 0.965
Time in sec for current conv = 0.966
Relu 15 called size=32448
Time in sec for current relu = 0.16
Conv2DCSF 16 called N=1, H=13, W=13, CI=48, FH=3, FW=3, CO=192, S=1
Matmul called s1,s2,s3 = 192 432 169
Time in sec for current matmul = 5.373
Time in sec for current conv = 5.374
Relu 16 called size=32448
Time in sec for current relu = 0.162
Conv2DCSF 17 called N=1, H=13, W=13, CI=384, FH=1, FW=1, CO=48, S=1
Matmul called s1,s2,s3 = 48 384 169
Time in sec for current matmul = 1.619
Time in sec for current conv = 1.62
Relu 17 called size=8112
Time in sec for current relu = 0.062
Conv2DCSF 18 called N=1, H=13, W=13, CI=48, FH=1, FW=1, CO=192, S=1
Matmul called s1,s2,s3 = 192 48 169
Time in sec for current matmul = 1.004
Time in sec for current conv = 1.005
Relu 18 called size=32448
Time in sec for current relu = 0.117
Conv2DCSF 19 called N=1, H=13, W=13, CI=48, FH=3, FW=3, CO=192, S=1
Matmul called s1,s2,s3 = 192 432 169
Time in sec for current matmul = 5.493
Time in sec for current conv = 5.494
Relu 19 called size=32448
Time in sec for current relu = 0.149
Conv2DCSF 20 called N=1, H=13, W=13, CI=384, FH=1, FW=1, CO=64, S=1
Matmul called s1,s2,s3 = 64 384 169
Time in sec for current matmul = 2.045
Time in sec for current conv = 2.045
Relu 20 called size=10816
Time in sec for current relu = 0.072
Conv2DCSF 21 called N=1, H=13, W=13, CI=64, FH=1, FW=1, CO=256, S=1
Matmul called s1,s2,s3 = 256 64 169
Time in sec for current matmul = 1.492
Time in sec for current conv = 1.492
Relu 21 called size=43264
Time in sec for current relu = 0.155
Conv2DCSF 22 called N=1, H=13, W=13, CI=64, FH=3, FW=3, CO=256, S=1
Matmul called s1,s2,s3 = 256 576 169
Time in sec for current matmul = 9.222
Time in sec for current conv = 9.225
Relu 22 called size=43264
Time in sec for current relu = 0.226
Conv2DCSF 23 called N=1, H=13, W=13, CI=512, FH=1, FW=1, CO=64, S=1
Matmul called s1,s2,s3 = 64 512 169
Time in sec for current matmul = 2.642
Time in sec for current conv = 2.643
Relu 23 called size=10816
Time in sec for current relu = 0.049
Conv2DCSF 24 called N=1, H=13, W=13, CI=64, FH=1, FW=1, CO=256, S=1
Matmul called s1,s2,s3 = 256 64 169
Time in sec for current matmul = 1.472
Time in sec for current conv = 1.472
Relu 24 called size=43264
Time in sec for current relu = 0.19
Conv2DCSF 25 called N=1, H=13, W=13, CI=64, FH=3, FW=3, CO=256, S=1
Matmul called s1,s2,s3 = 256 576 169
Time in sec for current matmul = 9.147
Time in sec for current conv = 9.149
Relu 25 called size=43264
Time in sec for current relu = 0.205
Conv2DCSF 26 called N=1, H=13, W=13, CI=512, FH=1, FW=1, CO=1000, S=1
Matmul called s1,s2,s3 = 1000 512 169
Time in sec for current matmul = 30.392
Time in sec for current conv = 30.397
Relu 26 called size=169000
Time in sec for current relu = 0.664
AvgPool 1 called N=1, H=1, W=1, C=1000, ksizeH=13, ksizeW=13
Time in sec for current avgpool = 0.023
ArgMax 1 called, s1=1, s2=1000
Elapsed wall time: 160.618 seconds
Elapsed CPU time: 651.21 seconds
CPU usage: 40.5441 %
Elapsed time: 160.681 seconds
Estimated energy used: 130294 joules
Thread i = 0, total data sent till now = 10454833763
Thread i = 1, total data sent till now = 9782710225
Thread i = 2, total data sent till now = 10454104262
Thread i = 3, total data sent till now = 9694674257
------------------------------------------------------
------------------------------------------------------
------------------------------------------------------
Total time taken = 159212 milliseconds.
Total data sent = 38514.5 MiB.
Number of rounds = 967
Average CPU usage across all segments: 33.7478 %
Peak CPU usage during computation: 44.7697 %
Total comm (sent+received) = (see SERVER OUTPUT)
------------------------------------------------------
Total time in Conv = 137.897 seconds.
Total time in MatMul = 137.849 seconds.
Total time in BatchNorm = 0 seconds.
Total time in Truncation = 2.485 seconds.
Total time in Relu = 8.428 seconds.
Total time in MaxPool = 10.237 seconds.
Total time in AvgPool = 0.023 seconds.
Total time in ArgMax = 0.068 seconds.
Total time in MatAdd = 0 seconds.
Total time in MatAddBroadCast = 0 seconds.
Total time in MulCir = 0 seconds.
Total time in ScalarMul = 0 seconds.
Total time in Sigmoid = 0 seconds.
Total time in Tanh = 0 seconds.
Total time in Sqrt = 0 seconds.
Total time in NormaliseL2 = 0 seconds.
------------------------------------------------------
Conv data sent = 18300.7 MiB.
MatMul data sent = 18300.7 MiB.
BatchNorm data sent = 0 MiB.
Truncation data sent = 249.976 MiB.
Relu data sent = 648.286 MiB.
Maxpool data sent = 851.869 MiB.
Avgpool data sent = 0.976814 MiB.
ArgMax data sent = 0.652344 MiB.
MatAdd data sent = 0 MiB.
MatAddBroadCast data sent = 0 MiB.
MulCir data sent = 0 MiB.
Sigmoid data sent = 0 MiB.
Tanh data sent = 0 MiB.
Sqrt data sent = 0 MiB.
NormaliseL2 data sent = 0 MiB.
------------------------------------------------------
248
