Computation started. CPU and wall clocks initialized.
Number of CPU cores: 8
bitlength: 41
prime_mod: 2199023255552
Using Eigen for Matmul
connected
connected
connected
connected
After base ots, communication = 184970 bytes
Thread i = 0, total data sent till now = 184970
Thread i = 1, total data sent till now = 294765
Thread i = 2, total data sent till now = 163141
Thread i = 3, total data sent till now = 294765
-----------Syncronizing-----------
-----------Syncronized - now starting execution-----------
Conv2DCSF 1 called N=1, H=227, W=227, CI=3, FH=3, FW=3, CO=64, S=2
Matmul called s1,s2,s3 = 64 27 12769
Time in sec for current matmul = 10.053
Time in sec for current conv = 10.069
Maxpool 1 called N=1, H=56, W=56, C=64, ksizeH=3, ksizeW=3
Time in sec for current maxpool = 6.37
Relu 1 called size=200704
Time in sec for current relu = 0.788
Conv2DCSF 2 called N=1, H=56, W=56, CI=64, FH=1, FW=1, CO=16, S=1
Matmul called s1,s2,s3 = 16 64 3136
Time in sec for current matmul = 1.868
Time in sec for current conv = 1.869
Relu 2 called size=50176
Time in sec for current relu = 0.218
Conv2DCSF 3 called N=1, H=56, W=56, CI=16, FH=1, FW=1, CO=64, S=1
Matmul called s1,s2,s3 = 64 16 3136
Time in sec for current matmul = 1.83
Time in sec for current conv = 1.831
Relu 3 called size=200704
Time in sec for current relu = 0.809
Conv2DCSF 4 called N=1, H=56, W=56, CI=16, FH=3, FW=3, CO=64, S=1
Matmul called s1,s2,s3 = 64 144 3136
Time in sec for current matmul = 12.975
Time in sec for current conv = 12.979
Relu 4 called size=200704
Time in sec for current relu = 0.801
Conv2DCSF 5 called N=1, H=56, W=56, CI=128, FH=1, FW=1, CO=16, S=1
Matmul called s1,s2,s3 = 16 128 3136
Time in sec for current matmul = 3.28
Time in sec for current conv = 3.282
Relu 5 called size=50176
Time in sec for current relu = 0.207
Conv2DCSF 6 called N=1, H=56, W=56, CI=16, FH=1, FW=1, CO=64, S=1
Matmul called s1,s2,s3 = 64 16 3136
Time in sec for current matmul = 1.858
Time in sec for current conv = 1.86
Relu 6 called size=200704
Time in sec for current relu = 0.802
Conv2DCSF 7 called N=1, H=56, W=56, CI=16, FH=3, FW=3, CO=64, S=1
Matmul called s1,s2,s3 = 64 144 3136
Time in sec for current matmul = 12.97
Time in sec for current conv = 12.974
Relu 7 called size=200704
Time in sec for current relu = 0.783
Maxpool 2 called N=1, H=27, W=27, C=128, ksizeH=3, ksizeW=3
Time in sec for current maxpool = 2.874
Conv2DCSF 8 called N=1, H=27, W=27, CI=128, FH=1, FW=1, CO=32, S=1
Matmul called s1,s2,s3 = 32 128 729
Time in sec for current matmul = 1.775
Time in sec for current conv = 1.776
Relu 8 called size=23328
Time in sec for current relu = 0.112
Conv2DCSF 9 called N=1, H=27, W=27, CI=32, FH=1, FW=1, CO=128, S=1
Matmul called s1,s2,s3 = 128 32 729
Time in sec for current matmul = 1.798
Time in sec for current conv = 1.799
Relu 9 called size=93312
Time in sec for current relu = 0.346
Conv2DCSF 10 called N=1, H=27, W=27, CI=32, FH=3, FW=3, CO=128, S=1
Matmul called s1,s2,s3 = 128 288 729
Time in sec for current matmul = 12.157
Time in sec for current conv = 12.159
Relu 10 called size=93312
Time in sec for current relu = 0.372
Conv2DCSF 11 called N=1, H=27, W=27, CI=256, FH=1, FW=1, CO=32, S=1
Matmul called s1,s2,s3 = 32 256 729
Time in sec for current matmul = 3.08
Time in sec for current conv = 3.081
Relu 11 called size=23328
Time in sec for current relu = 0.114
Conv2DCSF 12 called N=1, H=27, W=27, CI=32, FH=1, FW=1, CO=128, S=1
Matmul called s1,s2,s3 = 128 32 729
Time in sec for current matmul = 1.774
Time in sec for current conv = 1.775
Relu 12 called size=93312
Time in sec for current relu = 0.352
Conv2DCSF 13 called N=1, H=27, W=27, CI=32, FH=3, FW=3, CO=128, S=1
Matmul called s1,s2,s3 = 128 288 729
Time in sec for current matmul = 12.19
Time in sec for current conv = 12.191
Relu 13 called size=93312
Time in sec for current relu = 0.345
Maxpool 3 called N=1, H=13, W=13, C=256, ksizeH=3, ksizeW=3
Time in sec for current maxpool = 1.433
Conv2DCSF 14 called N=1, H=13, W=13, CI=256, FH=1, FW=1, CO=48, S=1
Matmul called s1,s2,s3 = 48 256 169
Time in sec for current matmul = 1.429
Time in sec for current conv = 1.429
Relu 14 called size=8112
Time in sec for current relu = 0.043
Conv2DCSF 15 called N=1, H=13, W=13, CI=48, FH=1, FW=1, CO=192, S=1
Matmul called s1,s2,s3 = 192 48 169
Time in sec for current matmul = 1.148
Time in sec for current conv = 1.148
Relu 15 called size=32448
Time in sec for current relu = 0.155
Conv2DCSF 16 called N=1, H=13, W=13, CI=48, FH=3, FW=3, CO=192, S=1
Matmul called s1,s2,s3 = 192 432 169
Time in sec for current matmul = 6.417
Time in sec for current conv = 6.418
Relu 16 called size=32448
Time in sec for current relu = 0.164
Conv2DCSF 17 called N=1, H=13, W=13, CI=384, FH=1, FW=1, CO=48, S=1
Matmul called s1,s2,s3 = 48 384 169
Time in sec for current matmul = 1.884
Time in sec for current conv = 1.884
Relu 17 called size=8112
Time in sec for current relu = 0.047
Conv2DCSF 18 called N=1, H=13, W=13, CI=48, FH=1, FW=1, CO=192, S=1
Matmul called s1,s2,s3 = 192 48 169
Time in sec for current matmul = 1.145
Time in sec for current conv = 1.145
Relu 18 called size=32448
Time in sec for current relu = 0.163
Conv2DCSF 19 called N=1, H=13, W=13, CI=48, FH=3, FW=3, CO=192, S=1
Matmul called s1,s2,s3 = 192 432 169
Time in sec for current matmul = 6.411
Time in sec for current conv = 6.412
Relu 19 called size=32448
Time in sec for current relu = 0.159
Conv2DCSF 20 called N=1, H=13, W=13, CI=384, FH=1, FW=1, CO=64, S=1
Matmul called s1,s2,s3 = 64 384 169
Time in sec for current matmul = 2.336
Time in sec for current conv = 2.337
Relu 20 called size=10816
Time in sec for current relu = 0.061
Conv2DCSF 21 called N=1, H=13, W=13, CI=64, FH=1, FW=1, CO=256, S=1
Matmul called s1,s2,s3 = 256 64 169
Time in sec for current matmul = 1.684
Time in sec for current conv = 1.684
Relu 21 called size=43264
Time in sec for current relu = 0.17
Conv2DCSF 22 called N=1, H=13, W=13, CI=64, FH=3, FW=3, CO=256, S=1
Matmul called s1,s2,s3 = 256 576 169
Time in sec for current matmul = 11.067
Time in sec for current conv = 11.07
Relu 22 called size=43264
Time in sec for current relu = 0.194
Conv2DCSF 23 called N=1, H=13, W=13, CI=512, FH=1, FW=1, CO=64, S=1
Matmul called s1,s2,s3 = 64 512 169
Time in sec for current matmul = 3.001
Time in sec for current conv = 3.002
Relu 23 called size=10816
Time in sec for current relu = 0.062
Conv2DCSF 24 called N=1, H=13, W=13, CI=64, FH=1, FW=1, CO=256, S=1
Matmul called s1,s2,s3 = 256 64 169
Time in sec for current matmul = 1.659
Time in sec for current conv = 1.66
Relu 24 called size=43264
Time in sec for current relu = 0.173
Conv2DCSF 25 called N=1, H=13, W=13, CI=64, FH=3, FW=3, CO=256, S=1
Matmul called s1,s2,s3 = 256 576 169
Time in sec for current matmul = 11.02
Time in sec for current conv = 11.021
Relu 25 called size=43264
Time in sec for current relu = 0.197
Conv2DCSF 26 called N=1, H=13, W=13, CI=512, FH=1, FW=1, CO=1000, S=1
Matmul called s1,s2,s3 = 1000 512 169
Time in sec for current matmul = 36.567
Time in sec for current conv = 36.569
Relu 26 called size=169000
Time in sec for current relu = 0.667
AvgPool 1 called N=1, H=1, W=1, C=1000, ksizeH=13, ksizeW=13
Time in sec for current avgpool = 0.022
ArgMax 1 called, s1=1, s2=1000
Elapsed wall time: 186.351 seconds
Elapsed CPU time: 688.54 seconds
CPU usage: 46.1856 %
Elapsed time: 186.626 seconds
Estimated energy used: 172389 joules
Thread i = 0, total data sent till now = 9782875091
Thread i = 1, total data sent till now = 10454104262
Thread i = 2, total data sent till now = 9782710225
Thread i = 3, total data sent till now = 10366068294
------------------------------------------------------
------------------------------------------------------
------------------------------------------------------
Total time taken = 185161 milliseconds.
Total data sent = 38514 MiB.
Number of rounds = 967
Average CPU usage across all segments: 39.5483 %
Peak CPU usage during computation: 48.6338 %
Total comm (sent+received) = 77028.5 MiB.
------------------------------------------------------
Total time in Conv = 163.424 seconds.
Total time in MatMul = 163.376 seconds.
Total time in BatchNorm = 0 seconds.
Total time in Truncation = 2.602 seconds.
Total time in Relu = 8.304 seconds.
Total time in MaxPool = 10.677 seconds.
Total time in AvgPool = 0.022 seconds.
Total time in ArgMax = 0.064 seconds.
Total time in MatAdd = 0 seconds.
Total time in MatAddBroadCast = 0 seconds.
Total time in MulCir = 0 seconds.
Total time in ScalarMul = 0 seconds.
Total time in Sigmoid = 0 seconds.
Total time in Tanh = 0 seconds.
Total time in Sqrt = 0 seconds.
Total time in NormaliseL2 = 0 seconds.
------------------------------------------------------
Conv data sent = 18384.5 MiB.
MatMul data sent = 18384.5 MiB.
BatchNorm data sent = 0 MiB.
Truncation data sent = 249.98 MiB.
Relu data sent = 648.286 MiB.
Maxpool data sent = 851.869 MiB.
Avgpool data sent = 0.976814 MiB.
ArgMax data sent = 0.101864 MiB.
MatAdd data sent = 0 MiB.
MatAddBroadCast data sent = 0 MiB.
MulCir data sent = 0 MiB.
Sigmoid data sent = 0 MiB.
Tanh data sent = 0 MiB.
Sqrt data sent = 0 MiB.
NormaliseL2 data sent = 0 MiB.
------------------------------------------------------
Conv data (sent+received) = 36685.2 MiB.
Conv data received = 18300.7 MiB.
MatMul data (sent+received) = 36685.2 MiB.
MatMul data received = 18300.7 MiB.
BatchNorm data (sent+received) = 0 MiB.
BatchNorm data received = 0 MiB.
Truncation data (sent+received) = 499.956 MiB.
Truncation data received = 249.976 MiB.
Relu data (sent+received) = 1296.57 MiB.
Relu data received = 648.286 MiB.
Maxpool data (sent+received) = 1703.74 MiB.
Maxpool data received = 851.869 MiB.
Avgpool data (sent+received) = 1.95363 MiB.
Avgpool data received = 0.976814 MiB.
ArgMax data (sent+received) = 0.754208 MiB.
ArgMax data received = 0.652344 MiB.
MatAdd data (sent+received) = 0 MiB.
MatAdd data received = 0 MiB.
MatAddBroadCast data (sent+received) = 0 MiB.
MulCir data (sent+received) = 0 MiB.
ScalarMul data (sent+received) = 0 MiB.
Sigmoid data (sent+received) = 0 MiB.
Tanh data (sent+received) = 0 MiB.
Sqrt data (sent+received) = 0 MiB.
NormaliseL2 data (sent+received) = 0 MiB.
0
