Number of CPU cores: 4
Test start computation
test start computation
bitlength: 41
prime_mod: 2199023255552
Using Eigen for Matmul
connected
connected
connected
connected
After base ots, communication = 316594 bytes
Thread i = 0, total data sent till now = 316594
Thread i = 1, total data sent till now = 163141
Thread i = 2, total data sent till now = 294765
Thread i = 3, total data sent till now = 163141
-----------Syncronizing-----------
-----------Syncronized - now starting execution-----------
Conv2DCSF 1 called N=1, H=227, W=227, CI=3, FH=3, FW=3, CO=64, S=2
Matmul called s1,s2,s3 = 64 27 12769
Time in sec for current matmul = 19.604
Time in sec for current conv = 19.627
Maxpool 1 called N=1, H=56, W=56, C=64, ksizeH=3, ksizeW=3
Time in sec for current maxpool = 10.579
Relu 1 called size=200704
Time in sec for current relu = 1.437
Conv2DCSF 2 called N=1, H=56, W=56, CI=64, FH=1, FW=1, CO=16, S=1
Matmul called s1,s2,s3 = 16 64 3136
Time in sec for current matmul = 3.698
Time in sec for current conv = 3.699
Relu 2 called size=50176
Time in sec for current relu = 0.375
Conv2DCSF 3 called N=1, H=56, W=56, CI=16, FH=1, FW=1, CO=64, S=1
Matmul called s1,s2,s3 = 64 16 3136
Time in sec for current matmul = 3.685
Time in sec for current conv = 3.687
Relu 3 called size=200704
Time in sec for current relu = 1.464
Conv2DCSF 4 called N=1, H=56, W=56, CI=16, FH=3, FW=3, CO=64, S=1
Matmul called s1,s2,s3 = 64 144 3136
Time in sec for current matmul = 25.798
Time in sec for current conv = 25.801
Relu 4 called size=200704
Time in sec for current relu = 1.373
Conv2DCSF 5 called N=1, H=56, W=56, CI=128, FH=1, FW=1, CO=16, S=1
Matmul called s1,s2,s3 = 16 128 3136
Time in sec for current matmul = 6.542
Time in sec for current conv = 6.544
Relu 5 called size=50176
Time in sec for current relu = 0.327
Conv2DCSF 6 called N=1, H=56, W=56, CI=16, FH=1, FW=1, CO=64, S=1
Matmul called s1,s2,s3 = 64 16 3136
Time in sec for current matmul = 3.709
Time in sec for current conv = 3.711
Relu 6 called size=200704
Time in sec for current relu = 1.44
Conv2DCSF 7 called N=1, H=56, W=56, CI=16, FH=3, FW=3, CO=64, S=1
Matmul called s1,s2,s3 = 64 144 3136
Time in sec for current matmul = 26.112
Time in sec for current conv = 26.116
Relu 7 called size=200704
Time in sec for current relu = 1.463
Maxpool 2 called N=1, H=27, W=27, C=128, ksizeH=3, ksizeW=3
Time in sec for current maxpool = 4.866
Conv2DCSF 8 called N=1, H=27, W=27, CI=128, FH=1, FW=1, CO=32, S=1
Matmul called s1,s2,s3 = 32 128 729
Time in sec for current matmul = 3.622
Time in sec for current conv = 3.623
Relu 8 called size=23328
Time in sec for current relu = 0.161
Conv2DCSF 9 called N=1, H=27, W=27, CI=32, FH=1, FW=1, CO=128, S=1
Matmul called s1,s2,s3 = 128 32 729
Time in sec for current matmul = 3.564
Time in sec for current conv = 3.564
Relu 9 called size=93312
Time in sec for current relu = 0.672
Conv2DCSF 10 called N=1, H=27, W=27, CI=32, FH=3, FW=3, CO=128, S=1
Matmul called s1,s2,s3 = 128 288 729
Time in sec for current matmul = 24.475
Time in sec for current conv = 24.477
Relu 10 called size=93312
Time in sec for current relu = 0.68
Conv2DCSF 11 called N=1, H=27, W=27, CI=256, FH=1, FW=1, CO=32, S=1
Matmul called s1,s2,s3 = 32 256 729
Time in sec for current matmul = 6.222
Time in sec for current conv = 6.224
Relu 11 called size=23328
Time in sec for current relu = 0.191
Conv2DCSF 12 called N=1, H=27, W=27, CI=32, FH=1, FW=1, CO=128, S=1
Matmul called s1,s2,s3 = 128 32 729
Time in sec for current matmul = 3.611
Time in sec for current conv = 3.612
Relu 12 called size=93312
Time in sec for current relu = 0.631
Conv2DCSF 13 called N=1, H=27, W=27, CI=32, FH=3, FW=3, CO=128, S=1
Matmul called s1,s2,s3 = 128 288 729
Time in sec for current matmul = 24.257
Time in sec for current conv = 24.259
Relu 13 called size=93312
Time in sec for current relu = 0.687
Maxpool 3 called N=1, H=13, W=13, C=256, ksizeH=3, ksizeW=3
Time in sec for current maxpool = 2.247
Conv2DCSF 14 called N=1, H=13, W=13, CI=256, FH=1, FW=1, CO=48, S=1
Matmul called s1,s2,s3 = 48 256 169
Time in sec for current matmul = 2.941
Time in sec for current conv = 2.941
Relu 14 called size=8112
Time in sec for current relu = 0.074
Conv2DCSF 15 called N=1, H=13, W=13, CI=48, FH=1, FW=1, CO=192, S=1
Matmul called s1,s2,s3 = 192 48 169
Time in sec for current matmul = 2.261
Time in sec for current conv = 2.262
Relu 15 called size=32448
Time in sec for current relu = 0.247
Conv2DCSF 16 called N=1, H=13, W=13, CI=48, FH=3, FW=3, CO=192, S=1
Matmul called s1,s2,s3 = 192 432 169
Time in sec for current matmul = 12.775
Time in sec for current conv = 12.776
Relu 16 called size=32448
Time in sec for current relu = 0.263
Conv2DCSF 17 called N=1, H=13, W=13, CI=384, FH=1, FW=1, CO=48, S=1
Matmul called s1,s2,s3 = 48 384 169
Time in sec for current matmul = 3.846
Time in sec for current conv = 3.846
Relu 17 called size=8112
Time in sec for current relu = 0.078
Conv2DCSF 18 called N=1, H=13, W=13, CI=48, FH=1, FW=1, CO=192, S=1
Matmul called s1,s2,s3 = 192 48 169
Time in sec for current matmul = 2.273
Time in sec for current conv = 2.273
Relu 18 called size=32448
Time in sec for current relu = 0.251
Conv2DCSF 19 called N=1, H=13, W=13, CI=48, FH=3, FW=3, CO=192, S=1
Matmul called s1,s2,s3 = 192 432 169
Time in sec for current matmul = 12.952
Time in sec for current conv = 12.953
Relu 19 called size=32448
Time in sec for current relu = 0.245
Conv2DCSF 20 called N=1, H=13, W=13, CI=384, FH=1, FW=1, CO=64, S=1
Matmul called s1,s2,s3 = 64 384 169
Time in sec for current matmul = 4.837
Time in sec for current conv = 4.838
Relu 20 called size=10816
Time in sec for current relu = 0.119
Conv2DCSF 21 called N=1, H=13, W=13, CI=64, FH=1, FW=1, CO=256, S=1
Matmul called s1,s2,s3 = 256 64 169
Time in sec for current matmul = 3.41
Time in sec for current conv = 3.411
Relu 21 called size=43264
Time in sec for current relu = 0.302
Conv2DCSF 22 called N=1, H=13, W=13, CI=64, FH=3, FW=3, CO=256, S=1
Matmul called s1,s2,s3 = 256 576 169
Time in sec for current matmul = 22.033
Time in sec for current conv = 22.035
Relu 22 called size=43264
Time in sec for current relu = 0.317
Conv2DCSF 23 called N=1, H=13, W=13, CI=512, FH=1, FW=1, CO=64, S=1
Matmul called s1,s2,s3 = 64 512 169
Time in sec for current matmul = 6.112
Time in sec for current conv = 6.113
Relu 23 called size=10816
Time in sec for current relu = 0.089
Conv2DCSF 24 called N=1, H=13, W=13, CI=64, FH=1, FW=1, CO=256, S=1
Matmul called s1,s2,s3 = 256 64 169
Time in sec for current matmul = 3.358
Time in sec for current conv = 3.358
Relu 24 called size=43264
Time in sec for current relu = 0.323
Conv2DCSF 25 called N=1, H=13, W=13, CI=64, FH=3, FW=3, CO=256, S=1
Matmul called s1,s2,s3 = 256 576 169
Time in sec for current matmul = 22.156
Time in sec for current conv = 22.158
Relu 25 called size=43264
Time in sec for current relu = 0.326
Conv2DCSF 26 called N=1, H=13, W=13, CI=512, FH=1, FW=1, CO=1000, S=1
Matmul called s1,s2,s3 = 1000 512 169
Time in sec for current matmul = 73.183
Time in sec for current conv = 73.187
Relu 26 called size=169000
Time in sec for current relu = 1.208
AvgPool 1 called N=1, H=1, W=1, C=1000, ksizeH=13, ksizeW=13
Time in sec for current avgpool = 0.04
ArgMax 1 called, s1=1, s2=1000
Elapsed wall time: 365.428 seconds
Elapsed CPU time: 726 seconds
CPU usage: 49.6677 %
Test end computation
Elapsed time: 365.49 seconds
Estimated energy used: 363061 joules
test end computation
Thread i = 0, total data sent till now = 10454833763
Thread i = 1, total data sent till now = 9782710225
Thread i = 2, total data sent till now = 10454104262
Thread i = 3, total data sent till now = 9694674257
------------------------------------------------------
------------------------------------------------------
------------------------------------------------------
Total time taken = 363965 milliseconds.
Total data sent = 38514.5 MiB.
Number of rounds = 967
Total comm (sent+received) = (see SERVER OUTPUT)
------------------------------------------------------
Total time in Conv = 327.095 seconds.
Total time in MatMul = 327.036 seconds.
Total time in BatchNorm = 0 seconds.
Total time in Truncation = 4.237 seconds.
Total time in Relu = 14.743 seconds.
Total time in MaxPool = 17.692 seconds.
Total time in AvgPool = 0.04 seconds.
Total time in ArgMax = 0.086 seconds.
Total time in MatAdd = 0 seconds.
Total time in MatAddBroadCast = 0 seconds.
Total time in MulCir = 0 seconds.
Total time in ScalarMul = 0 seconds.
Total time in Sigmoid = 0 seconds.
Total time in Tanh = 0 seconds.
Total time in Sqrt = 0 seconds.
Total time in NormaliseL2 = 0 seconds.
------------------------------------------------------
Conv data sent = 18300.7 MiB.
MatMul data sent = 18300.7 MiB.
BatchNorm data sent = 0 MiB.
Truncation data sent = 249.976 MiB.
Relu data sent = 648.286 MiB.
Maxpool data sent = 851.869 MiB.
Avgpool data sent = 0.976814 MiB.
ArgMax data sent = 0.652344 MiB.
MatAdd data sent = 0 MiB.
MatAddBroadCast data sent = 0 MiB.
MulCir data sent = 0 MiB.
Sigmoid data sent = 0 MiB.
Tanh data sent = 0 MiB.
Sqrt data sent = 0 MiB.
NormaliseL2 data sent = 0 MiB.
------------------------------------------------------
248
