Linux 6.5.0-1024-gcp (instance-20240521-134752) 	08/20/24 	_x86_64_	(4 CPU)

# Time        UID       PID    %usr %system  %guest   %wait    %CPU   CPU  minflt/s  majflt/s     VSZ     RSS   %MEM  Command
09:13:03     1001    164260    0.00    0.00    0.00    1.00    0.00     0    428.00      0.00    7896    3584   0.01  bash
09:13:03     1001    164261    0.00    0.00    0.00    1.00    0.00     1    388.00      0.00    7896    3584   0.01  bash

# Time        UID       PID    %usr %system  %guest   %wait    %CPU   CPU  minflt/s  majflt/s     VSZ     RSS   %MEM  Command
09:13:04     1001    164260    0.00    0.00    0.00    0.00    0.00     0      1.00      0.00    7896    3584   0.01  bash
09:13:04     1001    164261    0.00    0.00    0.00    0.00    0.00     1      0.00      0.00    7896    3584   0.01  bash

# Time        UID       PID    %usr %system  %guest   %wait    %CPU   CPU  minflt/s  majflt/s     VSZ     RSS   %MEM  Command
09:13:05     1001    164260    0.00    0.00    0.00    0.00    0.00     0      0.00      0.00    7896    3584   0.01  bash
09:13:05     1001    164261    0.00    0.00    0.00    0.00    0.00     1      0.00      0.00    7896    3584   0.01  bash

# Time        UID       PID    %usr %system  %guest   %wait    %CPU   CPU  minflt/s  majflt/s     VSZ     RSS   %MEM  Command
09:13:06     1001    164260    0.00    0.00    0.00    0.00    0.00     0      0.00      0.00    7896    3584   0.01  bash
09:13:06     1001    164261    0.00    0.00    0.00    0.00    0.00     1      0.00      0.00    7896    3584   0.01  bash

# Time        UID       PID    %usr %system  %guest   %wait    %CPU   CPU  minflt/s  majflt/s     VSZ     RSS   %MEM  Command
09:13:07     1001    164260    0.00    0.00    0.00    0.00    0.00     0      0.00      0.00    7896    3584   0.01  bash
09:13:07     1001    164261    0.00    0.00    0.00    0.00    0.00     1      0.00      0.00    7896    3584   0.01  bash

# Time        UID       PID    %usr %system  %guest   %wait    %CPU   CPU  minflt/s  majflt/s     VSZ     RSS   %MEM  Command
09:13:08     1001    164260    0.00    0.00    0.00    0.00    0.00     0      0.00      0.00    7896    3584   0.01  bash
09:13:08     1001    164261    0.00    0.00    0.00    0.00    0.00     1      0.00      0.00    7896    3584   0.01  bash

# Time        UID       PID    %usr %system  %guest   %wait    %CPU   CPU  minflt/s  majflt/s     VSZ     RSS   %MEM  Command
09:13:09     1001    164260    0.00    0.00    0.00    0.00    0.00     0      0.00      0.00    7896    3584   0.01  bash
09:13:09     1001    164261    0.00    0.00    0.00    0.00    0.00     1      0.00      0.00    7896    3584   0.01  bash

# Time        UID       PID    %usr %system  %guest   %wait    %CPU   CPU  minflt/s  majflt/s     VSZ     RSS   %MEM  Command
09:13:10     1001    164260    0.00    0.00    0.00    0.00    0.00     0      0.00      0.00    7896    3584   0.01  bash
09:13:10     1001    164261    0.00    0.00    0.00    0.00    0.00     1      0.00      0.00    7896    3584   0.01  bash

# Time        UID       PID    %usr %system  %guest   %wait    %CPU   CPU  minflt/s  majflt/s     VSZ     RSS   %MEM  Command
09:13:11     1001    164260    0.00    0.00    0.00    0.00    0.00     0      0.00      0.00    7896    3584   0.01  bash
09:13:11     1001    164261    0.00    0.00    0.00    0.00    0.00     1      0.00      0.00    7896    3584   0.01  bash

# Time        UID       PID    %usr %system  %guest   %wait    %CPU   CPU  minflt/s  majflt/s     VSZ     RSS   %MEM  Command
09:13:12     1001    164260    0.00    0.00    0.00    0.00    0.00     0      0.00      0.00    7896    3584   0.01  bash
09:13:12     1001    164261    0.00    0.00    0.00    0.00    0.00     1      0.00      0.00    7896    3584   0.01  bash

# Time        UID       PID    %usr %system  %guest   %wait    %CPU   CPU  minflt/s  majflt/s     VSZ     RSS   %MEM  Command
09:13:13     1001    164260    0.00    0.00    0.00    0.00    0.00     0      0.00      0.00    7896    3584   0.01  bash
09:13:13     1001    164261    0.00    0.00    0.00    0.00    0.00     1      0.00      0.00    7896    3584   0.01  bash

# Time        UID       PID    %usr %system  %guest   %wait    %CPU   CPU  minflt/s  majflt/s     VSZ     RSS   %MEM  Command
09:13:14     1001    164260    0.00    0.00    0.00    0.00    0.00     0      0.00      0.00    7896    3584   0.01  bash
09:13:14     1001    164261    0.00    0.00    0.00    0.00    0.00     1      0.00      0.00    7896    3584   0.01  bash

# Time        UID       PID    %usr %system  %guest   %wait    %CPU   CPU  minflt/s  majflt/s     VSZ     RSS   %MEM  Command
09:13:15     1001    164260    0.00    0.00    0.00    0.00    0.00     0      0.00      0.00    7896    3584   0.01  bash
09:13:15     1001    164261    0.00    0.00    0.00    0.00    0.00     1      0.00      0.00    7896    3584   0.01  bash

# Time        UID       PID    %usr %system  %guest   %wait    %CPU   CPU  minflt/s  majflt/s     VSZ     RSS   %MEM  Command
09:13:16     1001    164260    0.00    0.00    0.00    0.00    0.00     0      0.00      0.00    7896    3584   0.01  bash
09:13:16     1001    164261    0.00    0.00    0.00    0.00    0.00     1      0.00      0.00    7896    3584   0.01  bash

# Time        UID       PID    %usr %system  %guest   %wait    %CPU   CPU  minflt/s  majflt/s     VSZ     RSS   %MEM  Command
09:13:17     1001    164260    0.00    0.00    0.00    0.00    0.00     0      0.00      0.00    7896    3584   0.01  bash
09:13:17     1001    164261    0.00    0.00    0.00    0.00    0.00     1      0.00      0.00    7896    3584   0.01  bash

# Time        UID       PID    %usr %system  %guest   %wait    %CPU   CPU  minflt/s  majflt/s     VSZ     RSS   %MEM  Command
09:13:18     1001    164260    0.00    0.00    0.00    0.00    0.00     0      0.00      0.00    7896    3584   0.01  bash
09:13:18     1001    164261    0.00    0.00    0.00    0.00    0.00     1      0.00      0.00    7896    3584   0.01  bash

# Time        UID       PID    %usr %system  %guest   %wait    %CPU   CPU  minflt/s  majflt/s     VSZ     RSS   %MEM  Command
09:13:19     1001    164260    0.00    0.00    0.00    0.00    0.00     0      0.00      0.00    7896    3584   0.01  bash
09:13:19     1001    164261    0.00    0.00    0.00    0.00    0.00     1      0.00      0.00    7896    3584   0.01  bash

# Time        UID       PID    %usr %system  %guest   %wait    %CPU   CPU  minflt/s  majflt/s     VSZ     RSS   %MEM  Command
09:13:20     1001    164260    0.00    0.00    0.00    0.00    0.00     0      0.00      0.00    7896    3584   0.01  bash
09:13:20     1001    164261    0.00    0.00    0.00    0.00    0.00     1      0.00      0.00    7896    3584   0.01  bash

# Time        UID       PID    %usr %system  %guest   %wait    %CPU   CPU  minflt/s  majflt/s     VSZ     RSS   %MEM  Command
09:13:21     1001    164260    0.00    0.00    0.00    0.00    0.00     0      0.00      0.00    7896    3584   0.01  bash
09:13:21     1001    164261    0.00    0.00    0.00    0.00    0.00     1      0.00      0.00    7896    3584   0.01  bash

# Time        UID       PID    %usr %system  %guest   %wait    %CPU   CPU  minflt/s  majflt/s     VSZ     RSS   %MEM  Command
09:13:22     1001    164260    0.00    0.00    0.00    0.00    0.00     0      0.00      0.00    7896    3584   0.01  bash
09:13:22     1001    164261    0.00    0.00    0.00    0.00    0.00     1      0.00      0.00    7896    3584   0.01  bash

# Time        UID       PID    %usr %system  %guest   %wait    %CPU   CPU  minflt/s  majflt/s     VSZ     RSS   %MEM  Command
09:13:23     1001    164260    0.00    0.00    0.00    0.00    0.00     0      0.00      0.00    7896    3584   0.01  bash
09:13:23     1001    164261    0.00    0.00    0.00    0.00    0.00     1      0.00      0.00    7896    3584   0.01  bash

# Time        UID       PID    %usr %system  %guest   %wait    %CPU   CPU  minflt/s  majflt/s     VSZ     RSS   %MEM  Command
09:13:24     1001    164260    0.00    0.00    0.00    0.00    0.00     0      0.00      0.00    7896    3584   0.01  bash
09:13:24     1001    164261    0.00    0.00    0.00    0.00    0.00     1      0.00      0.00    7896    3584   0.01  bash

# Time        UID       PID    %usr %system  %guest   %wait    %CPU   CPU  minflt/s  majflt/s     VSZ     RSS   %MEM  Command
09:13:25     1001    164260    0.00    0.00    0.00    0.00    0.00     0      0.00      0.00    7896    3584   0.01  bash
09:13:25     1001    164261    0.00    0.00    0.00    0.00    0.00     1      0.00      0.00    7896    3584   0.01  bash

# Time        UID       PID    %usr %system  %guest   %wait    %CPU   CPU  minflt/s  majflt/s     VSZ     RSS   %MEM  Command
09:13:26     1001    164260    0.00    0.00    0.00    0.00    0.00     0      0.00      0.00    7896    3584   0.01  bash
09:13:26     1001    164261    0.00    0.00    0.00    0.00    0.00     1      0.00      0.00    7896    3584   0.01  bash

# Time        UID       PID    %usr %system  %guest   %wait    %CPU   CPU  minflt/s  majflt/s     VSZ     RSS   %MEM  Command
09:13:27     1001    164260    0.00    0.00    0.00    0.00    0.00     0      0.00      0.00    7896    3584   0.01  bash
09:13:27     1001    164261    0.00    0.00    0.00    0.00    0.00     1      0.00      0.00    7896    3584   0.01  bash

# Time        UID       PID    %usr %system  %guest   %wait    %CPU   CPU  minflt/s  majflt/s     VSZ     RSS   %MEM  Command
09:13:28     1001    164260    0.00    0.00    0.00    0.00    0.00     0      0.00      0.00    7896    3584   0.01  bash
09:13:28     1001    164261    0.00    0.00    0.00    0.00    0.00     1      0.00      0.00    7896    3584   0.01  bash

# Time        UID       PID    %usr %system  %guest   %wait    %CPU   CPU  minflt/s  majflt/s     VSZ     RSS   %MEM  Command
09:13:29     1001    164260    0.00    0.00    0.00    0.00    0.00     0      0.00      0.00    7896    3584   0.01  bash
09:13:29     1001    164261    0.00    0.00    0.00    0.00    0.00     1      0.00      0.00    7896    3584   0.01  bash

# Time        UID       PID    %usr %system  %guest   %wait    %CPU   CPU  minflt/s  majflt/s     VSZ     RSS   %MEM  Command
09:13:30     1001    164260    0.00    0.00    0.00    0.00    0.00     0      0.00      0.00    7896    3584   0.01  bash
09:13:30     1001    164261    0.00    0.00    0.00    0.00    0.00     1      0.00      0.00    7896    3584   0.01  bash

# Time        UID       PID    %usr %system  %guest   %wait    %CPU   CPU  minflt/s  majflt/s     VSZ     RSS   %MEM  Command
09:13:31     1001    164260    0.00    0.00    0.00    0.00    0.00     0      0.00      0.00    7896    3584   0.01  bash
09:13:31     1001    164261    0.00    0.00    0.00    0.00    0.00     1      0.00      0.00    7896    3584   0.01  bash

# Time        UID       PID    %usr %system  %guest   %wait    %CPU   CPU  minflt/s  majflt/s     VSZ     RSS   %MEM  Command
09:13:32     1001    164260    0.00    0.00    0.00    0.00    0.00     0      0.00      0.00    7896    3584   0.01  bash
09:13:32     1001    164261    0.00    0.00    0.00    0.00    0.00     1      0.00      0.00    7896    3584   0.01  bash

# Time        UID       PID    %usr %system  %guest   %wait    %CPU   CPU  minflt/s  majflt/s     VSZ     RSS   %MEM  Command
09:13:33     1001    164260    0.00    0.00    0.00    0.00    0.00     0      0.00      0.00    7896    3584   0.01  bash
09:13:33     1001    164261    0.00    0.00    0.00    0.00    0.00     1      0.00      0.00    7896    3584   0.01  bash

# Time        UID       PID    %usr %system  %guest   %wait    %CPU   CPU  minflt/s  majflt/s     VSZ     RSS   %MEM  Command
09:13:34     1001    164260    0.00    0.00    0.00    0.00    0.00     0      0.00      0.00    7896    3584   0.01  bash
09:13:34     1001    164261    0.00    0.00    0.00    0.00    0.00     1      0.00      0.00    7896    3584   0.01  bash

# Time        UID       PID    %usr %system  %guest   %wait    %CPU   CPU  minflt/s  majflt/s     VSZ     RSS   %MEM  Command
09:13:35     1001    164260    0.00    0.00    0.00    0.00    0.00     0      0.00      0.00    7896    3584   0.01  bash
09:13:35     1001    164261    0.00    0.00    0.00    0.00    0.00     1      0.00      0.00    7896    3584   0.01  bash

# Time        UID       PID    %usr %system  %guest   %wait    %CPU   CPU  minflt/s  majflt/s     VSZ     RSS   %MEM  Command
09:13:36     1001    164260    0.00    0.00    0.00    0.00    0.00     0      0.00      0.00    7896    3584   0.01  bash
09:13:36     1001    164261    0.00    0.00    0.00    0.00    0.00     1      0.00      0.00    7896    3584   0.01  bash

# Time        UID       PID    %usr %system  %guest   %wait    %CPU   CPU  minflt/s  majflt/s     VSZ     RSS   %MEM  Command
09:13:37     1001    164260    0.00    0.00    0.00    0.00    0.00     0      0.00      0.00    7896    3584   0.01  bash
09:13:37     1001    164261    0.00    0.00    0.00    0.00    0.00     1      0.00      0.00    7896    3584   0.01  bash

# Time        UID       PID    %usr %system  %guest   %wait    %CPU   CPU  minflt/s  majflt/s     VSZ     RSS   %MEM  Command
09:13:38     1001    164260    0.00    0.00    0.00    0.00    0.00     0      0.00      0.00    7896    3584   0.01  bash
09:13:38     1001    164261    0.00    0.00    0.00    0.00    0.00     1      0.00      0.00    7896    3584   0.01  bash

# Time        UID       PID    %usr %system  %guest   %wait    %CPU   CPU  minflt/s  majflt/s     VSZ     RSS   %MEM  Command
09:13:39     1001    164260    0.00    0.00    0.00    0.00    0.00     0      0.00      0.00    7896    3584   0.01  bash
09:13:39     1001    164261    0.00    0.00    0.00    0.00    0.00     1      0.00      0.00    7896    3584   0.01  bash

# Time        UID       PID    %usr %system  %guest   %wait    %CPU   CPU  minflt/s  majflt/s     VSZ     RSS   %MEM  Command
09:13:40     1001    164260    0.00    0.00    0.00    0.00    0.00     0      0.00      0.00    7896    3584   0.01  bash
09:13:40     1001    164261    0.00    0.00    0.00    0.00    0.00     1      0.00      0.00    7896    3584   0.01  bash

# Time        UID       PID    %usr %system  %guest   %wait    %CPU   CPU  minflt/s  majflt/s     VSZ     RSS   %MEM  Command
09:13:41     1001    164260    0.00    0.00    0.00    0.00    0.00     0      0.00      0.00    7896    3584   0.01  bash
09:13:41     1001    164261    0.00    0.00    0.00    0.00    0.00     1      0.00      0.00    7896    3584   0.01  bash

# Time        UID       PID    %usr %system  %guest   %wait    %CPU   CPU  minflt/s  majflt/s     VSZ     RSS   %MEM  Command
09:13:42     1001    164260    0.00    0.00    0.00    0.00    0.00     0      0.00      0.00    7896    3584   0.01  bash
09:13:42     1001    164261    0.00    0.00    0.00    0.00    0.00     1      0.00      0.00    7896    3584   0.01  bash

# Time        UID       PID    %usr %system  %guest   %wait    %CPU   CPU  minflt/s  majflt/s     VSZ     RSS   %MEM  Command
09:13:43     1001    164260    0.00    0.00    0.00    0.00    0.00     0      0.00      0.00    7896    3584   0.01  bash
09:13:43     1001    164261    0.00    0.00    0.00    0.00    0.00     1      0.00      0.00    7896    3584   0.01  bash

# Time        UID       PID    %usr %system  %guest   %wait    %CPU   CPU  minflt/s  majflt/s     VSZ     RSS   %MEM  Command
09:13:44     1001    164260    0.00    0.00    0.00    0.00    0.00     0      0.00      0.00    7896    3584   0.01  bash
09:13:44     1001    164261    0.00    0.00    0.00    0.00    0.00     1      0.00      0.00    7896    3584   0.01  bash

# Time        UID       PID    %usr %system  %guest   %wait    %CPU   CPU  minflt/s  majflt/s     VSZ     RSS   %MEM  Command
09:13:45     1001    164260    0.00    0.00    0.00    0.00    0.00     0      0.00      0.00    7896    3584   0.01  bash
09:13:45     1001    164261    0.00    0.00    0.00    0.00    0.00     1      0.00      0.00    7896    3584   0.01  bash

# Time        UID       PID    %usr %system  %guest   %wait    %CPU   CPU  minflt/s  majflt/s     VSZ     RSS   %MEM  Command
09:13:46     1001    164260    0.00    0.00    0.00    0.00    0.00     0      0.00      0.00    7896    3584   0.01  bash
09:13:46     1001    164261    0.00    0.00    0.00    0.00    0.00     1      0.00      0.00    7896    3584   0.01  bash

# Time        UID       PID    %usr %system  %guest   %wait    %CPU   CPU  minflt/s  majflt/s     VSZ     RSS   %MEM  Command
09:13:47     1001    164260    0.00    0.00    0.00    0.00    0.00     0      0.00      0.00    7896    3584   0.01  bash
09:13:47     1001    164261    0.00    0.00    0.00    0.00    0.00     1      0.00      0.00    7896    3584   0.01  bash

# Time        UID       PID    %usr %system  %guest   %wait    %CPU   CPU  minflt/s  majflt/s     VSZ     RSS   %MEM  Command
09:13:48     1001    164260    0.00    0.00    0.00    0.00    0.00     0      0.00      0.00    7896    3584   0.01  bash
09:13:48     1001    164261    0.00    0.00    0.00    0.00    0.00     1      0.00      0.00    7896    3584   0.01  bash

# Time        UID       PID    %usr %system  %guest   %wait    %CPU   CPU  minflt/s  majflt/s     VSZ     RSS   %MEM  Command
09:13:49     1001    164260    0.00    0.00    0.00    0.00    0.00     0      0.00      0.00    7896    3584   0.01  bash
09:13:49     1001    164261    0.00    0.00    0.00    0.00    0.00     1      0.00      0.00    7896    3584   0.01  bash

# Time        UID       PID    %usr %system  %guest   %wait    %CPU   CPU  minflt/s  majflt/s     VSZ     RSS   %MEM  Command
09:13:50     1001    164260    0.00    0.00    0.00    0.00    0.00     0      0.00      0.00    7896    3584   0.01  bash
09:13:50     1001    164261    0.00    0.00    0.00    0.00    0.00     1      0.00      0.00    7896    3584   0.01  bash

# Time        UID       PID    %usr %system  %guest   %wait    %CPU   CPU  minflt/s  majflt/s     VSZ     RSS   %MEM  Command
09:13:51     1001    164260    0.00    0.00    0.00    0.00    0.00     0      0.00      0.00    7896    3584   0.01  bash
09:13:51     1001    164261    0.00    0.00    0.00    0.00    0.00     1      0.00      0.00    7896    3584   0.01  bash

# Time        UID       PID    %usr %system  %guest   %wait    %CPU   CPU  minflt/s  majflt/s     VSZ     RSS   %MEM  Command
09:13:52     1001    164260    0.00    0.00    0.00    0.00    0.00     0      0.00      0.00    7896    3584   0.01  bash
09:13:52     1001    164261    0.00    0.00    0.00    0.00    0.00     1      0.00      0.00    7896    3584   0.01  bash

# Time        UID       PID    %usr %system  %guest   %wait    %CPU   CPU  minflt/s  majflt/s     VSZ     RSS   %MEM  Command
09:13:53     1001    164260    0.00    0.00    0.00    0.00    0.00     0      0.00      0.00    7896    3584   0.01  bash
09:13:53     1001    164261    0.00    0.00    0.00    0.00    0.00     1      0.00      0.00    7896    3584   0.01  bash

# Time        UID       PID    %usr %system  %guest   %wait    %CPU   CPU  minflt/s  majflt/s     VSZ     RSS   %MEM  Command
09:13:54     1001    164260    0.00    0.00    0.00    0.00    0.00     0      0.00      0.00    7896    3584   0.01  bash
09:13:54     1001    164261    0.00    0.00    0.00    0.00    0.00     1      0.00      0.00    7896    3584   0.01  bash

# Time        UID       PID    %usr %system  %guest   %wait    %CPU   CPU  minflt/s  majflt/s     VSZ     RSS   %MEM  Command
09:13:55     1001    164260    0.00    0.00    0.00    0.00    0.00     0      0.00      0.00    7896    3584   0.01  bash
09:13:55     1001    164261    0.00    0.00    0.00    0.00    0.00     1      0.00      0.00    7896    3584   0.01  bash

# Time        UID       PID    %usr %system  %guest   %wait    %CPU   CPU  minflt/s  majflt/s     VSZ     RSS   %MEM  Command
09:13:56     1001    164260    0.00    0.00    0.00    0.00    0.00     0      0.00      0.00    7896    3584   0.01  bash
09:13:56     1001    164261    0.00    0.00    0.00    0.00    0.00     1      0.00      0.00    7896    3584   0.01  bash

# Time        UID       PID    %usr %system  %guest   %wait    %CPU   CPU  minflt/s  majflt/s     VSZ     RSS   %MEM  Command
09:13:57     1001    164260    0.00    0.00    0.00    0.00    0.00     0      0.00      0.00    7896    3584   0.01  bash
09:13:57     1001    164261    0.00    0.00    0.00    0.00    0.00     1      0.00      0.00    7896    3584   0.01  bash

# Time        UID       PID    %usr %system  %guest   %wait    %CPU   CPU  minflt/s  majflt/s     VSZ     RSS   %MEM  Command
09:13:58     1001    164260    0.00    0.00    0.00    0.00    0.00     0      0.00      0.00    7896    3584   0.01  bash
09:13:58     1001    164261    0.00    0.00    0.00    0.00    0.00     1      0.00      0.00    7896    3584   0.01  bash

# Time        UID       PID    %usr %system  %guest   %wait    %CPU   CPU  minflt/s  majflt/s     VSZ     RSS   %MEM  Command
09:13:59     1001    164260    0.00    0.00    0.00    0.00    0.00     0      0.00      0.00    7896    3584   0.01  bash
09:13:59     1001    164261    0.00    0.00    0.00    0.00    0.00     1      0.00      0.00    7896    3584   0.01  bash

# Time        UID       PID    %usr %system  %guest   %wait    %CPU   CPU  minflt/s  majflt/s     VSZ     RSS   %MEM  Command
09:14:00     1001    164260    0.00    0.00    0.00    0.00    0.00     0      0.00      0.00    7896    3584   0.01  bash
09:14:00     1001    164261    0.00    0.00    0.00    0.00    0.00     1      0.00      0.00    7896    3584   0.01  bash

# Time        UID       PID    %usr %system  %guest   %wait    %CPU   CPU  minflt/s  majflt/s     VSZ     RSS   %MEM  Command
09:14:01     1001    164260    0.00    0.00    0.00    0.00    0.00     0      0.00      0.00    7896    3584   0.01  bash
09:14:01     1001    164261    0.00    0.00    0.00    0.00    0.00     1      0.00      0.00    7896    3584   0.01  bash

# Time        UID       PID    %usr %system  %guest   %wait    %CPU   CPU  minflt/s  majflt/s     VSZ     RSS   %MEM  Command
09:14:02     1001    164260    0.00    0.00    0.00    0.00    0.00     0      0.00      0.00    7896    3584   0.01  bash
09:14:02     1001    164261    0.00    0.00    0.00    0.00    0.00     1      0.00      0.00    7896    3584   0.01  bash

# Time        UID       PID    %usr %system  %guest   %wait    %CPU   CPU  minflt/s  majflt/s     VSZ     RSS   %MEM  Command
09:14:03     1001    164260    0.00    0.00    0.00    0.00    0.00     0      0.00      0.00    7896    3584   0.01  bash
09:14:03     1001    164261    0.00    0.00    0.00    0.00    0.00     1      0.00      0.00    7896    3584   0.01  bash

# Time        UID       PID    %usr %system  %guest   %wait    %CPU   CPU  minflt/s  majflt/s     VSZ     RSS   %MEM  Command
09:14:04     1001    164260    0.00    0.00    0.00    0.00    0.00     0      0.00      0.00    7896    3584   0.01  bash
09:14:04     1001    164261    0.00    0.00    0.00    0.00    0.00     1      0.00      0.00    7896    3584   0.01  bash

# Time        UID       PID    %usr %system  %guest   %wait    %CPU   CPU  minflt/s  majflt/s     VSZ     RSS   %MEM  Command
09:14:05     1001    164260    0.00    0.00    0.00    0.00    0.00     0      0.00      0.00    7896    3584   0.01  bash
09:14:05     1001    164261    0.00    0.00    0.00    0.00    0.00     1      0.00      0.00    7896    3584   0.01  bash

# Time        UID       PID    %usr %system  %guest   %wait    %CPU   CPU  minflt/s  majflt/s     VSZ     RSS   %MEM  Command
09:14:06     1001    164260    0.00    0.00    0.00    0.00    0.00     0      0.00      0.00    7896    3584   0.01  bash
09:14:06     1001    164261    0.00    0.00    0.00    0.00    0.00     1      0.00      0.00    7896    3584   0.01  bash

# Time        UID       PID    %usr %system  %guest   %wait    %CPU   CPU  minflt/s  majflt/s     VSZ     RSS   %MEM  Command
09:14:07     1001    164260    0.00    0.00    0.00    0.00    0.00     0      0.00      0.00    7896    3584   0.01  bash
09:14:07     1001    164261    0.00    0.00    0.00    0.00    0.00     1      0.00      0.00    7896    3584   0.01  bash

# Time        UID       PID    %usr %system  %guest   %wait    %CPU   CPU  minflt/s  majflt/s     VSZ     RSS   %MEM  Command
09:14:08     1001    164260    0.00    0.00    0.00    0.00    0.00     0      0.00      0.00    7896    3584   0.01  bash
09:14:08     1001    164261    0.00    0.00    0.00    0.00    0.00     1      0.00      0.00    7896    3584   0.01  bash

# Time        UID       PID    %usr %system  %guest   %wait    %CPU   CPU  minflt/s  majflt/s     VSZ     RSS   %MEM  Command
09:14:09     1001    164260    0.00    0.00    0.00    0.00    0.00     0      0.00      0.00    7896    3584   0.01  bash
09:14:09     1001    164261    0.00    0.00    0.00    0.00    0.00     1      0.00      0.00    7896    3584   0.01  bash

# Time        UID       PID    %usr %system  %guest   %wait    %CPU   CPU  minflt/s  majflt/s     VSZ     RSS   %MEM  Command
09:14:10     1001    164260    0.00    0.00    0.00    0.00    0.00     0      0.00      0.00    7896    3584   0.01  bash
09:14:10     1001    164261    0.00    0.00    0.00    0.00    0.00     1      0.00      0.00    7896    3584   0.01  bash

# Time        UID       PID    %usr %system  %guest   %wait    %CPU   CPU  minflt/s  majflt/s     VSZ     RSS   %MEM  Command
09:14:11     1001    164260    0.00    0.00    0.00    0.00    0.00     0      0.00      0.00    7896    3584   0.01  bash
09:14:11     1001    164261    0.00    0.00    0.00    0.00    0.00     1      0.00      0.00    7896    3584   0.01  bash

# Time        UID       PID    %usr %system  %guest   %wait    %CPU   CPU  minflt/s  majflt/s     VSZ     RSS   %MEM  Command
09:14:12     1001    164260    0.00    0.00    0.00    0.00    0.00     0      0.00      0.00    7896    3584   0.01  bash
09:14:12     1001    164261    0.00    0.00    0.00    0.00    0.00     1      0.00      0.00    7896    3584   0.01  bash

# Time        UID       PID    %usr %system  %guest   %wait    %CPU   CPU  minflt/s  majflt/s     VSZ     RSS   %MEM  Command
09:14:13     1001    164260    0.00    0.00    0.00    0.00    0.00     0      0.00      0.00    7896    3584   0.01  bash
09:14:13     1001    164261    0.00    0.00    0.00    0.00    0.00     1      0.00      0.00    7896    3584   0.01  bash

# Time        UID       PID    %usr %system  %guest   %wait    %CPU   CPU  minflt/s  majflt/s     VSZ     RSS   %MEM  Command
09:14:14     1001    164260    0.00    0.00    0.00    0.00    0.00     0      0.00      0.00    7896    3584   0.01  bash
09:14:14     1001    164261    0.00    0.00    0.00    0.00    0.00     1      0.00      0.00    7896    3584   0.01  bash

# Time        UID       PID    %usr %system  %guest   %wait    %CPU   CPU  minflt/s  majflt/s     VSZ     RSS   %MEM  Command
09:14:15     1001    164260    0.00    0.00    0.00    0.00    0.00     0      0.00      0.00    7896    3584   0.01  bash
09:14:15     1001    164261    0.00    0.00    0.00    0.00    0.00     1      0.00      0.00    7896    3584   0.01  bash

# Time        UID       PID    %usr %system  %guest   %wait    %CPU   CPU  minflt/s  majflt/s     VSZ     RSS   %MEM  Command
09:14:16     1001    164260    0.00    0.00    0.00    0.00    0.00     0      0.00      0.00    7896    3584   0.01  bash
09:14:16     1001    164261    0.00    0.00    0.00    0.00    0.00     1      0.00      0.00    7896    3584   0.01  bash

# Time        UID       PID    %usr %system  %guest   %wait    %CPU   CPU  minflt/s  majflt/s     VSZ     RSS   %MEM  Command
09:14:17     1001    164260    0.00    0.00    0.00    0.00    0.00     0      0.00      0.00    7896    3584   0.01  bash
09:14:17     1001    164261    0.00    0.00    0.00    0.00    0.00     1      0.00      0.00    7896    3584   0.01  bash

# Time        UID       PID    %usr %system  %guest   %wait    %CPU   CPU  minflt/s  majflt/s     VSZ     RSS   %MEM  Command
09:14:18     1001    164260    0.00    0.00    0.00    0.00    0.00     0      0.00      0.00    7896    3584   0.01  bash
09:14:18     1001    164261    0.00    0.00    0.00    0.00    0.00     1      0.00      0.00    7896    3584   0.01  bash

# Time        UID       PID    %usr %system  %guest   %wait    %CPU   CPU  minflt/s  majflt/s     VSZ     RSS   %MEM  Command
09:14:19     1001    164260    0.00    0.00    0.00    0.00    0.00     0      0.00      0.00    7896    3584   0.01  bash
09:14:19     1001    164261    0.00    0.00    0.00    0.00    0.00     1      0.00      0.00    7896    3584   0.01  bash

# Time        UID       PID    %usr %system  %guest   %wait    %CPU   CPU  minflt/s  majflt/s     VSZ     RSS   %MEM  Command
09:14:20     1001    164260    0.00    0.00    0.00    0.00    0.00     0      0.00      0.00    7896    3584   0.01  bash
09:14:20     1001    164261    0.00    0.00    0.00    0.00    0.00     1      0.00      0.00    7896    3584   0.01  bash

# Time        UID       PID    %usr %system  %guest   %wait    %CPU   CPU  minflt/s  majflt/s     VSZ     RSS   %MEM  Command
09:14:21     1001    164260    0.00    0.00    0.00    0.00    0.00     0      0.00      0.00    7896    3584   0.01  bash
09:14:21     1001    164261    0.00    0.00    0.00    0.00    0.00     1      0.00      0.00    7896    3584   0.01  bash

# Time        UID       PID    %usr %system  %guest   %wait    %CPU   CPU  minflt/s  majflt/s     VSZ     RSS   %MEM  Command
09:14:22     1001    164260    0.00    0.00    0.00    0.00    0.00     0      0.00      0.00    7896    3584   0.01  bash
09:14:22     1001    164261    0.00    0.00    0.00    0.00    0.00     1      0.00      0.00    7896    3584   0.01  bash

# Time        UID       PID    %usr %system  %guest   %wait    %CPU   CPU  minflt/s  majflt/s     VSZ     RSS   %MEM  Command
09:14:23     1001    164260    0.00    0.00    0.00    0.00    0.00     0      0.00      0.00    7896    3584   0.01  bash
09:14:23     1001    164261    0.00    0.00    0.00    0.00    0.00     1      0.00      0.00    7896    3584   0.01  bash

# Time        UID       PID    %usr %system  %guest   %wait    %CPU   CPU  minflt/s  majflt/s     VSZ     RSS   %MEM  Command
09:14:24     1001    164260    0.00    0.00    0.00    0.00    0.00     0      0.00      0.00    7896    3584   0.01  bash
09:14:24     1001    164261    0.00    0.00    0.00    0.00    0.00     1      0.00      0.00    7896    3584   0.01  bash

# Time        UID       PID    %usr %system  %guest   %wait    %CPU   CPU  minflt/s  majflt/s     VSZ     RSS   %MEM  Command
09:14:25     1001    164260    0.00    0.00    0.00    0.00    0.00     0      0.00      0.00    7896    3584   0.01  bash
09:14:25     1001    164261    0.00    0.00    0.00    0.00    0.00     1      0.00      0.00    7896    3584   0.01  bash

# Time        UID       PID    %usr %system  %guest   %wait    %CPU   CPU  minflt/s  majflt/s     VSZ     RSS   %MEM  Command
09:14:26     1001    164260    0.00    0.00    0.00    0.00    0.00     0      0.00      0.00    7896    3584   0.01  bash
09:14:26     1001    164261    0.00    0.00    0.00    0.00    0.00     1      0.00      0.00    7896    3584   0.01  bash

# Time        UID       PID    %usr %system  %guest   %wait    %CPU   CPU  minflt/s  majflt/s     VSZ     RSS   %MEM  Command
09:14:27     1001    164260    0.00    0.00    0.00    0.00    0.00     0      0.00      0.00    7896    3584   0.01  bash
09:14:27     1001    164261    0.00    0.00    0.00    0.00    0.00     1      0.00      0.00    7896    3584   0.01  bash

# Time        UID       PID    %usr %system  %guest   %wait    %CPU   CPU  minflt/s  majflt/s     VSZ     RSS   %MEM  Command
09:14:28     1001    164260    0.00    0.00    0.00    0.00    0.00     0      0.00      0.00    7896    3584   0.01  bash
09:14:28     1001    164261    0.00    0.00    0.00    0.00    0.00     1      0.00      0.00    7896    3584   0.01  bash

# Time        UID       PID    %usr %system  %guest   %wait    %CPU   CPU  minflt/s  majflt/s     VSZ     RSS   %MEM  Command
09:14:29     1001    164260    0.00    0.00    0.00    0.00    0.00     0      0.00      0.00    7896    3584   0.01  bash
09:14:29     1001    164261    0.00    0.00    0.00    0.00    0.00     1      0.00      0.00    7896    3584   0.01  bash

# Time        UID       PID    %usr %system  %guest   %wait    %CPU   CPU  minflt/s  majflt/s     VSZ     RSS   %MEM  Command
09:14:30     1001    164260    0.00    0.00    0.00    0.00    0.00     0      0.00      0.00    7896    3584   0.01  bash
09:14:30     1001    164261    0.00    0.00    0.00    0.00    0.00     1      0.00      0.00    7896    3584   0.01  bash

# Time        UID       PID    %usr %system  %guest   %wait    %CPU   CPU  minflt/s  majflt/s     VSZ     RSS   %MEM  Command
09:14:31     1001    164260    0.00    0.00    0.00    0.00    0.00     0      0.00      0.00    7896    3584   0.01  bash
09:14:31     1001    164261    0.00    0.00    0.00    0.00    0.00     1      0.00      0.00    7896    3584   0.01  bash

# Time        UID       PID    %usr %system  %guest   %wait    %CPU   CPU  minflt/s  majflt/s     VSZ     RSS   %MEM  Command
09:14:32     1001    164260    0.00    0.00    0.00    0.00    0.00     0      0.00      0.00    7896    3584   0.01  bash
09:14:32     1001    164261    0.00    0.00    0.00    0.00    0.00     1      0.00      0.00    7896    3584   0.01  bash

# Time        UID       PID    %usr %system  %guest   %wait    %CPU   CPU  minflt/s  majflt/s     VSZ     RSS   %MEM  Command
09:14:33     1001    164260    0.00    0.00    0.00    0.00    0.00     0      0.00      0.00    7896    3584   0.01  bash
09:14:33     1001    164261    0.00    0.00    0.00    0.00    0.00     1      0.00      0.00    7896    3584   0.01  bash

# Time        UID       PID    %usr %system  %guest   %wait    %CPU   CPU  minflt/s  majflt/s     VSZ     RSS   %MEM  Command
09:14:34     1001    164260    0.00    0.00    0.00    0.00    0.00     0      0.00      0.00    7896    3584   0.01  bash
09:14:34     1001    164261    0.00    0.00    0.00    0.00    0.00     1      0.00      0.00    7896    3584   0.01  bash

# Time        UID       PID    %usr %system  %guest   %wait    %CPU   CPU  minflt/s  majflt/s     VSZ     RSS   %MEM  Command
09:14:35     1001    164260    0.00    0.00    0.00    0.00    0.00     0      0.00      0.00    7896    3584   0.01  bash
09:14:35     1001    164261    0.00    0.00    0.00    0.00    0.00     1      0.00      0.00    7896    3584   0.01  bash

# Time        UID       PID    %usr %system  %guest   %wait    %CPU   CPU  minflt/s  majflt/s     VSZ     RSS   %MEM  Command
09:14:36     1001    164260    0.00    0.00    0.00    0.00    0.00     0      0.00      0.00    7896    3584   0.01  bash
09:14:36     1001    164261    0.00    0.00    0.00    0.00    0.00     1      0.00      0.00    7896    3584   0.01  bash

# Time        UID       PID    %usr %system  %guest   %wait    %CPU   CPU  minflt/s  majflt/s     VSZ     RSS   %MEM  Command
09:14:37     1001    164260    0.00    0.00    0.00    0.00    0.00     0      0.00      0.00    7896    3584   0.01  bash
09:14:37     1001    164261    0.00    0.00    0.00    0.00    0.00     1      0.00      0.00    7896    3584   0.01  bash

# Time        UID       PID    %usr %system  %guest   %wait    %CPU   CPU  minflt/s  majflt/s     VSZ     RSS   %MEM  Command
09:14:38     1001    164260    0.00    0.00    0.00    0.00    0.00     0      0.00      0.00    7896    3584   0.01  bash
09:14:38     1001    164261    0.00    0.00    0.00    0.00    0.00     1      0.00      0.00    7896    3584   0.01  bash

# Time        UID       PID    %usr %system  %guest   %wait    %CPU   CPU  minflt/s  majflt/s     VSZ     RSS   %MEM  Command
09:14:39     1001    164260    0.00    0.00    0.00    0.00    0.00     0      0.00      0.00    7896    3584   0.01  bash
09:14:39     1001    164261    0.00    0.00    0.00    0.00    0.00     1      0.00      0.00    7896    3584   0.01  bash

# Time        UID       PID    %usr %system  %guest   %wait    %CPU   CPU  minflt/s  majflt/s     VSZ     RSS   %MEM  Command
09:14:40     1001    164260    0.00    0.00    0.00    0.00    0.00     0      0.00      0.00    7896    3584   0.01  bash
09:14:40     1001    164261    0.00    0.00    0.00    0.00    0.00     1      0.00      0.00    7896    3584   0.01  bash

# Time        UID       PID    %usr %system  %guest   %wait    %CPU   CPU  minflt/s  majflt/s     VSZ     RSS   %MEM  Command
09:14:41     1001    164260    0.00    0.00    0.00    0.00    0.00     0      0.00      0.00    7896    3584   0.01  bash
09:14:41     1001    164261    0.00    0.00    0.00    0.00    0.00     1      0.00      0.00    7896    3584   0.01  bash

# Time        UID       PID    %usr %system  %guest   %wait    %CPU   CPU  minflt/s  majflt/s     VSZ     RSS   %MEM  Command
09:14:42     1001    164260    0.00    0.00    0.00    0.00    0.00     0      0.00      0.00    7896    3584   0.01  bash
09:14:42     1001    164261    0.00    0.00    0.00    0.00    0.00     1      0.00      0.00    7896    3584   0.01  bash

# Time        UID       PID    %usr %system  %guest   %wait    %CPU   CPU  minflt/s  majflt/s     VSZ     RSS   %MEM  Command
09:14:43     1001    164260    0.00    0.00    0.00    0.00    0.00     0      0.00      0.00    7896    3584   0.01  bash
09:14:43     1001    164261    0.00    0.00    0.00    0.00    0.00     1      0.00      0.00    7896    3584   0.01  bash

# Time        UID       PID    %usr %system  %guest   %wait    %CPU   CPU  minflt/s  majflt/s     VSZ     RSS   %MEM  Command
09:14:44     1001    164260    0.00    0.00    0.00    0.00    0.00     0      0.00      0.00    7896    3584   0.01  bash
09:14:44     1001    164261    0.00    0.00    0.00    0.00    0.00     1      0.00      0.00    7896    3584   0.01  bash

# Time        UID       PID    %usr %system  %guest   %wait    %CPU   CPU  minflt/s  majflt/s     VSZ     RSS   %MEM  Command
09:14:45     1001    164260    0.00    0.00    0.00    0.00    0.00     0      0.00      0.00    7896    3584   0.01  bash
09:14:45     1001    164261    0.00    0.00    0.00    0.00    0.00     1      0.00      0.00    7896    3584   0.01  bash

# Time        UID       PID    %usr %system  %guest   %wait    %CPU   CPU  minflt/s  majflt/s     VSZ     RSS   %MEM  Command
09:14:46     1001    164260    0.00    0.00    0.00    0.00    0.00     0      0.00      0.00    7896    3584   0.01  bash
09:14:46     1001    164261    0.00    0.00    0.00    0.00    0.00     1      0.00      0.00    7896    3584   0.01  bash

# Time        UID       PID    %usr %system  %guest   %wait    %CPU   CPU  minflt/s  majflt/s     VSZ     RSS   %MEM  Command
09:14:47     1001    164260    0.00    0.00    0.00    0.00    0.00     0      0.00      0.00    7896    3584   0.01  bash
09:14:47     1001    164261    0.00    0.00    0.00    0.00    0.00     1      0.00      0.00    7896    3584   0.01  bash

# Time        UID       PID    %usr %system  %guest   %wait    %CPU   CPU  minflt/s  majflt/s     VSZ     RSS   %MEM  Command
09:14:48     1001    164260    0.00    0.00    0.00    0.00    0.00     0      0.00      0.00    7896    3584   0.01  bash
09:14:48     1001    164261    0.00    0.00    0.00    0.00    0.00     1      0.00      0.00    7896    3584   0.01  bash

# Time        UID       PID    %usr %system  %guest   %wait    %CPU   CPU  minflt/s  majflt/s     VSZ     RSS   %MEM  Command
09:14:49     1001    164260    0.00    0.00    0.00    0.00    0.00     0      0.00      0.00    7896    3584   0.01  bash
09:14:49     1001    164261    0.00    0.00    0.00    0.00    0.00     1      0.00      0.00    7896    3584   0.01  bash

# Time        UID       PID    %usr %system  %guest   %wait    %CPU   CPU  minflt/s  majflt/s     VSZ     RSS   %MEM  Command
09:14:50     1001    164260    0.00    0.00    0.00    0.00    0.00     0      0.00      0.00    7896    3584   0.01  bash
09:14:50     1001    164261    0.00    0.00    0.00    0.00    0.00     1      0.00      0.00    7896    3584   0.01  bash

# Time        UID       PID    %usr %system  %guest   %wait    %CPU   CPU  minflt/s  majflt/s     VSZ     RSS   %MEM  Command
09:14:51     1001    164260    0.00    0.00    0.00    0.00    0.00     0      0.00      0.00    7896    3584   0.01  bash
09:14:51     1001    164261    0.00    0.00    0.00    0.00    0.00     1      0.00      0.00    7896    3584   0.01  bash

# Time        UID       PID    %usr %system  %guest   %wait    %CPU   CPU  minflt/s  majflt/s     VSZ     RSS   %MEM  Command
09:14:52     1001    164260    0.00    0.00    0.00    0.00    0.00     0      0.00      0.00    7896    3584   0.01  bash
09:14:52     1001    164261    0.00    0.00    0.00    0.00    0.00     1      0.00      0.00    7896    3584   0.01  bash

# Time        UID       PID    %usr %system  %guest   %wait    %CPU   CPU  minflt/s  majflt/s     VSZ     RSS   %MEM  Command
09:14:53     1001    164260    0.00    0.00    0.00    0.00    0.00     0      0.00      0.00    7896    3584   0.01  bash
09:14:53     1001    164261    0.00    0.00    0.00    0.00    0.00     1      0.00      0.00    7896    3584   0.01  bash

# Time        UID       PID    %usr %system  %guest   %wait    %CPU   CPU  minflt/s  majflt/s     VSZ     RSS   %MEM  Command
09:14:54     1001    164260    0.00    0.00    0.00    0.00    0.00     0      0.00      0.00    7896    3584   0.01  bash
09:14:54     1001    164261    0.00    0.00    0.00    0.00    0.00     1      0.00      0.00    7896    3584   0.01  bash

# Time        UID       PID    %usr %system  %guest   %wait    %CPU   CPU  minflt/s  majflt/s     VSZ     RSS   %MEM  Command
09:14:55     1001    164260    0.00    0.00    0.00    0.00    0.00     0      0.00      0.00    7896    3584   0.01  bash
09:14:55     1001    164261    0.00    0.00    0.00    0.00    0.00     1      0.00      0.00    7896    3584   0.01  bash

# Time        UID       PID    %usr %system  %guest   %wait    %CPU   CPU  minflt/s  majflt/s     VSZ     RSS   %MEM  Command
09:14:56     1001    164260    0.00    0.00    0.00    0.00    0.00     0      0.00      0.00    7896    3584   0.01  bash
09:14:56     1001    164261    0.00    0.00    0.00    0.00    0.00     1      0.00      0.00    7896    3584   0.01  bash

# Time        UID       PID    %usr %system  %guest   %wait    %CPU   CPU  minflt/s  majflt/s     VSZ     RSS   %MEM  Command
09:14:57     1001    164260    0.00    0.00    0.00    0.00    0.00     0      0.00      0.00    7896    3584   0.01  bash
09:14:57     1001    164261    0.00    0.00    0.00    0.00    0.00     1      0.00      0.00    7896    3584   0.01  bash

# Time        UID       PID    %usr %system  %guest   %wait    %CPU   CPU  minflt/s  majflt/s     VSZ     RSS   %MEM  Command
09:14:58     1001    164260    0.00    0.00    0.00    0.00    0.00     0      0.00      0.00    7896    3584   0.01  bash
09:14:58     1001    164261    0.00    0.00    0.00    0.00    0.00     1      0.00      0.00    7896    3584   0.01  bash

# Time        UID       PID    %usr %system  %guest   %wait    %CPU   CPU  minflt/s  majflt/s     VSZ     RSS   %MEM  Command
09:14:59     1001    164260    0.00    0.00    0.00    0.00    0.00     0      0.00      0.00    7896    3584   0.01  bash
09:14:59     1001    164261    0.00    0.00    0.00    0.00    0.00     1      0.00      0.00    7896    3584   0.01  bash

# Time        UID       PID    %usr %system  %guest   %wait    %CPU   CPU  minflt/s  majflt/s     VSZ     RSS   %MEM  Command
09:15:00     1001    164260    0.00    0.00    0.00    0.00    0.00     0      0.00      0.00    7896    3584   0.01  bash
09:15:00     1001    164261    0.00    0.00    0.00    0.00    0.00     1      0.00      0.00    7896    3584   0.01  bash

# Time        UID       PID    %usr %system  %guest   %wait    %CPU   CPU  minflt/s  majflt/s     VSZ     RSS   %MEM  Command
09:15:01     1001    164260    0.00    0.00    0.00    0.00    0.00     0      0.00      0.00    7896    3584   0.01  bash
09:15:01     1001    164261    0.00    0.00    0.00    0.00    0.00     1      0.00      0.00    7896    3584   0.01  bash

# Time        UID       PID    %usr %system  %guest   %wait    %CPU   CPU  minflt/s  majflt/s     VSZ     RSS   %MEM  Command
09:15:02     1001    164260    0.00    0.00    0.00    0.00    0.00     0      0.00      0.00    7896    3584   0.01  bash
09:15:02     1001    164261    0.00    0.00    0.00    0.00    0.00     1      0.00      0.00    7896    3584   0.01  bash

# Time        UID       PID    %usr %system  %guest   %wait    %CPU   CPU  minflt/s  majflt/s     VSZ     RSS   %MEM  Command
09:15:03     1001    164260    0.00    0.00    0.00    0.00    0.00     0      0.00      0.00    7896    3584   0.01  bash
09:15:03     1001    164261    0.00    0.00    0.00    0.00    0.00     1      0.00      0.00    7896    3584   0.01  bash

# Time        UID       PID    %usr %system  %guest   %wait    %CPU   CPU  minflt/s  majflt/s     VSZ     RSS   %MEM  Command
09:15:04     1001    164260    0.00    0.00    0.00    0.00    0.00     0      0.00      0.00    7896    3584   0.01  bash
09:15:04     1001    164261    0.00    0.00    0.00    0.00    0.00     1      0.00      0.00    7896    3584   0.01  bash

# Time        UID       PID    %usr %system  %guest   %wait    %CPU   CPU  minflt/s  majflt/s     VSZ     RSS   %MEM  Command
09:15:05     1001    164260    0.00    0.00    0.00    0.00    0.00     0      0.00      0.00    7896    3584   0.01  bash
09:15:05     1001    164261    0.00    0.00    0.00    0.00    0.00     1      0.00      0.00    7896    3584   0.01  bash

# Time        UID       PID    %usr %system  %guest   %wait    %CPU   CPU  minflt/s  majflt/s     VSZ     RSS   %MEM  Command
09:15:06     1001    164260    0.00    0.00    0.00    0.00    0.00     0      0.00      0.00    7896    3584   0.01  bash
09:15:06     1001    164261    0.00    0.00    0.00    0.00    0.00     1      0.00      0.00    7896    3584   0.01  bash

# Time        UID       PID    %usr %system  %guest   %wait    %CPU   CPU  minflt/s  majflt/s     VSZ     RSS   %MEM  Command
09:15:07     1001    164260    0.00    0.00    0.00    0.00    0.00     0      0.00      0.00    7896    3584   0.01  bash
09:15:07     1001    164261    0.00    0.00    0.00    0.00    0.00     1      0.00      0.00    7896    3584   0.01  bash

# Time        UID       PID    %usr %system  %guest   %wait    %CPU   CPU  minflt/s  majflt/s     VSZ     RSS   %MEM  Command
09:15:08     1001    164260    0.00    0.00    0.00    0.00    0.00     0      0.00      0.00    7896    3584   0.01  bash
09:15:08     1001    164261    0.00    0.00    0.00    0.00    0.00     1      0.00      0.00    7896    3584   0.01  bash

# Time        UID       PID    %usr %system  %guest   %wait    %CPU   CPU  minflt/s  majflt/s     VSZ     RSS   %MEM  Command
09:15:09     1001    164260    0.00    0.00    0.00    0.00    0.00     0      0.00      0.00    7896    3584   0.01  bash
09:15:09     1001    164261    0.00    0.00    0.00    0.00    0.00     1      0.00      0.00    7896    3584   0.01  bash

# Time        UID       PID    %usr %system  %guest   %wait    %CPU   CPU  minflt/s  majflt/s     VSZ     RSS   %MEM  Command
09:15:10     1001    164260    0.00    0.00    0.00    0.00    0.00     0      0.00      0.00    7896    3584   0.01  bash
09:15:10     1001    164261    0.00    0.00    0.00    0.00    0.00     1      0.00      0.00    7896    3584   0.01  bash

# Time        UID       PID    %usr %system  %guest   %wait    %CPU   CPU  minflt/s  majflt/s     VSZ     RSS   %MEM  Command
09:15:11     1001    164260    0.00    0.00    0.00    0.00    0.00     0      0.00      0.00    7896    3584   0.01  bash
09:15:11     1001    164261    0.00    0.00    0.00    0.00    0.00     1      0.00      0.00    7896    3584   0.01  bash

# Time        UID       PID    %usr %system  %guest   %wait    %CPU   CPU  minflt/s  majflt/s     VSZ     RSS   %MEM  Command
09:15:12     1001    164260    0.00    0.00    0.00    0.00    0.00     0      0.00      0.00    7896    3584   0.01  bash
09:15:12     1001    164261    0.00    0.00    0.00    0.00    0.00     1      0.00      0.00    7896    3584   0.01  bash

# Time        UID       PID    %usr %system  %guest   %wait    %CPU   CPU  minflt/s  majflt/s     VSZ     RSS   %MEM  Command
09:15:13     1001    164260    0.00    0.00    0.00    0.00    0.00     0      0.00      0.00    7896    3584   0.01  bash
09:15:13     1001    164261    0.00    0.00    0.00    0.00    0.00     1      0.00      0.00    7896    3584   0.01  bash

# Time        UID       PID    %usr %system  %guest   %wait    %CPU   CPU  minflt/s  majflt/s     VSZ     RSS   %MEM  Command
09:15:14     1001    164260    0.00    0.00    0.00    0.00    0.00     0      0.00      0.00    7896    3584   0.01  bash
09:15:14     1001    164261    0.00    0.00    0.00    0.00    0.00     1      0.00      0.00    7896    3584   0.01  bash

# Time        UID       PID    %usr %system  %guest   %wait    %CPU   CPU  minflt/s  majflt/s     VSZ     RSS   %MEM  Command
09:15:15     1001    164260    0.00    0.00    0.00    0.00    0.00     0      0.00      0.00    7896    3584   0.01  bash
09:15:15     1001    164261    0.00    0.00    0.00    0.00    0.00     1      0.00      0.00    7896    3584   0.01  bash

# Time        UID       PID    %usr %system  %guest   %wait    %CPU   CPU  minflt/s  majflt/s     VSZ     RSS   %MEM  Command
09:15:16     1001    164260    0.00    0.00    0.00    0.00    0.00     0      0.00      0.00    7896    3584   0.01  bash
09:15:16     1001    164261    0.00    0.00    0.00    0.00    0.00     1      0.00      0.00    7896    3584   0.01  bash

# Time        UID       PID    %usr %system  %guest   %wait    %CPU   CPU  minflt/s  majflt/s     VSZ     RSS   %MEM  Command
09:15:17     1001    164260    0.00    0.00    0.00    0.00    0.00     0      0.00      0.00    7896    3584   0.01  bash
09:15:17     1001    164261    0.00    0.00    0.00    0.00    0.00     1      0.00      0.00    7896    3584   0.01  bash

# Time        UID       PID    %usr %system  %guest   %wait    %CPU   CPU  minflt/s  majflt/s     VSZ     RSS   %MEM  Command
09:15:18     1001    164260    0.00    0.00    0.00    0.00    0.00     0      0.00      0.00    7896    3584   0.01  bash
09:15:18     1001    164261    0.00    0.00    0.00    0.00    0.00     1      0.00      0.00    7896    3584   0.01  bash

# Time        UID       PID    %usr %system  %guest   %wait    %CPU   CPU  minflt/s  majflt/s     VSZ     RSS   %MEM  Command
09:15:19     1001    164260    0.00    0.00    0.00    0.00    0.00     0      0.00      0.00    7896    3584   0.01  bash
09:15:19     1001    164261    0.00    0.00    0.00    0.00    0.00     1      0.00      0.00    7896    3584   0.01  bash

# Time        UID       PID    %usr %system  %guest   %wait    %CPU   CPU  minflt/s  majflt/s     VSZ     RSS   %MEM  Command
09:15:20     1001    164260    0.00    0.00    0.00    0.00    0.00     0      0.00      0.00    7896    3584   0.01  bash
09:15:20     1001    164261    0.00    0.00    0.00    0.00    0.00     1      0.00      0.00    7896    3584   0.01  bash

# Time        UID       PID    %usr %system  %guest   %wait    %CPU   CPU  minflt/s  majflt/s     VSZ     RSS   %MEM  Command
09:15:21     1001    164260    0.00    0.00    0.00    0.00    0.00     0      0.00      0.00    7896    3584   0.01  bash
09:15:21     1001    164261    0.00    0.00    0.00    0.00    0.00     1      0.00      0.00    7896    3584   0.01  bash

# Time        UID       PID    %usr %system  %guest   %wait    %CPU   CPU  minflt/s  majflt/s     VSZ     RSS   %MEM  Command
09:15:22     1001    164260    0.00    0.00    0.00    0.00    0.00     0      0.00      0.00    7896    3584   0.01  bash
09:15:22     1001    164261    0.00    0.00    0.00    0.00    0.00     1      0.00      0.00    7896    3584   0.01  bash

# Time        UID       PID    %usr %system  %guest   %wait    %CPU   CPU  minflt/s  majflt/s     VSZ     RSS   %MEM  Command
09:15:23     1001    164260    0.00    0.00    0.00    0.00    0.00     0      0.00      0.00    7896    3584   0.01  bash
09:15:23     1001    164261    0.00    0.00    0.00    0.00    0.00     1      0.00      0.00    7896    3584   0.01  bash

# Time        UID       PID    %usr %system  %guest   %wait    %CPU   CPU  minflt/s  majflt/s     VSZ     RSS   %MEM  Command
09:15:24     1001    164260    0.00    0.00    0.00    0.00    0.00     0      0.00      0.00    7896    3584   0.01  bash
09:15:24     1001    164261    0.00    0.00    0.00    0.00    0.00     1      0.00      0.00    7896    3584   0.01  bash

# Time        UID       PID    %usr %system  %guest   %wait    %CPU   CPU  minflt/s  majflt/s     VSZ     RSS   %MEM  Command
09:15:25     1001    164260    0.00    0.00    0.00    0.00    0.00     0      0.00      0.00    7896    3584   0.01  bash
09:15:25     1001    164261    0.00    0.00    0.00    0.00    0.00     1      0.00      0.00    7896    3584   0.01  bash

# Time        UID       PID    %usr %system  %guest   %wait    %CPU   CPU  minflt/s  majflt/s     VSZ     RSS   %MEM  Command
09:15:26     1001    164260    0.00    0.00    0.00    0.00    0.00     0      0.00      0.00    7896    3584   0.01  bash
09:15:26     1001    164261    0.00    0.00    0.00    0.00    0.00     1      0.00      0.00    7896    3584   0.01  bash

# Time        UID       PID    %usr %system  %guest   %wait    %CPU   CPU  minflt/s  majflt/s     VSZ     RSS   %MEM  Command
09:15:27     1001    164260    0.00    0.00    0.00    0.00    0.00     0      0.00      0.00    7896    3584   0.01  bash
09:15:27     1001    164261    0.00    0.00    0.00    0.00    0.00     1      0.00      0.00    7896    3584   0.01  bash

# Time        UID       PID    %usr %system  %guest   %wait    %CPU   CPU  minflt/s  majflt/s     VSZ     RSS   %MEM  Command
09:15:28     1001    164260    0.00    0.00    0.00    0.00    0.00     0      0.00      0.00    7896    3584   0.01  bash
09:15:28     1001    164261    0.00    0.00    0.00    0.00    0.00     1      0.00      0.00    7896    3584   0.01  bash

# Time        UID       PID    %usr %system  %guest   %wait    %CPU   CPU  minflt/s  majflt/s     VSZ     RSS   %MEM  Command
09:15:29     1001    164260    0.00    0.00    0.00    0.00    0.00     0      0.00      0.00    7896    3584   0.01  bash
09:15:29     1001    164261    0.00    0.00    0.00    0.00    0.00     1      0.00      0.00    7896    3584   0.01  bash

# Time        UID       PID    %usr %system  %guest   %wait    %CPU   CPU  minflt/s  majflt/s     VSZ     RSS   %MEM  Command
09:15:30     1001    164260    0.00    0.00    0.00    0.00    0.00     0      0.00      0.00    7896    3584   0.01  bash
09:15:30     1001    164261    0.00    0.00    0.00    0.00    0.00     1      0.00      0.00    7896    3584   0.01  bash

# Time        UID       PID    %usr %system  %guest   %wait    %CPU   CPU  minflt/s  majflt/s     VSZ     RSS   %MEM  Command
09:15:31     1001    164260    0.00    0.00    0.00    0.00    0.00     0      0.00      0.00    7896    3584   0.01  bash
09:15:31     1001    164261    0.00    0.00    0.00    0.00    0.00     1      0.00      0.00    7896    3584   0.01  bash

# Time        UID       PID    %usr %system  %guest   %wait    %CPU   CPU  minflt/s  majflt/s     VSZ     RSS   %MEM  Command
09:15:32     1001    164260    0.00    0.00    0.00    0.00    0.00     0      0.00      0.00    7896    3584   0.01  bash
09:15:32     1001    164261    0.00    0.00    0.00    0.00    0.00     1      0.00      0.00    7896    3584   0.01  bash

# Time        UID       PID    %usr %system  %guest   %wait    %CPU   CPU  minflt/s  majflt/s     VSZ     RSS   %MEM  Command
09:15:33     1001    164260    0.00    0.00    0.00    0.00    0.00     0      0.00      0.00    7896    3584   0.01  bash
09:15:33     1001    164261    0.00    0.00    0.00    0.00    0.00     1      0.00      0.00    7896    3584   0.01  bash

# Time        UID       PID    %usr %system  %guest   %wait    %CPU   CPU  minflt/s  majflt/s     VSZ     RSS   %MEM  Command
09:15:34     1001    164260    0.00    0.00    0.00    0.00    0.00     0      0.00      0.00    7896    3584   0.01  bash
09:15:34     1001    164261    0.00    0.00    0.00    0.00    0.00     1      0.00      0.00    7896    3584   0.01  bash

# Time        UID       PID    %usr %system  %guest   %wait    %CPU   CPU  minflt/s  majflt/s     VSZ     RSS   %MEM  Command
09:15:35     1001    164260    0.00    0.00    0.00    0.00    0.00     0      0.00      0.00    7896    3584   0.01  bash
09:15:35     1001    164261    0.00    0.00    0.00    0.00    0.00     1      0.00      0.00    7896    3584   0.01  bash

# Time        UID       PID    %usr %system  %guest   %wait    %CPU   CPU  minflt/s  majflt/s     VSZ     RSS   %MEM  Command
09:15:36     1001    164260    0.00    0.00    0.00    0.00    0.00     0      0.00      0.00    7896    3584   0.01  bash
09:15:36     1001    164261    0.00    0.00    0.00    0.00    0.00     1      0.00      0.00    7896    3584   0.01  bash

# Time        UID       PID    %usr %system  %guest   %wait    %CPU   CPU  minflt/s  majflt/s     VSZ     RSS   %MEM  Command
09:15:37     1001    164260    0.00    0.00    0.00    0.00    0.00     0      0.00      0.00    7896    3584   0.01  bash
09:15:37     1001    164261    0.00    0.00    0.00    0.00    0.00     1      0.00      0.00    7896    3584   0.01  bash

# Time        UID       PID    %usr %system  %guest   %wait    %CPU   CPU  minflt/s  majflt/s     VSZ     RSS   %MEM  Command
09:15:38     1001    164260    0.00    0.00    0.00    0.00    0.00     0      0.00      0.00    7896    3584   0.01  bash
09:15:38     1001    164261    0.00    0.00    0.00    0.00    0.00     1      0.00      0.00    7896    3584   0.01  bash

# Time        UID       PID    %usr %system  %guest   %wait    %CPU   CPU  minflt/s  majflt/s     VSZ     RSS   %MEM  Command
09:15:39     1001    164260    0.00    0.00    0.00    0.00    0.00     0      0.00      0.00    7896    3584   0.01  bash
09:15:39     1001    164261    0.00    0.00    0.00    0.00    0.00     1      0.00      0.00    7896    3584   0.01  bash

# Time        UID       PID    %usr %system  %guest   %wait    %CPU   CPU  minflt/s  majflt/s     VSZ     RSS   %MEM  Command
09:15:40     1001    164260    0.00    0.00    0.00    0.00    0.00     0      0.00      0.00    7896    3584   0.01  bash
09:15:40     1001    164261    0.00    0.00    0.00    0.00    0.00     1      0.00      0.00    7896    3584   0.01  bash

# Time        UID       PID    %usr %system  %guest   %wait    %CPU   CPU  minflt/s  majflt/s     VSZ     RSS   %MEM  Command
09:15:41     1001    164260    0.00    0.00    0.00    0.00    0.00     0      0.00      0.00    7896    3584   0.01  bash
09:15:41     1001    164261    0.00    0.00    0.00    0.00    0.00     1      0.00      0.00    7896    3584   0.01  bash

# Time        UID       PID    %usr %system  %guest   %wait    %CPU   CPU  minflt/s  majflt/s     VSZ     RSS   %MEM  Command
09:15:42     1001    164260    0.00    0.00    0.00    0.00    0.00     0      0.00      0.00    7896    3584   0.01  bash
09:15:42     1001    164261    0.00    0.00    0.00    0.00    0.00     1      0.00      0.00    7896    3584   0.01  bash

# Time        UID       PID    %usr %system  %guest   %wait    %CPU   CPU  minflt/s  majflt/s     VSZ     RSS   %MEM  Command
09:15:43     1001    164260    0.00    0.00    0.00    0.00    0.00     0      0.00      0.00    7896    3584   0.01  bash
09:15:43     1001    164261    0.00    0.00    0.00    0.00    0.00     1      0.00      0.00    7896    3584   0.01  bash

# Time        UID       PID    %usr %system  %guest   %wait    %CPU   CPU  minflt/s  majflt/s     VSZ     RSS   %MEM  Command
09:15:44     1001    164260    0.00    0.00    0.00    0.00    0.00     0      0.00      0.00    7896    3584   0.01  bash
09:15:44     1001    164261    0.00    0.00    0.00    0.00    0.00     1      0.00      0.00    7896    3584   0.01  bash

# Time        UID       PID    %usr %system  %guest   %wait    %CPU   CPU  minflt/s  majflt/s     VSZ     RSS   %MEM  Command
09:15:45     1001    164260    0.00    0.00    0.00    0.00    0.00     0      0.00      0.00    7896    3584   0.01  bash
09:15:45     1001    164261    0.00    0.00    0.00    0.00    0.00     1      0.00      0.00    7896    3584   0.01  bash

# Time        UID       PID    %usr %system  %guest   %wait    %CPU   CPU  minflt/s  majflt/s     VSZ     RSS   %MEM  Command
09:15:46     1001    164260    0.00    0.00    0.00    0.00    0.00     0      0.00      0.00    7896    3584   0.01  bash
09:15:46     1001    164261    0.00    0.00    0.00    0.00    0.00     1      0.00      0.00    7896    3584   0.01  bash

# Time        UID       PID    %usr %system  %guest   %wait    %CPU   CPU  minflt/s  majflt/s     VSZ     RSS   %MEM  Command
09:15:47     1001    164260    0.00    0.00    0.00    0.00    0.00     0      0.00      0.00    7896    3584   0.01  bash
09:15:47     1001    164261    0.00    0.00    0.00    0.00    0.00     1      0.00      0.00    7896    3584   0.01  bash

# Time        UID       PID    %usr %system  %guest   %wait    %CPU   CPU  minflt/s  majflt/s     VSZ     RSS   %MEM  Command
09:15:48     1001    164260    0.00    0.00    0.00    0.00    0.00     0      0.00      0.00    7896    3584   0.01  bash
09:15:48     1001    164261    0.00    0.00    0.00    0.00    0.00     1      0.00      0.00    7896    3584   0.01  bash

# Time        UID       PID    %usr %system  %guest   %wait    %CPU   CPU  minflt/s  majflt/s     VSZ     RSS   %MEM  Command
09:15:49     1001    164260    0.00    0.00    0.00    0.00    0.00     0      0.00      0.00    7896    3584   0.01  bash
09:15:49     1001    164261    0.00    0.00    0.00    0.00    0.00     1      0.00      0.00    7896    3584   0.01  bash

# Time        UID       PID    %usr %system  %guest   %wait    %CPU   CPU  minflt/s  majflt/s     VSZ     RSS   %MEM  Command
09:15:50     1001    164260    0.00    0.00    0.00    0.00    0.00     0      0.00      0.00    7896    3584   0.01  bash
09:15:50     1001    164261    0.00    0.00    0.00    0.00    0.00     1      0.00      0.00    7896    3584   0.01  bash

# Time        UID       PID    %usr %system  %guest   %wait    %CPU   CPU  minflt/s  majflt/s     VSZ     RSS   %MEM  Command
09:15:51     1001    164260    0.00    0.00    0.00    0.00    0.00     0      0.00      0.00    7896    3584   0.01  bash
09:15:51     1001    164261    0.00    0.00    0.00    0.00    0.00     1      0.00      0.00    7896    3584   0.01  bash

# Time        UID       PID    %usr %system  %guest   %wait    %CPU   CPU  minflt/s  majflt/s     VSZ     RSS   %MEM  Command
09:15:52     1001    164260    0.00    0.00    0.00    0.00    0.00     0      0.00      0.00    7896    3584   0.01  bash
09:15:52     1001    164261    0.00    0.00    0.00    0.00    0.00     1      0.00      0.00    7896    3584   0.01  bash

# Time        UID       PID    %usr %system  %guest   %wait    %CPU   CPU  minflt/s  majflt/s     VSZ     RSS   %MEM  Command
09:15:53     1001    164260    0.00    0.00    0.00    0.00    0.00     0      0.00      0.00    7896    3584   0.01  bash
09:15:53     1001    164261    0.00    0.00    0.00    0.00    0.00     1      0.00      0.00    7896    3584   0.01  bash

# Time        UID       PID    %usr %system  %guest   %wait    %CPU   CPU  minflt/s  majflt/s     VSZ     RSS   %MEM  Command
09:15:54     1001    164260    0.00    0.00    0.00    0.00    0.00     0      0.00      0.00    7896    3584   0.01  bash
09:15:54     1001    164261    0.00    0.00    0.00    0.00    0.00     1      0.00      0.00    7896    3584   0.01  bash

# Time        UID       PID    %usr %system  %guest   %wait    %CPU   CPU  minflt/s  majflt/s     VSZ     RSS   %MEM  Command
09:15:55     1001    164260    0.00    0.00    0.00    0.00    0.00     0      0.00      0.00    7896    3584   0.01  bash
09:15:55     1001    164261    0.00    0.00    0.00    0.00    0.00     1      0.00      0.00    7896    3584   0.01  bash

# Time        UID       PID    %usr %system  %guest   %wait    %CPU   CPU  minflt/s  majflt/s     VSZ     RSS   %MEM  Command
09:15:56     1001    164260    0.00    0.00    0.00    0.00    0.00     0      0.00      0.00    7896    3584   0.01  bash
09:15:56     1001    164261    0.00    0.00    0.00    0.00    0.00     1      0.00      0.00    7896    3584   0.01  bash

# Time        UID       PID    %usr %system  %guest   %wait    %CPU   CPU  minflt/s  majflt/s     VSZ     RSS   %MEM  Command
09:15:57     1001    164260    0.00    0.00    0.00    0.00    0.00     0      0.00      0.00    7896    3584   0.01  bash
09:15:57     1001    164261    0.00    0.00    0.00    0.00    0.00     1      0.00      0.00    7896    3584   0.01  bash

# Time        UID       PID    %usr %system  %guest   %wait    %CPU   CPU  minflt/s  majflt/s     VSZ     RSS   %MEM  Command
09:15:58     1001    164260    0.00    0.00    0.00    0.00    0.00     0      0.00      0.00    7896    3584   0.01  bash
09:15:58     1001    164261    0.00    0.00    0.00    0.00    0.00     1      0.00      0.00    7896    3584   0.01  bash

# Time        UID       PID    %usr %system  %guest   %wait    %CPU   CPU  minflt/s  majflt/s     VSZ     RSS   %MEM  Command
09:15:59     1001    164260    0.00    0.00    0.00    0.00    0.00     0      0.00      0.00    7896    3584   0.01  bash
09:15:59     1001    164261    0.00    0.00    0.00    0.00    0.00     1      0.00      0.00    7896    3584   0.01  bash

# Time        UID       PID    %usr %system  %guest   %wait    %CPU   CPU  minflt/s  majflt/s     VSZ     RSS   %MEM  Command
09:16:00     1001    164260    0.00    0.00    0.00    0.00    0.00     0      0.00      0.00    7896    3584   0.01  bash
09:16:00     1001    164261    0.00    0.00    0.00    0.00    0.00     1      0.00      0.00    7896    3584   0.01  bash

# Time        UID       PID    %usr %system  %guest   %wait    %CPU   CPU  minflt/s  majflt/s     VSZ     RSS   %MEM  Command
09:16:01     1001    164260    0.00    0.00    0.00    0.00    0.00     0      0.00      0.00    7896    3584   0.01  bash
09:16:01     1001    164261    0.00    0.00    0.00    0.00    0.00     1      0.00      0.00    7896    3584   0.01  bash

# Time        UID       PID    %usr %system  %guest   %wait    %CPU   CPU  minflt/s  majflt/s     VSZ     RSS   %MEM  Command
09:16:02     1001    164260    0.00    0.00    0.00    0.00    0.00     0      0.00      0.00    7896    3584   0.01  bash
09:16:02     1001    164261    0.00    0.00    0.00    0.00    0.00     1      0.00      0.00    7896    3584   0.01  bash

# Time        UID       PID    %usr %system  %guest   %wait    %CPU   CPU  minflt/s  majflt/s     VSZ     RSS   %MEM  Command
09:16:03     1001    164260    0.00    0.00    0.00    0.00    0.00     0      0.00      0.00    7896    3584   0.01  bash
09:16:03     1001    164261    0.00    0.00    0.00    0.00    0.00     1      0.00      0.00    7896    3584   0.01  bash

# Time        UID       PID    %usr %system  %guest   %wait    %CPU   CPU  minflt/s  majflt/s     VSZ     RSS   %MEM  Command
09:16:04     1001    164260    0.00    0.00    0.00    0.00    0.00     0      0.00      0.00    7896    3584   0.01  bash
09:16:04     1001    164261    0.00    0.00    0.00    0.00    0.00     1      0.00      0.00    7896    3584   0.01  bash

# Time        UID       PID    %usr %system  %guest   %wait    %CPU   CPU  minflt/s  majflt/s     VSZ     RSS   %MEM  Command
09:16:05     1001    164260    0.00    0.00    0.00    0.00    0.00     0      0.00      0.00    7896    3584   0.01  bash
09:16:05     1001    164261    0.00    0.00    0.00    0.00    0.00     1      0.00      0.00    7896    3584   0.01  bash

# Time        UID       PID    %usr %system  %guest   %wait    %CPU   CPU  minflt/s  majflt/s     VSZ     RSS   %MEM  Command
09:16:06     1001    164260    0.00    0.00    0.00    0.00    0.00     0      0.00      0.00    7896    3584   0.01  bash
09:16:06     1001    164261    0.00    0.00    0.00    0.00    0.00     1      0.00      0.00    7896    3584   0.01  bash

# Time        UID       PID    %usr %system  %guest   %wait    %CPU   CPU  minflt/s  majflt/s     VSZ     RSS   %MEM  Command
09:16:07     1001    164260    0.00    0.00    0.00    0.00    0.00     0      0.00      0.00    7896    3584   0.01  bash
09:16:07     1001    164261    0.00    0.00    0.00    0.00    0.00     1      0.00      0.00    7896    3584   0.01  bash

# Time        UID       PID    %usr %system  %guest   %wait    %CPU   CPU  minflt/s  majflt/s     VSZ     RSS   %MEM  Command
09:16:08     1001    164260    0.00    0.00    0.00    0.00    0.00     0      0.00      0.00    7896    3584   0.01  bash
09:16:08     1001    164261    0.00    0.00    0.00    0.00    0.00     1      0.00      0.00    7896    3584   0.01  bash

# Time        UID       PID    %usr %system  %guest   %wait    %CPU   CPU  minflt/s  majflt/s     VSZ     RSS   %MEM  Command
09:16:09     1001    164260    0.00    0.00    0.00    0.00    0.00     0      0.00      0.00    7896    3584   0.01  bash
09:16:09     1001    164261    0.00    0.00    0.00    0.00    0.00     1      0.00      0.00    7896    3584   0.01  bash

# Time        UID       PID    %usr %system  %guest   %wait    %CPU   CPU  minflt/s  majflt/s     VSZ     RSS   %MEM  Command
09:16:10     1001    164260    0.00    0.00    0.00    0.00    0.00     0      0.00      0.00    7896    3584   0.01  bash
09:16:10     1001    164261    0.00    0.00    0.00    0.00    0.00     1      0.00      0.00    7896    3584   0.01  bash

# Time        UID       PID    %usr %system  %guest   %wait    %CPU   CPU  minflt/s  majflt/s     VSZ     RSS   %MEM  Command
09:16:11     1001    164260    0.00    0.00    0.00    0.00    0.00     0      0.00      0.00    7896    3584   0.01  bash
09:16:11     1001    164261    0.00    0.00    0.00    0.00    0.00     1      0.00      0.00    7896    3584   0.01  bash

# Time        UID       PID    %usr %system  %guest   %wait    %CPU   CPU  minflt/s  majflt/s     VSZ     RSS   %MEM  Command
09:16:12     1001    164260    0.00    0.00    0.00    0.00    0.00     0      0.00      0.00    7896    3584   0.01  bash
09:16:12     1001    164261    0.00    0.00    0.00    0.00    0.00     1      0.00      0.00    7896    3584   0.01  bash

# Time        UID       PID    %usr %system  %guest   %wait    %CPU   CPU  minflt/s  majflt/s     VSZ     RSS   %MEM  Command
09:16:13     1001    164260    0.00    0.00    0.00    0.00    0.00     0      0.00      0.00    7896    3584   0.01  bash
09:16:13     1001    164261    0.00    0.00    0.00    0.00    0.00     1      0.00      0.00    7896    3584   0.01  bash

# Time        UID       PID    %usr %system  %guest   %wait    %CPU   CPU  minflt/s  majflt/s     VSZ     RSS   %MEM  Command
