Linux 6.5.0-1024-gcp (instance-20240521-134752) 	08/18/24 	_x86_64_	(4 CPU)

# Time        UID       PID    %usr %system  %guest   %wait    %CPU   CPU  minflt/s  majflt/s     VSZ     RSS   %MEM  Command
22:09:24     1001      4129    0.00    0.00    0.00    0.00    0.00     0    226.00      0.00    7896    3456   0.01  bash
22:09:24     1001      4130    0.00    0.00    0.00    0.00    0.00     2    180.00      0.00    7896    3584   0.01  bash

# Time        UID       PID    %usr %system  %guest   %wait    %CPU   CPU  minflt/s  majflt/s     VSZ     RSS   %MEM  Command
22:09:25     1001      4129    0.00    0.00    0.00    0.00    0.00     0      0.00      0.00    7896    3456   0.01  bash
22:09:25     1001      4130    0.00    0.00    0.00    0.00    0.00     2      0.00      0.00    7896    3584   0.01  bash

# Time        UID       PID    %usr %system  %guest   %wait    %CPU   CPU  minflt/s  majflt/s     VSZ     RSS   %MEM  Command
22:09:26     1001      4129    0.00    0.00    0.00    0.00    0.00     0      0.00      0.00    7896    3456   0.01  bash
22:09:26     1001      4130    0.00    0.00    0.00    0.00    0.00     2      0.00      0.00    7896    3584   0.01  bash

# Time        UID       PID    %usr %system  %guest   %wait    %CPU   CPU  minflt/s  majflt/s     VSZ     RSS   %MEM  Command
22:09:27     1001      4129    0.00    0.00    0.00    0.00    0.00     0      0.00      0.00    7896    3456   0.01  bash
22:09:27     1001      4130    0.00    0.00    0.00    0.00    0.00     2      0.00      0.00    7896    3584   0.01  bash

# Time        UID       PID    %usr %system  %guest   %wait    %CPU   CPU  minflt/s  majflt/s     VSZ     RSS   %MEM  Command
22:09:28     1001      4129    0.00    0.00    0.00    0.00    0.00     0      0.00      0.00    7896    3456   0.01  bash
22:09:28     1001      4130    0.00    0.00    0.00    0.00    0.00     2      0.00      0.00    7896    3584   0.01  bash

# Time        UID       PID    %usr %system  %guest   %wait    %CPU   CPU  minflt/s  majflt/s     VSZ     RSS   %MEM  Command
22:09:29     1001      4129    0.00    0.00    0.00    0.00    0.00     0      0.00      0.00    7896    3456   0.01  bash
22:09:29     1001      4130    0.00    0.00    0.00    0.00    0.00     2      0.00      0.00    7896    3584   0.01  bash

# Time        UID       PID    %usr %system  %guest   %wait    %CPU   CPU  minflt/s  majflt/s     VSZ     RSS   %MEM  Command
22:09:30     1001      4129    0.00    0.00    0.00    0.00    0.00     0      0.00      0.00    7896    3456   0.01  bash
22:09:30     1001      4130    0.00    0.00    0.00    0.00    0.00     2      0.00      0.00    7896    3584   0.01  bash

# Time        UID       PID    %usr %system  %guest   %wait    %CPU   CPU  minflt/s  majflt/s     VSZ     RSS   %MEM  Command
22:09:31     1001      4129    0.00    0.00    0.00    0.00    0.00     0      0.00      0.00    7896    3456   0.01  bash
22:09:31     1001      4130    0.00    0.00    0.00    0.00    0.00     2      0.00      0.00    7896    3584   0.01  bash

# Time        UID       PID    %usr %system  %guest   %wait    %CPU   CPU  minflt/s  majflt/s     VSZ     RSS   %MEM  Command
22:09:32     1001      4129    0.00    0.00    0.00    0.00    0.00     0      0.00      0.00    7896    3456   0.01  bash
22:09:32     1001      4130    0.00    0.00    0.00    0.00    0.00     2      0.00      0.00    7896    3584   0.01  bash

# Time        UID       PID    %usr %system  %guest   %wait    %CPU   CPU  minflt/s  majflt/s     VSZ     RSS   %MEM  Command
22:09:33     1001      4129    0.00    0.00    0.00    0.00    0.00     0      0.00      0.00    7896    3456   0.01  bash
22:09:33     1001      4130    0.00    0.00    0.00    0.00    0.00     2      0.00      0.00    7896    3584   0.01  bash

# Time        UID       PID    %usr %system  %guest   %wait    %CPU   CPU  minflt/s  majflt/s     VSZ     RSS   %MEM  Command
