Linux 6.5.0-1024-gcp (instance-20240521-134752) 	08/18/24 	_x86_64_	(4 CPU)

# Time        UID       PID    %usr %system  %guest   %wait    %CPU   CPU  minflt/s  majflt/s     VSZ     RSS   %MEM  Command
22:08:42     1001      3933    0.00    0.00    0.00    0.00    0.00     2    210.00      0.00    7896    3456   0.01  bash
22:08:42     1001      3934    0.00    0.00    0.00    0.00    0.00     3    174.00      0.00    7896    3584   0.01  bash

# Time        UID       PID    %usr %system  %guest   %wait    %CPU   CPU  minflt/s  majflt/s     VSZ     RSS   %MEM  Command
22:08:43     1001      3933    0.00    0.00    0.00    0.00    0.00     2      0.00      0.00    7896    3456   0.01  bash
22:08:43     1001      3934    0.00    0.00    0.00    0.00    0.00     3      0.00      0.00    7896    3584   0.01  bash

# Time        UID       PID    %usr %system  %guest   %wait    %CPU   CPU  minflt/s  majflt/s     VSZ     RSS   %MEM  Command
22:08:44     1001      3933    0.00    0.00    0.00    0.00    0.00     2      0.00      0.00    7896    3456   0.01  bash
22:08:44     1001      3934    0.00    0.00    0.00    0.00    0.00     3      0.00      0.00    7896    3584   0.01  bash

# Time        UID       PID    %usr %system  %guest   %wait    %CPU   CPU  minflt/s  majflt/s     VSZ     RSS   %MEM  Command
22:08:45     1001      3933    0.00    0.00    0.00    0.00    0.00     2      0.00      0.00    7896    3456   0.01  bash
22:08:45     1001      3934    0.00    0.00    0.00    0.00    0.00     3      0.00      0.00    7896    3584   0.01  bash

# Time        UID       PID    %usr %system  %guest   %wait    %CPU   CPU  minflt/s  majflt/s     VSZ     RSS   %MEM  Command
22:08:46     1001      3933    0.00    0.00    0.00    0.00    0.00     2      0.00      0.00    7896    3456   0.01  bash
22:08:46     1001      3934    0.00    0.00    0.00    0.00    0.00     3      0.00      0.00    7896    3584   0.01  bash

# Time        UID       PID    %usr %system  %guest   %wait    %CPU   CPU  minflt/s  majflt/s     VSZ     RSS   %MEM  Command
22:08:47     1001      3933    0.00    0.00    0.00    0.00    0.00     2      0.00      0.00    7896    3456   0.01  bash
22:08:47     1001      3934    0.00    0.00    0.00    0.00    0.00     3      0.00      0.00    7896    3584   0.01  bash

# Time        UID       PID    %usr %system  %guest   %wait    %CPU   CPU  minflt/s  majflt/s     VSZ     RSS   %MEM  Command
22:08:48     1001      3933    0.00    0.00    0.00    0.00    0.00     2      0.00      0.00    7896    3456   0.01  bash
22:08:48     1001      3934    0.00    0.00    0.00    0.00    0.00     3      0.00      0.00    7896    3584   0.01  bash

# Time        UID       PID    %usr %system  %guest   %wait    %CPU   CPU  minflt/s  majflt/s     VSZ     RSS   %MEM  Command
