Computation started. CPU and wall clocks initialized.
Number of CPU cores: 10
bitlength: 41
prime_mod: 2199023255552
Using Eigen for Matmul
connected
connected
connected
connected
After base ots, communication = 316594 bytes
Thread i = 0, total data sent till now = 316594
Thread i = 1, total data sent till now = 163141
Thread i = 2, total data sent till now = 294765
Thread i = 3, total data sent till now = 163141
-----------Syncronizing-----------
-----------Syncronized - now starting execution-----------
Conv2DCSF 1 called N=1, H=230, W=230, CI=3, FH=7, FW=7, CO=64, S=2
Matmul called s1,s2,s3 = 64 147 12544
Time in sec for current matmul = 39.517
Time in sec for current conv = 39.55
Maxpool 1 called N=1, H=56, W=56, C=64, ksizeH=3, ksizeW=3
Time in sec for current maxpool = 6.029
Starting fused batchNorm #1
Relu 1 called size=200704
Time in sec for current relu = 0.772
Conv2DCSF 2 called N=1, H=56, W=56, CI=64, FH=1, FW=1, CO=256, S=1
Matmul called s1,s2,s3 = 256 64 3136
Time in sec for current matmul = 17.559
Time in sec for current conv = 17.566
Conv2DCSF 3 called N=1, H=56, W=56, CI=64, FH=1, FW=1, CO=64, S=1
Matmul called s1,s2,s3 = 64 64 3136
Time in sec for current matmul = 4.927
Time in sec for current conv = 4.929
Starting fused batchNorm #2
Relu 2 called size=200704
Time in sec for current relu = 0.758
Conv2DCSF 4 called N=1, H=56, W=56, CI=64, FH=3, FW=3, CO=64, S=1
Matmul called s1,s2,s3 = 64 576 3136
Time in sec for current matmul = 38.726
Time in sec for current conv = 38.742
Starting fused batchNorm #3
Relu 3 called size=200704
Time in sec for current relu = 0.784
Conv2DCSF 5 called N=1, H=56, W=56, CI=64, FH=1, FW=1, CO=256, S=1
Matmul called s1,s2,s3 = 256 64 3136
Time in sec for current matmul = 17.628
Time in sec for current conv = 17.64
Starting fused batchNorm #4
Relu 4 called size=802816
Time in sec for current relu = 3.149
Conv2DCSF 6 called N=1, H=56, W=56, CI=256, FH=1, FW=1, CO=64, S=1
Matmul called s1,s2,s3 = 64 256 3136
Time in sec for current matmul = 17.571
Time in sec for current conv = 17.577
Starting fused batchNorm #5
Relu 5 called size=200704
Time in sec for current relu = 0.753
Conv2DCSF 7 called N=1, H=56, W=56, CI=64, FH=3, FW=3, CO=64, S=1
Matmul called s1,s2,s3 = 64 576 3136
Time in sec for current matmul = 38.64
Time in sec for current conv = 38.658
Starting fused batchNorm #6
Relu 6 called size=200704
Time in sec for current relu = 0.763
Conv2DCSF 8 called N=1, H=56, W=56, CI=64, FH=1, FW=1, CO=256, S=1
Matmul called s1,s2,s3 = 256 64 3136
Time in sec for current matmul = 17.7
Time in sec for current conv = 17.707
Starting fused batchNorm #7
Relu 7 called size=802816
Time in sec for current relu = 3.22
Conv2DCSF 9 called N=1, H=56, W=56, CI=256, FH=1, FW=1, CO=64, S=1
Matmul called s1,s2,s3 = 64 256 3136
Time in sec for current matmul = 17.602
Time in sec for current conv = 17.607
Starting fused batchNorm #8
Relu 8 called size=200704
Time in sec for current relu = 0.778
Conv2DCSF 10 called N=1, H=56, W=56, CI=64, FH=3, FW=3, CO=64, S=1
Matmul called s1,s2,s3 = 64 576 3136
Time in sec for current matmul = 38.429
Time in sec for current conv = 38.439
Starting fused batchNorm #9
Relu 9 called size=200704
Time in sec for current relu = 0.72
Conv2DCSF 11 called N=1, H=56, W=56, CI=64, FH=1, FW=1, CO=256, S=1
Matmul called s1,s2,s3 = 256 64 3136
Time in sec for current matmul = 17.575
Time in sec for current conv = 17.582
Starting fused batchNorm #10
Relu 10 called size=802816
Time in sec for current relu = 3.22
Conv2DCSF 12 called N=1, H=56, W=56, CI=256, FH=1, FW=1, CO=512, S=2
Matmul called s1,s2,s3 = 512 256 784
Time in sec for current matmul = 35.204
Time in sec for current conv = 35.209
Conv2DCSF 13 called N=1, H=56, W=56, CI=256, FH=1, FW=1, CO=128, S=1
Matmul called s1,s2,s3 = 128 256 3136
Time in sec for current matmul = 34.431
Time in sec for current conv = 34.438
Starting fused batchNorm #11
Relu 11 called size=401408
Time in sec for current relu = 1.553
Conv2DCSF 14 called N=1, H=58, W=58, CI=128, FH=3, FW=3, CO=128, S=2
Matmul called s1,s2,s3 = 128 1152 784
Time in sec for current matmul = 39.275
Time in sec for current conv = 39.286
Starting fused batchNorm #12
Relu 12 called size=100352
Time in sec for current relu = 0.356
Conv2DCSF 15 called N=1, H=28, W=28, CI=128, FH=1, FW=1, CO=512, S=1
Matmul called s1,s2,s3 = 512 128 784
Time in sec for current matmul = 18.071
Time in sec for current conv = 18.086
Starting fused batchNorm #13
Relu 13 called size=401408
Time in sec for current relu = 1.472
Conv2DCSF 16 called N=1, H=28, W=28, CI=512, FH=1, FW=1, CO=128, S=1
Matmul called s1,s2,s3 = 128 512 784
Time in sec for current matmul = 17.858
Time in sec for current conv = 17.861
Starting fused batchNorm #14
Relu 14 called size=100352
Time in sec for current relu = 0.373
Conv2DCSF 17 called N=1, H=28, W=28, CI=128, FH=3, FW=3, CO=128, S=1
Matmul called s1,s2,s3 = 128 1152 784
Time in sec for current matmul = 39.197
Time in sec for current conv = 39.203
Starting fused batchNorm #15
Relu 15 called size=100352
Time in sec for current relu = 0.349
Conv2DCSF 18 called N=1, H=28, W=28, CI=128, FH=1, FW=1, CO=512, S=1
Matmul called s1,s2,s3 = 512 128 784
Time in sec for current matmul = 18.088
Time in sec for current conv = 18.092
Starting fused batchNorm #16
Relu 16 called size=401408
Time in sec for current relu = 1.486
Conv2DCSF 19 called N=1, H=28, W=28, CI=512, FH=1, FW=1, CO=128, S=1
Matmul called s1,s2,s3 = 128 512 784
Time in sec for current matmul = 17.909
Time in sec for current conv = 17.912
Starting fused batchNorm #17
Relu 17 called size=100352
Time in sec for current relu = 0.355
Conv2DCSF 20 called N=1, H=28, W=28, CI=128, FH=3, FW=3, CO=128, S=1
Matmul called s1,s2,s3 = 128 1152 784
Time in sec for current matmul = 39.577
Time in sec for current conv = 39.583
Starting fused batchNorm #18
Relu 18 called size=100352
Time in sec for current relu = 0.371
Conv2DCSF 21 called N=1, H=28, W=28, CI=128, FH=1, FW=1, CO=512, S=1
Matmul called s1,s2,s3 = 512 128 784
Time in sec for current matmul = 17.766
Time in sec for current conv = 17.77
Starting fused batchNorm #19
Relu 19 called size=401408
Time in sec for current relu = 1.545
Conv2DCSF 22 called N=1, H=28, W=28, CI=512, FH=1, FW=1, CO=128, S=1
Matmul called s1,s2,s3 = 128 512 784
Time in sec for current matmul = 17.886
Time in sec for current conv = 17.889
Starting fused batchNorm #20
Relu 20 called size=100352
Time in sec for current relu = 0.358
Conv2DCSF 23 called N=1, H=28, W=28, CI=128, FH=3, FW=3, CO=128, S=1
Matmul called s1,s2,s3 = 128 1152 784
Time in sec for current matmul = 39.298
Time in sec for current conv = 39.304
Starting fused batchNorm #21
Relu 21 called size=100352
Time in sec for current relu = 0.356
Conv2DCSF 24 called N=1, H=28, W=28, CI=128, FH=1, FW=1, CO=512, S=1
Matmul called s1,s2,s3 = 512 128 784
Time in sec for current matmul = 17.961
Time in sec for current conv = 17.965
Starting fused batchNorm #22
Relu 22 called size=401408
Time in sec for current relu = 1.506
Conv2DCSF 25 called N=1, H=28, W=28, CI=512, FH=1, FW=1, CO=1024, S=2
Matmul called s1,s2,s3 = 1024 512 196
Time in sec for current matmul = 34.097
Time in sec for current conv = 34.102
Conv2DCSF 26 called N=1, H=28, W=28, CI=512, FH=1, FW=1, CO=256, S=1
Matmul called s1,s2,s3 = 256 512 784
Time in sec for current matmul = 34.857
Time in sec for current conv = 34.862
Starting fused batchNorm #23
Relu 23 called size=200704
Time in sec for current relu = 0.758
Conv2DCSF 27 called N=1, H=30, W=30, CI=256, FH=3, FW=3, CO=256, S=2
Matmul called s1,s2,s3 = 256 2304 196
Time in sec for current matmul = 38.13
Time in sec for current conv = 38.136
Starting fused batchNorm #24
Relu 24 called size=50176
Time in sec for current relu = 0.189
Conv2DCSF 28 called N=1, H=14, W=14, CI=256, FH=1, FW=1, CO=1024, S=1
Matmul called s1,s2,s3 = 1024 256 196
Time in sec for current matmul = 17.188
Time in sec for current conv = 17.192
Starting fused batchNorm #25
Relu 25 called size=200704
Time in sec for current relu = 0.731
Conv2DCSF 29 called N=1, H=14, W=14, CI=1024, FH=1, FW=1, CO=256, S=1
Matmul called s1,s2,s3 = 256 1024 196
Time in sec for current matmul = 17.453
Time in sec for current conv = 17.456
Starting fused batchNorm #26
Relu 26 called size=50176
Time in sec for current relu = 0.182
Conv2DCSF 30 called N=1, H=14, W=14, CI=256, FH=3, FW=3, CO=256, S=1
Matmul called s1,s2,s3 = 256 2304 196
Time in sec for current matmul = 38.033
Time in sec for current conv = 38.04
Starting fused batchNorm #27
Relu 27 called size=50176
Time in sec for current relu = 0.198
Conv2DCSF 31 called N=1, H=14, W=14, CI=256, FH=1, FW=1, CO=1024, S=1
Matmul called s1,s2,s3 = 1024 256 196
Time in sec for current matmul = 17.264
Time in sec for current conv = 17.268
Starting fused batchNorm #28
Relu 28 called size=200704
Time in sec for current relu = 0.726
Conv2DCSF 32 called N=1, H=14, W=14, CI=1024, FH=1, FW=1, CO=256, S=1
Matmul called s1,s2,s3 = 256 1024 196
Time in sec for current matmul = 17.696
Time in sec for current conv = 17.699
Starting fused batchNorm #29
Relu 29 called size=50176
Time in sec for current relu = 0.186
Conv2DCSF 33 called N=1, H=14, W=14, CI=256, FH=3, FW=3, CO=256, S=1
Matmul called s1,s2,s3 = 256 2304 196
Time in sec for current matmul = 38.607
Time in sec for current conv = 38.613
Starting fused batchNorm #30
Relu 30 called size=50176
Time in sec for current relu = 0.184
Conv2DCSF 34 called N=1, H=14, W=14, CI=256, FH=1, FW=1, CO=1024, S=1
Matmul called s1,s2,s3 = 1024 256 196
Time in sec for current matmul = 17.396
Time in sec for current conv = 17.4
Starting fused batchNorm #31
Relu 31 called size=200704
Time in sec for current relu = 0.761
Conv2DCSF 35 called N=1, H=14, W=14, CI=1024, FH=1, FW=1, CO=256, S=1
Matmul called s1,s2,s3 = 256 1024 196
Time in sec for current matmul = 17.681
Time in sec for current conv = 17.684
Starting fused batchNorm #32
Relu 32 called size=50176
Time in sec for current relu = 0.186
Conv2DCSF 36 called N=1, H=14, W=14, CI=256, FH=3, FW=3, CO=256, S=1
Matmul called s1,s2,s3 = 256 2304 196
Time in sec for current matmul = 38.576
Time in sec for current conv = 38.583
Starting fused batchNorm #33
Relu 33 called size=50176
Time in sec for current relu = 0.186
Conv2DCSF 37 called N=1, H=14, W=14, CI=256, FH=1, FW=1, CO=1024, S=1
Matmul called s1,s2,s3 = 1024 256 196
Time in sec for current matmul = 17.341
Time in sec for current conv = 17.344
Starting fused batchNorm #34
Relu 34 called size=200704
Time in sec for current relu = 0.729
Conv2DCSF 38 called N=1, H=14, W=14, CI=1024, FH=1, FW=1, CO=256, S=1
Matmul called s1,s2,s3 = 256 1024 196
Time in sec for current matmul = 17.6
Time in sec for current conv = 17.603
Starting fused batchNorm #35
Relu 35 called size=50176
Time in sec for current relu = 0.181
Conv2DCSF 39 called N=1, H=14, W=14, CI=256, FH=3, FW=3, CO=256, S=1
Matmul called s1,s2,s3 = 256 2304 196
Time in sec for current matmul = 38.412
Time in sec for current conv = 38.42
Starting fused batchNorm #36
Relu 36 called size=50176
Time in sec for current relu = 0.184
Conv2DCSF 40 called N=1, H=14, W=14, CI=256, FH=1, FW=1, CO=1024, S=1
Matmul called s1,s2,s3 = 1024 256 196
Time in sec for current matmul = 17.457
Time in sec for current conv = 17.461
Starting fused batchNorm #37
Relu 37 called size=200704
Time in sec for current relu = 0.747
Conv2DCSF 41 called N=1, H=14, W=14, CI=1024, FH=1, FW=1, CO=256, S=1
Matmul called s1,s2,s3 = 256 1024 196
Time in sec for current matmul = 17.528
Time in sec for current conv = 17.53
Starting fused batchNorm #38
Relu 38 called size=50176
Time in sec for current relu = 0.182
Conv2DCSF 42 called N=1, H=14, W=14, CI=256, FH=3, FW=3, CO=256, S=1
Matmul called s1,s2,s3 = 256 2304 196
Time in sec for current matmul = 38.413
Time in sec for current conv = 38.42
Starting fused batchNorm #39
Relu 39 called size=50176
Time in sec for current relu = 0.189
Conv2DCSF 43 called N=1, H=14, W=14, CI=256, FH=1, FW=1, CO=1024, S=1
Matmul called s1,s2,s3 = 1024 256 196
Time in sec for current matmul = 17.369
Time in sec for current conv = 17.374
Starting fused batchNorm #40
Relu 40 called size=200704
Time in sec for current relu = 0.767
Conv2DCSF 44 called N=1, H=14, W=14, CI=1024, FH=1, FW=1, CO=2048, S=2
Matmul called s1,s2,s3 = 2048 1024 49
Time in sec for current matmul = 33.525
Time in sec for current conv = 33.54
Conv2DCSF 45 called N=1, H=14, W=14, CI=1024, FH=1, FW=1, CO=512, S=1
Matmul called s1,s2,s3 = 512 1024 196
Time in sec for current matmul = 33.756
Time in sec for current conv = 33.761
Starting fused batchNorm #41
Relu 41 called size=100352
Time in sec for current relu = 0.368
Conv2DCSF 46 called N=1, H=16, W=16, CI=512, FH=3, FW=3, CO=512, S=2
Matmul called s1,s2,s3 = 512 4608 49
Time in sec for current matmul = 37.925
Time in sec for current conv = 37.957
Starting fused batchNorm #42
Relu 42 called size=25088
Time in sec for current relu = 0.092
Conv2DCSF 47 called N=1, H=7, W=7, CI=512, FH=1, FW=1, CO=2048, S=1
Matmul called s1,s2,s3 = 2048 512 49
Time in sec for current matmul = 17.226
Time in sec for current conv = 17.235
Starting fused batchNorm #43
Relu 43 called size=100352
Time in sec for current relu = 0.359
Conv2DCSF 48 called N=1, H=7, W=7, CI=2048, FH=1, FW=1, CO=512, S=1
Matmul called s1,s2,s3 = 512 2048 49
Time in sec for current matmul = 17.413
Time in sec for current conv = 17.432
Starting fused batchNorm #44
Relu 44 called size=25088
Time in sec for current relu = 0.092
Conv2DCSF 49 called N=1, H=7, W=7, CI=512, FH=3, FW=3, CO=512, S=1
Matmul called s1,s2,s3 = 512 4608 49
Time in sec for current matmul = 37.73
Time in sec for current conv = 37.762
Starting fused batchNorm #45
Relu 45 called size=25088
Time in sec for current relu = 0.096
Conv2DCSF 50 called N=1, H=7, W=7, CI=512, FH=1, FW=1, CO=2048, S=1
Matmul called s1,s2,s3 = 2048 512 49
Time in sec for current matmul = 17.258
Time in sec for current conv = 17.266
Starting fused batchNorm #46
Relu 46 called size=100352
Time in sec for current relu = 0.356
Conv2DCSF 51 called N=1, H=7, W=7, CI=2048, FH=1, FW=1, CO=512, S=1
Matmul called s1,s2,s3 = 512 2048 49
Time in sec for current matmul = 17.476
Time in sec for current conv = 17.489
Starting fused batchNorm #47
Relu 47 called size=25088
Time in sec for current relu = 0.121
Conv2DCSF 52 called N=1, H=7, W=7, CI=512, FH=3, FW=3, CO=512, S=1
Matmul called s1,s2,s3 = 512 4608 49
Time in sec for current matmul = 38.04
Time in sec for current conv = 38.069
Starting fused batchNorm #48
Relu 48 called size=25088
Time in sec for current relu = 0.111
Conv2DCSF 53 called N=1, H=7, W=7, CI=512, FH=1, FW=1, CO=2048, S=1
Matmul called s1,s2,s3 = 2048 512 49
Time in sec for current matmul = 17.215
Time in sec for current conv = 17.222
Starting fused batchNorm #49
Relu 49 called size=100352
Time in sec for current relu = 0.358
AvgPool 1 called N=1, H=1, W=1, C=2048, ksizeH=7, ksizeW=7
Time in sec for current avgpool = 0.034
Matmul called s1,s2,s3 = 1 2048 1001
Time in sec for current matmul = 1.17
ArgMax 1 called, s1=1, s2=1001
Elapsed wall time: 1580.73 seconds
Elapsed CPU time: 6314.03 seconds
CPU usage: 39.9438 %
Elapsed time: 1580.94 seconds
Estimated energy used: 1.26297e+06 joules
Thread i = 0, total data sent till now = 120995243055
Thread i = 1, total data sent till now = 113433694949
Thread i = 2, total data sent till now = 115071019410
Thread i = 3, total data sent till now = 113347123941
------------------------------------------------------
------------------------------------------------------
------------------------------------------------------
Total time taken = 1574358 milliseconds.
Total data sent = 441404 MiB.
Number of rounds = 4809
Average CPU usage across all segments: 33.3849 %
Peak CPU usage during computation: 44.5206 %
Total comm (sent+received) = (see SERVER OUTPUT)
------------------------------------------------------
Total time in Conv = 1377.52 seconds.
Total time in MatMul = 1378.23 seconds.
Total time in BatchNorm = 29.992 seconds.
Total time in Truncation = 124.827 seconds.
Total time in Relu = 34.216 seconds.
Total time in MaxPool = 6.029 seconds.
Total time in AvgPool = 0.034 seconds.
Total time in ArgMax = 0.063 seconds.
Total time in MatAdd = 0 seconds.
Total time in MatAddBroadCast = 0 seconds.
Total time in MulCir = 0 seconds.
Total time in ScalarMul = 0 seconds.
Total time in Sigmoid = 0 seconds.
Total time in Tanh = 0 seconds.
Total time in Sqrt = 0 seconds.
Total time in NormaliseL2 = 0 seconds.
------------------------------------------------------
Conv data sent = 212094 MiB.
MatMul data sent = 212200 MiB.
BatchNorm data sent = 3370.13 MiB.
Truncation data sent = 6630.7 MiB.
Relu data sent = 2812.28 MiB.
Maxpool data sent = 502.59 MiB.
Avgpool data sent = 1.44458 MiB.
ArgMax data sent = 0.652344 MiB.
MatAdd data sent = 0 MiB.
MatAddBroadCast data sent = 0 MiB.
MulCir data sent = 0 MiB.
Sigmoid data sent = 0 MiB.
Tanh data sent = 0 MiB.
Sqrt data sent = 0 MiB.
NormaliseL2 data sent = 0 MiB.
------------------------------------------------------
249
