Number of CPU cores: 8
Using Eigen for Matmul
Doing BaseOT ...
using silent ot pack
using silent ot pack
using silent ot pack
using silent ot pack
After one-time setup, communication
Thread i = 0, total data sent till now = 1997792
Thread i = 1, total data sent till now = 1726247
Thread i = 2, total data sent till now = 1726247
Thread i = 3, total data sent till now = 1726247
-----------Syncronizing-----------
secret_share_mod: 137438953472 bitlength: 37
backend: Ring-SilentOT-Cheetah
-----------Syncronized - now starting execution-----------
HomConv #1 called N=1, H=227, W=227, CI=3, FH=3, FW=3, CO=64, S=2, Padding VALID (0 0 0 0)
Time in sec for current conv = [1.428] sent [2.85759] MB
expect 91848966 but got 91848967
expect 33808091 but got 33808092
expect -221650280 but got -221650281
expect -149972189 but got -149972190
[32mConvolution Output Matches[0m
Maxpool 1 called N=1, H=56, W=56, C=64, ksizeH=3, ksizeW=3
Time in sec for current maxpool = 7.12
Relu #1 on 200704 points, truncate=1 by 12 bits
Mill dotrunc 1 on 16 bits using b = 4
Mill dotrunc 1 on 16 bits using b = 4
Mill dotrunc 1 on 16 bits using b = 4
Mill dotrunc 1 on 16 bits using b = 4
Time in sec for current relu = 2.61
HomConv #2 called N=1, H=56, W=56, CI=64, FH=1, FW=1, CO=16, S=1, Padding VALID (0 0 0 0)
Time in sec for current conv = [0.108] sent [3.81006] MB
expect 583836984 but got 583836985
expect 1027167160 but got 1027167161
[32mConvolution Output Matches[0m
Relu #3 on 50176 points, truncate=1 by 12 bits
Mill dotrunc 1 on 16 bits using b = 4
Mill dotrunc 1 on 16 bits using b = 4
Mill dotrunc 1 on 16 bits using b = 4
Mill dotrunc 1 on 16 bits using b = 4
Time in sec for current relu = 0.093
HomConv #3 called N=1, H=56, W=56, CI=16, FH=1, FW=1, CO=64, S=1, Padding VALID (0 0 0 0)
Time in sec for current conv = [0.112] sent [0.952473] MB
expect 1569387105 but got 1569387106
expect 5935395 but got 5935396
expect -242345464 but got -242345465
expect 2513462285 but got 2513462284
[32mConvolution Output Matches[0m
Relu #5 on 200704 points, truncate=1 by 12 bits
Mill dotrunc 1 on 16 bits using b = 4
Mill dotrunc 1 on 16 bits using b = 4
Mill dotrunc 1 on 16 bits using b = 4
Mill dotrunc 1 on 16 bits using b = 4
Time in sec for current relu = 0.25
HomConv #4 called N=1, H=56, W=56, CI=16, FH=3, FW=3, CO=64, S=1, Padding SAME (1 1 1 1)
Time in sec for current conv = [0.201] sent [0.952525] MB
expect -2335705452 but got -2335705451
expect 664929058 but got 664929059
expect -672814132 but got -672814133
expect 221930132 but got 221930131
[32mConvolution Output Matches[0m
Relu #7 on 200704 points, truncate=1 by 12 bits
Mill dotrunc 1 on 16 bits using b = 4
Mill dotrunc 1 on 16 bits using b = 4
Mill dotrunc 1 on 16 bits using b = 4
Mill dotrunc 1 on 16 bits using b = 4
Time in sec for current relu = 0.268
HomConv #5 called N=1, H=56, W=56, CI=128, FH=1, FW=1, CO=16, S=1, Padding VALID (0 0 0 0)
Time in sec for current conv = [0.188] sent [7.62003] MB
expect 2226425482 but got 2226425483
expect 5142274241 but got 5142274242
[32mConvolution Output Matches[0m
Relu #9 on 50176 points, truncate=1 by 12 bits
Mill dotrunc 1 on 16 bits using b = 4
Mill dotrunc 1 on 16 bits using b = 4
Mill dotrunc 1 on 16 bits using b = 4
Mill dotrunc 1 on 16 bits using b = 4
Time in sec for current relu = 0.08
HomConv #6 called N=1, H=56, W=56, CI=16, FH=1, FW=1, CO=64, S=1, Padding VALID (0 0 0 0)
Time in sec for current conv = [0.109] sent [0.952541] MB
expect 79513539 but got 79513540
expect -1420413836 but got -1420413835
expect 701391025 but got 701391024
[32mConvolution Output Matches[0m
Relu #11 on 200704 points, truncate=1 by 12 bits
Mill dotrunc 1 on 16 bits using b = 4
Mill dotrunc 1 on 16 bits using b = 4
Mill dotrunc 1 on 16 bits using b = 4
Mill dotrunc 1 on 16 bits using b = 4
Time in sec for current relu = 0.265
HomConv #7 called N=1, H=56, W=56, CI=16, FH=3, FW=3, CO=64, S=1, Padding SAME (1 1 1 1)
Time in sec for current conv = [0.2] sent [0.95254] MB
expect -812322072 but got -812322071
expect 1974223877 but got 1974223878
expect -1978091348 but got -1978091349
expect 248205852 but got 248205851
[32mConvolution Output Matches[0m
Relu #13 on 200704 points, truncate=1 by 12 bits
Mill dotrunc 1 on 16 bits using b = 4
Mill dotrunc 1 on 16 bits using b = 4
Mill dotrunc 1 on 16 bits using b = 4
Mill dotrunc 1 on 16 bits using b = 4
Time in sec for current relu = 0.247
Maxpool 2 called N=1, H=27, W=27, C=128, ksizeH=3, ksizeW=3
Time in sec for current maxpool = 4.583
HomConv #8 called N=1, H=27, W=27, CI=128, FH=1, FW=1, CO=32, S=1, Padding VALID (0 0 0 0)
Time in sec for current conv = [0.127] sent [1.54786] MB
expect 5427434684 but got 5427434685
expect 1332751489 but got 1332751490
[32mConvolution Output Matches[0m
Relu #15 on 23328 points, truncate=1 by 12 bits
Mill dotrunc 1 on 16 bits using b = 4
Mill dotrunc 1 on 16 bits using b = 4
Mill dotrunc 1 on 16 bits using b = 4
Mill dotrunc 1 on 16 bits using b = 4
Time in sec for current relu = 0.045
HomConv #9 called N=1, H=27, W=27, CI=32, FH=1, FW=1, CO=128, S=1, Padding VALID (0 0 0 0)
Time in sec for current conv = [0.166] sent [0.416771] MB
expect -198863882 but got -198863881
expect -1380962708 but got -1380962707
expect 810544533 but got 810544532
[32mConvolution Output Matches[0m
Relu #17 on 93312 points, truncate=1 by 12 bits
Mill dotrunc 1 on 16 bits using b = 4
Mill dotrunc 1 on 16 bits using b = 4
Mill dotrunc 1 on 16 bits using b = 4
Mill dotrunc 1 on 16 bits using b = 4
Time in sec for current relu = 0.146
HomConv #10 called N=1, H=27, W=27, CI=32, FH=3, FW=3, CO=128, S=1, Padding SAME (1 1 1 1)
Time in sec for current conv = [0.186] sent [0.476176] MB
expect -4750804484 but got -4750804483
expect -108237335 but got -108237334
expect -7087308328 but got -7087308329
expect 519656141 but got 519656140
[32mConvolution Output Matches[0m
Relu #19 on 93312 points, truncate=1 by 12 bits
Mill dotrunc 1 on 16 bits using b = 4
Mill dotrunc 1 on 16 bits using b = 4
Mill dotrunc 1 on 16 bits using b = 4
Mill dotrunc 1 on 16 bits using b = 4
Time in sec for current relu = 0.144
HomConv #11 called N=1, H=27, W=27, CI=256, FH=1, FW=1, CO=32, S=1, Padding VALID (0 0 0 0)
Time in sec for current conv = [0.205] sent [3.09577] MB
expect 3554660503 but got 3554660504
expect 8109829669 but got 8109829670
[32mConvolution Output Matches[0m
Relu #21 on 23328 points, truncate=1 by 12 bits
Mill dotrunc 1 on 16 bits using b = 4
Mill dotrunc 1 on 16 bits using b = 4
Mill dotrunc 1 on 16 bits using b = 4
Mill dotrunc 1 on 16 bits using b = 4
Time in sec for current relu = 0.049
HomConv #12 called N=1, H=27, W=27, CI=32, FH=1, FW=1, CO=128, S=1, Padding VALID (0 0 0 0)
Time in sec for current conv = [0.191] sent [0.416736] MB
expect -437944802 but got -437944801
expect 549915996 but got 549915997
[32mConvolution Output Matches[0m
Relu #23 on 93312 points, truncate=1 by 12 bits
Mill dotrunc 1 on 16 bits using b = 4
Mill dotrunc 1 on 16 bits using b = 4
Mill dotrunc 1 on 16 bits using b = 4
Mill dotrunc 1 on 16 bits using b = 4
Time in sec for current relu = 0.162
HomConv #13 called N=1, H=27, W=27, CI=32, FH=3, FW=3, CO=128, S=1, Padding SAME (1 1 1 1)
Time in sec for current conv = [0.204] sent [0.476252] MB
expect 137906825 but got 137906826
expect -5428540251 but got -5428540250
expect -1144303054 but got -1144303055
[32mConvolution Output Matches[0m
Relu #25 on 93312 points, truncate=1 by 12 bits
Mill dotrunc 1 on 16 bits using b = 4
Mill dotrunc 1 on 16 bits using b = 4
Mill dotrunc 1 on 16 bits using b = 4
Mill dotrunc 1 on 16 bits using b = 4
Time in sec for current relu = 0.127
Maxpool 3 called N=1, H=13, W=13, C=256, ksizeH=3, ksizeW=3
Time in sec for current maxpool = 5.679
HomConv #14 called N=1, H=13, W=13, CI=256, FH=1, FW=1, CO=48, S=1, Padding VALID (0 0 0 0)
Time in sec for current conv = [0.097] sent [0.654803] MB
expect 458809224 but got 458809225
expect 1365588730 but got 1365588731
expect 8013749965 but got 8013749964
[32mConvolution Output Matches[0m
Relu #27 on 8112 points, truncate=1 by 12 bits
Mill dotrunc 1 on 16 bits using b = 4
Mill dotrunc 1 on 16 bits using b = 4
Mill dotrunc 1 on 16 bits using b = 4
Mill dotrunc 1 on 16 bits using b = 4
Time in sec for current relu = 0.021
HomConv #15 called N=1, H=13, W=13, CI=48, FH=1, FW=1, CO=192, S=1, Padding VALID (0 0 0 0)
Time in sec for current conv = [0.162] sent [0.119132] MB
expect -1132255105 but got -1132255104
expect 967666514 but got 967666515
[32mConvolution Output Matches[0m
Relu #29 on 32448 points, truncate=1 by 12 bits
Mill dotrunc 1 on 16 bits using b = 4
Mill dotrunc 1 on 16 bits using b = 4
Mill dotrunc 1 on 16 bits using b = 4
Mill dotrunc 1 on 16 bits using b = 4
Time in sec for current relu = 0.064
HomConv #16 called N=1, H=13, W=13, CI=48, FH=3, FW=3, CO=192, S=1, Padding SAME (1 1 1 1)
Time in sec for current conv = [0.178] sent [0.178601] MB
expect 42025101 but got 42025102
expect -7076906589 but got -7076906588
[32mConvolution Output Matches[0m
Relu #31 on 32448 points, truncate=1 by 12 bits
Mill dotrunc 1 on 16 bits using b = 4
Mill dotrunc 1 on 16 bits using b = 4
Mill dotrunc 1 on 16 bits using b = 4
Mill dotrunc 1 on 16 bits using b = 4
Time in sec for current relu = 0.064
HomConv #17 called N=1, H=13, W=13, CI=384, FH=1, FW=1, CO=48, S=1, Padding VALID (0 0 0 0)
Time in sec for current conv = [0.116] sent [0.95246] MB
expect 30480064 but got 30480065
expect 2397424187 but got 2397424188
[32mConvolution Output Matches[0m
Relu #33 on 8112 points, truncate=1 by 12 bits
Mill dotrunc 1 on 16 bits using b = 4
Mill dotrunc 1 on 16 bits using b = 4
Mill dotrunc 1 on 16 bits using b = 4
Mill dotrunc 1 on 16 bits using b = 4
Time in sec for current relu = 0.016
HomConv #18 called N=1, H=13, W=13, CI=48, FH=1, FW=1, CO=192, S=1, Padding VALID (0 0 0 0)
Time in sec for current conv = [0.162] sent [0.119063] MB
expect -295088691 but got -295088690
expect -518403785 but got -518403784
expect 2022274346 but got 2022274345
[32mConvolution Output Matches[0m
Relu #35 on 32448 points, truncate=1 by 12 bits
Mill dotrunc 1 on 16 bits using b = 4
Mill dotrunc 1 on 16 bits using b = 4
Mill dotrunc 1 on 16 bits using b = 4
Mill dotrunc 1 on 16 bits using b = 4
Time in sec for current relu = 0.064
HomConv #19 called N=1, H=13, W=13, CI=48, FH=3, FW=3, CO=192, S=1, Padding SAME (1 1 1 1)
Time in sec for current conv = [0.196] sent [0.178587] MB
expect 12740781548 but got 12740781549
expect 5294050284 but got 5294050285
expect 41719258525 but got 41719258524
[32mConvolution Output Matches[0m
Relu #37 on 32448 points, truncate=1 by 12 bits
Mill dotrunc 1 on 16 bits using b = 4
Mill dotrunc 1 on 16 bits using b = 4
Mill dotrunc 1 on 16 bits using b = 4
Mill dotrunc 1 on 16 bits using b = 4
Time in sec for current relu = 0.046
HomConv #20 called N=1, H=13, W=13, CI=384, FH=1, FW=1, CO=64, S=1, Padding VALID (0 0 0 0)
Time in sec for current conv = [0.158] sent [0.952514] MB
expect -45342459955 but got -45342459954
expect 24786979793 but got 24786979794
[32mConvolution Output Matches[0m
Relu #39 on 10816 points, truncate=1 by 12 bits
Mill dotrunc 1 on 16 bits using b = 4
Mill dotrunc 1 on 16 bits using b = 4
Mill dotrunc 1 on 16 bits using b = 4
Mill dotrunc 1 on 16 bits using b = 4
Time in sec for current relu = 0.025
HomConv #21 called N=1, H=13, W=13, CI=64, FH=1, FW=1, CO=256, S=1, Padding VALID (0 0 0 0)
Time in sec for current conv = [0.222] sent [0.178611] MB
expect 2540811463 but got 2540811464
expect -30581743360 but got -30581743359
[32mConvolution Output Matches[0m
Relu #41 on 43264 points, truncate=1 by 12 bits
Mill dotrunc 1 on 16 bits using b = 4
Mill dotrunc 1 on 16 bits using b = 4
Mill dotrunc 1 on 16 bits using b = 4
Mill dotrunc 1 on 16 bits using b = 4
Time in sec for current relu = 0.081
HomConv #22 called N=1, H=13, W=13, CI=64, FH=3, FW=3, CO=256, S=1, Padding SAME (1 1 1 1)
Time in sec for current conv = [0.244] sent [0.238127] MB
expect -11144225381 but got -11144225380
expect -19845311974 but got -19845311973
[32mConvolution Output Matches[0m
Relu #43 on 43264 points, truncate=1 by 12 bits
Mill dotrunc 1 on 16 bits using b = 4
Mill dotrunc 1 on 16 bits using b = 4
Mill dotrunc 1 on 16 bits using b = 4
Mill dotrunc 1 on 16 bits using b = 4
Time in sec for current relu = 0.074
HomConv #23 called N=1, H=13, W=13, CI=512, FH=1, FW=1, CO=64, S=1, Padding VALID (0 0 0 0)
Time in sec for current conv = [0.18] sent [1.30963] MB
expect -961088264 but got -961088263
expect 12483684016 but got 12483684017
[32mConvolution Output Matches[0m
Relu #45 on 10816 points, truncate=1 by 12 bits
Mill dotrunc 1 on 16 bits using b = 4
Mill dotrunc 1 on 16 bits using b = 4
Mill dotrunc 1 on 16 bits using b = 4
Mill dotrunc 1 on 16 bits using b = 4
Time in sec for current relu = 0.026
HomConv #24 called N=1, H=13, W=13, CI=64, FH=1, FW=1, CO=256, S=1, Padding VALID (0 0 0 0)
Time in sec for current conv = [0.218] sent [0.178613] MB
expect -45985060340 but got -45985060339
expect 15386542539 but got 15386542540
expect 2007386107 but got 2007386106
[32mConvolution Output Matches[0m
Relu #47 on 43264 points, truncate=1 by 12 bits
Mill dotrunc 1 on 16 bits using b = 4
Mill dotrunc 1 on 16 bits using b = 4
Mill dotrunc 1 on 16 bits using b = 4
Mill dotrunc 1 on 16 bits using b = 4
Time in sec for current relu = 0.084
HomConv #25 called N=1, H=13, W=13, CI=64, FH=3, FW=3, CO=256, S=1, Padding SAME (1 1 1 1)
Time in sec for current conv = [0.252] sent [0.238149] MB
expect -773998316 but got -773998315
expect -40525620329 but got -40525620328
expect -66489298386 but got -66489298387
[32mConvolution Output Matches[0m
Relu #49 on 43264 points, truncate=1 by 12 bits
Mill dotrunc 1 on 16 bits using b = 4
Mill dotrunc 1 on 16 bits using b = 4
Mill dotrunc 1 on 16 bits using b = 4
Mill dotrunc 1 on 16 bits using b = 4
Time in sec for current relu = 0.085
HomConv #26 called N=1, H=13, W=13, CI=512, FH=1, FW=1, CO=1000, S=1, Padding VALID (0 0 0 0)
Time in sec for current conv = [2.307] sent [1.30961] MB
expect 56632453616 but got 56632453617
expect -9091992815 but got -9091992814
expect 48092096022 but got 48092096021
[32mConvolution Output Matches[0m
Relu #51 on 169000 points, truncate=1 by 12 bits
Mill dotrunc 1 on 16 bits using b = 4
Mill dotrunc 1 on 16 bits using b = 4
Mill dotrunc 1 on 16 bits using b = 4
Mill dotrunc 1 on 16 bits using b = 4
Time in sec for current relu = 0.248
AvgPool 1 called N=1, H=1, W=1, C=1000, ksizeH=13, ksizeW=13
Time in sec for current avgpool = 0.033
ArgMax 1 called, s1=1, s2=1000
Elapsed wall time: 39.4923 seconds
Elapsed CPU time: 88.34 seconds
CPU usage: 27.9611 %
Test end computation
Elapsed time: 39.5517 seconds
Estimated energy used: 22118.2 joules
Thread i = 0, total data sent till now = 48299636
Thread i = 1, total data sent till now = 46158242
Thread i = 2, total data sent till now = 15339225
Thread i = 3, total data sent till now = 46160049
------------------------------------------------------
------------------------------------------------------
------------------------------------------------------
Total time taken = 31659 milliseconds.
Total data sent = 141.888 MiB.
Number of rounds = 802
Total comm (sent+received) = (see SERVER OUTPUT)
------------------------------------------------------
Average CPU usage across all segments: 50.1569 %
Peak CPU usage during computation: 3062.67 %
Total time in Conv = 7.917 seconds.
Total time in MatMul = 0 seconds.
Total time in BatchNorm = 0 seconds.
Total time in Truncation = 0.15 seconds.
Total time in Relu = 5.384 seconds.
Total time in MaxPool = 17.382 seconds.
Total time in AvgPool = 0.033 seconds.
Total time in ArgMax = 0.012 seconds.
Total time in MatAdd = 0 seconds.
Total time in MatAddBroadCast = 0 seconds.
Total time in MulCir = 0 seconds.
Total time in ScalarMul = 0 seconds.
Total time in Sigmoid = 0 seconds.
Total time in Tanh = 0 seconds.
Total time in Sqrt = 0 seconds.
Total time in NormaliseL2 = 0 seconds.
------------------------------------------------------
Conv data sent = 31.1352 MiB.
MatMul data sent = 0 MiB.
BatchNorm data sent = 0 MiB.
Truncation data sent = 2.42572 MiB.
Relu data sent = 30.4029 MiB.
Maxpool data sent = 77.2877 MiB.
Avgpool data sent = 0.597395 MiB.
ArgMax data sent = 0.0393038 MiB.
MatAdd data sent = 0 MiB.
MatAddBroadCast data sent = 0 MiB.
MulCir data sent = 0 MiB.
Sigmoid data sent = 0 MiB.
Tanh data sent = 0 MiB.
Sqrt data sent = 0 MiB.
NormaliseL2 data sent = 0 MiB.
------------------------------------------------------
top-10 values from SqueezeNet
[1555.1755371,1543.7009277,1511.6013184,1479.4094238,1470.1870117,1466.0205078,1448.8330078,1444.8757324,1433.4348145,1426.9807129,]
predicted label = 691
