Number of CPU cores: 8
Using Eigen for Matmul
Doing BaseOT ...
using silent ot pack
using silent ot pack
using silent ot pack
using silent ot pack
After one-time setup, communication
Thread i = 0, total data sent till now = 1748076
Thread i = 1, total data sent till now = 1726247
Thread i = 2, total data sent till now = 1726247
Thread i = 3, total data sent till now = 1726247
-----------Syncronizing-----------
secret_share_mod: 137438953472 bitlength: 37
backend: Ring-SilentOT-Cheetah
-----------Syncronized - now starting execution-----------
HomConv #1 called N=1, H=230, W=230, CI=3, FH=7, FW=7, CO=64, S=2, Padding VALID (0 0 0 0)
Time in sec for current conv = [1.304] sent [49.6955] MB
Maxpool 1 called N=1, H=56, W=56, C=64, ksizeH=3, ksizeW=3
Time in sec for current maxpool = 7.432
Truncate #1 on 200704 points by 12 bits
HomBN #1 on shape [64, 56, 56]
Time in sec for current BN = [0.121] sent [3.09839] MB
Relu #1 on 200704 points, truncate=1 by 12 bits
Mill dotrunc 1 on 16 bits using b = 4
Mill dotrunc 1 on 16 bits using b = 4
Mill dotrunc 1 on 16 bits using b = 4
Mill dotrunc 1 on 16 bits using b = 4
Time in sec for current relu = 2.573
HomConv #2 called N=1, H=56, W=56, CI=64, FH=1, FW=1, CO=256, S=1, Padding VALID (0 0 0 0)
Time in sec for current conv = [0.564] sent [12.3934] MB
HomConv #3 called N=1, H=56, W=56, CI=64, FH=1, FW=1, CO=64, S=1, Padding VALID (0 0 0 0)
Time in sec for current conv = [0.306] sent [3.09854] MB
Relu #3 on 200704 points, truncate=1 by 12 bits
Mill dotrunc 1 on 16 bits using b = 4
Mill dotrunc 1 on 16 bits using b = 4
Mill dotrunc 1 on 16 bits using b = 4
Mill dotrunc 1 on 16 bits using b = 4
Time in sec for current relu = 0.329
HomConv #4 called N=1, H=56, W=56, CI=64, FH=3, FW=3, CO=64, S=1, Padding SAME (1 1 1 1)
Time in sec for current conv = [0.442] sent [3.10345] MB
Relu #5 on 200704 points, truncate=1 by 12 bits
Mill dotrunc 1 on 16 bits using b = 4
Mill dotrunc 1 on 16 bits using b = 4
Mill dotrunc 1 on 16 bits using b = 4
Mill dotrunc 1 on 16 bits using b = 4
Time in sec for current relu = 0.388
HomConv #5 called N=1, H=56, W=56, CI=64, FH=1, FW=1, CO=256, S=1, Padding VALID (0 0 0 0)
Time in sec for current conv = [0.494] sent [12.3931] MB
Truncate #2 on 802816 points by 12 bits
HomBN #2 on shape [256, 56, 56]
Time in sec for current BN = [0.45] sent [12.3942] MB
Relu #7 on 802816 points, truncate=1 by 12 bits
Mill dotrunc 1 on 16 bits using b = 4
Mill dotrunc 1 on 16 bits using b = 4
Mill dotrunc 1 on 16 bits using b = 4
Mill dotrunc 1 on 16 bits using b = 4
Time in sec for current relu = 1.242
HomConv #6 called N=1, H=56, W=56, CI=256, FH=1, FW=1, CO=64, S=1, Padding VALID (0 0 0 0)
Time in sec for current conv = [0.53] sent [3.0986] MB
Relu #9 on 200704 points, truncate=1 by 12 bits
Mill dotrunc 1 on 16 bits using b = 4
Mill dotrunc 1 on 16 bits using b = 4
Mill dotrunc 1 on 16 bits using b = 4
Mill dotrunc 1 on 16 bits using b = 4
Time in sec for current relu = 0.337
HomConv #7 called N=1, H=56, W=56, CI=64, FH=3, FW=3, CO=64, S=1, Padding SAME (1 1 1 1)
Time in sec for current conv = [0.439] sent [3.10354] MB
Relu #11 on 200704 points, truncate=1 by 12 bits
Mill dotrunc 1 on 16 bits using b = 4
Mill dotrunc 1 on 16 bits using b = 4
Mill dotrunc 1 on 16 bits using b = 4
Mill dotrunc 1 on 16 bits using b = 4
Time in sec for current relu = 2.634
HomConv #8 called N=1, H=56, W=56, CI=64, FH=1, FW=1, CO=256, S=1, Padding VALID (0 0 0 0)
Time in sec for current conv = [0.486] sent [12.3936] MB
Truncate #3 on 802816 points by 12 bits
HomBN #3 on shape [256, 56, 56]
Time in sec for current BN = [0.48] sent [12.3923] MB
Relu #13 on 802816 points, truncate=1 by 12 bits
Mill dotrunc 1 on 16 bits using b = 4
Mill dotrunc 1 on 16 bits using b = 4
Mill dotrunc 1 on 16 bits using b = 4
Mill dotrunc 1 on 16 bits using b = 4
Time in sec for current relu = 1.256
HomConv #9 called N=1, H=56, W=56, CI=256, FH=1, FW=1, CO=64, S=1, Padding VALID (0 0 0 0)
Time in sec for current conv = [0.516] sent [3.09834] MB
Relu #15 on 200704 points, truncate=1 by 12 bits
Mill dotrunc 1 on 16 bits using b = 4
Mill dotrunc 1 on 16 bits using b = 4
Mill dotrunc 1 on 16 bits using b = 4
Mill dotrunc 1 on 16 bits using b = 4
Time in sec for current relu = 0.361
HomConv #10 called N=1, H=56, W=56, CI=64, FH=3, FW=3, CO=64, S=1, Padding SAME (1 1 1 1)
Time in sec for current conv = [0.443] sent [3.1033] MB
Relu #17 on 200704 points, truncate=1 by 12 bits
Mill dotrunc 1 on 16 bits using b = 4
Mill dotrunc 1 on 16 bits using b = 4
Mill dotrunc 1 on 16 bits using b = 4
Mill dotrunc 1 on 16 bits using b = 4
Time in sec for current relu = 0.391
HomConv #11 called N=1, H=56, W=56, CI=64, FH=1, FW=1, CO=256, S=1, Padding VALID (0 0 0 0)
Time in sec for current conv = [0.49] sent [12.3934] MB
Truncate #4 on 802816 points by 12 bits
HomBN #4 on shape [256, 56, 56]
Time in sec for current BN = [0.469] sent [12.394] MB
Relu #19 on 802816 points, truncate=1 by 12 bits
Mill dotrunc 1 on 16 bits using b = 4
Mill dotrunc 1 on 16 bits using b = 4
Mill dotrunc 1 on 16 bits using b = 4
Mill dotrunc 1 on 16 bits using b = 4
Time in sec for current relu = 3.446
HomConv #12 called N=1, H=56, W=56, CI=256, FH=1, FW=1, CO=512, S=2, Padding VALID (0 0 0 0)
Time in sec for current conv = [2.367] sent [17.3595] MB
HomConv #13 called N=1, H=56, W=56, CI=256, FH=1, FW=1, CO=128, S=1, Padding VALID (0 0 0 0)
Time in sec for current conv = [0.983] sent [6.19664] MB
Relu #21 on 401408 points, truncate=1 by 12 bits
Mill dotrunc 1 on 16 bits using b = 4
Mill dotrunc 1 on 16 bits using b = 4
Mill dotrunc 1 on 16 bits using b = 4
Mill dotrunc 1 on 16 bits using b = 4
Time in sec for current relu = 2.941
HomConv #14 called N=1, H=58, W=58, CI=128, FH=3, FW=3, CO=128, S=2, Padding VALID (0 0 0 0)
Time in sec for current conv = [1.464] sent [6.20722] MB
Relu #23 on 100352 points, truncate=1 by 12 bits
Mill dotrunc 1 on 16 bits using b = 4
Mill dotrunc 1 on 16 bits using b = 4
Mill dotrunc 1 on 16 bits using b = 4
Mill dotrunc 1 on 16 bits using b = 4
Time in sec for current relu = 0.235
HomConv #15 called N=1, H=28, W=28, CI=128, FH=1, FW=1, CO=512, S=1, Padding VALID (0 0 0 0)
Time in sec for current conv = [1.304] sent [17.3603] MB
Truncate #5 on 401408 points by 12 bits
HomBN #1 via element-wise mult on 401408 points
Relu #25 on 401408 points, truncate=1 by 12 bits
Mill dotrunc 1 on 16 bits using b = 4
Mill dotrunc 1 on 16 bits using b = 4
Mill dotrunc 1 on 16 bits using b = 4
Mill dotrunc 1 on 16 bits using b = 4
Time in sec for current relu = 0.591
HomConv #16 called N=1, H=28, W=28, CI=512, FH=1, FW=1, CO=128, S=1, Padding VALID (0 0 0 0)
Time in sec for current conv = [1.149] sent [4.33984] MB
Relu #27 on 100352 points, truncate=1 by 12 bits
Mill dotrunc 1 on 16 bits using b = 4
Mill dotrunc 1 on 16 bits using b = 4
Mill dotrunc 1 on 16 bits using b = 4
Mill dotrunc 1 on 16 bits using b = 4
Time in sec for current relu = 0.177
HomConv #17 called N=1, H=28, W=28, CI=128, FH=3, FW=3, CO=128, S=1, Padding SAME (1 1 1 1)
Time in sec for current conv = [0.428] sent [4.34698] MB
Truncate #6 on 100352 points by 12 bits
HomBN #2 via element-wise mult on 100352 points
Relu #29 on 100352 points, truncate=1 by 12 bits
Mill dotrunc 1 on 16 bits using b = 4
Mill dotrunc 1 on 16 bits using b = 4
Mill dotrunc 1 on 16 bits using b = 4
Mill dotrunc 1 on 16 bits using b = 4
Time in sec for current relu = 0.197
HomConv #18 called N=1, H=28, W=28, CI=128, FH=1, FW=1, CO=512, S=1, Padding VALID (0 0 0 0)
Time in sec for current conv = [1.312] sent [17.3602] MB
Truncate #7 on 401408 points by 12 bits
HomBN #3 via element-wise mult on 401408 points
Relu #31 on 401408 points, truncate=1 by 12 bits
Mill dotrunc 1 on 16 bits using b = 4
Mill dotrunc 1 on 16 bits using b = 4
Mill dotrunc 1 on 16 bits using b = 4
Mill dotrunc 1 on 16 bits using b = 4
Time in sec for current relu = 2.849
HomConv #19 called N=1, H=28, W=28, CI=512, FH=1, FW=1, CO=128, S=1, Padding VALID (0 0 0 0)
Time in sec for current conv = [1.158] sent [4.33995] MB
Relu #33 on 100352 points, truncate=1 by 12 bits
Mill dotrunc 1 on 16 bits using b = 4
Mill dotrunc 1 on 16 bits using b = 4
Mill dotrunc 1 on 16 bits using b = 4
Mill dotrunc 1 on 16 bits using b = 4
Time in sec for current relu = 0.222
HomConv #20 called N=1, H=28, W=28, CI=128, FH=3, FW=3, CO=128, S=1, Padding SAME (1 1 1 1)
Time in sec for current conv = [0.427] sent [4.34681] MB
Relu #35 on 100352 points, truncate=1 by 12 bits
Mill dotrunc 1 on 16 bits using b = 4
Mill dotrunc 1 on 16 bits using b = 4
Mill dotrunc 1 on 16 bits using b = 4
Mill dotrunc 1 on 16 bits using b = 4
Time in sec for current relu = 0.247
HomConv #21 called N=1, H=28, W=28, CI=128, FH=1, FW=1, CO=512, S=1, Padding VALID (0 0 0 0)
Time in sec for current conv = [1.279] sent [17.3599] MB
Truncate #8 on 401408 points by 12 bits
HomBN #4 via element-wise mult on 401408 points
Relu #37 on 401408 points, truncate=1 by 12 bits
Mill dotrunc 1 on 16 bits using b = 4
Mill dotrunc 1 on 16 bits using b = 4
Mill dotrunc 1 on 16 bits using b = 4
Mill dotrunc 1 on 16 bits using b = 4
Time in sec for current relu = 0.644
HomConv #22 called N=1, H=28, W=28, CI=512, FH=1, FW=1, CO=128, S=1, Padding VALID (0 0 0 0)
Time in sec for current conv = [1.141] sent [4.34004] MB
Relu #39 on 100352 points, truncate=1 by 12 bits
Mill dotrunc 1 on 16 bits using b = 4
Mill dotrunc 1 on 16 bits using b = 4
Mill dotrunc 1 on 16 bits using b = 4
Mill dotrunc 1 on 16 bits using b = 4
Time in sec for current relu = 0.202
HomConv #23 called N=1, H=28, W=28, CI=128, FH=3, FW=3, CO=128, S=1, Padding SAME (1 1 1 1)
Time in sec for current conv = [0.432] sent [4.34684] MB
Relu #41 on 100352 points, truncate=1 by 12 bits
Mill dotrunc 1 on 16 bits using b = 4
Mill dotrunc 1 on 16 bits using b = 4
Mill dotrunc 1 on 16 bits using b = 4
Mill dotrunc 1 on 16 bits using b = 4
Time in sec for current relu = 0.232
HomConv #24 called N=1, H=28, W=28, CI=128, FH=1, FW=1, CO=512, S=1, Padding VALID (0 0 0 0)
Time in sec for current conv = [1.305] sent [17.3599] MB
Truncate #9 on 401408 points by 12 bits
HomBN #5 via element-wise mult on 401408 points
Relu #43 on 401408 points, truncate=1 by 12 bits
Mill dotrunc 1 on 16 bits using b = 4
Mill dotrunc 1 on 16 bits using b = 4
Mill dotrunc 1 on 16 bits using b = 4
Mill dotrunc 1 on 16 bits using b = 4
Time in sec for current relu = 0.603
HomConv #25 called N=1, H=28, W=28, CI=512, FH=1, FW=1, CO=1024, S=2, Padding VALID (0 0 0 0)
Time in sec for current conv = [2.483] sent [30.9111] MB
HomConv #26 called N=1, H=28, W=28, CI=512, FH=1, FW=1, CO=256, S=1, Padding VALID (0 0 0 0)
Time in sec for current conv = [2.307] sent [8.68005] MB
Relu #45 on 200704 points, truncate=1 by 12 bits
Mill dotrunc 1 on 16 bits using b = 4
Mill dotrunc 1 on 16 bits using b = 4
Mill dotrunc 1 on 16 bits using b = 4
Mill dotrunc 1 on 16 bits using b = 4
Time in sec for current relu = 2.606
HomConv #27 called N=1, H=30, W=30, CI=256, FH=3, FW=3, CO=256, S=2, Padding VALID (0 0 0 0)
Time in sec for current conv = [1.428] sent [8.69399] MB
Relu #47 on 50176 points, truncate=1 by 12 bits
Mill dotrunc 1 on 16 bits using b = 4
Mill dotrunc 1 on 16 bits using b = 4
Mill dotrunc 1 on 16 bits using b = 4
Mill dotrunc 1 on 16 bits using b = 4
Time in sec for current relu = 0.184
HomConv #28 called N=1, H=14, W=14, CI=256, FH=1, FW=1, CO=1024, S=1, Padding VALID (0 0 0 0)
Time in sec for current conv = [1.477] sent [30.9111] MB
Truncate #10 on 200704 points by 12 bits
HomBN #6 via element-wise mult on 200704 points
Relu #49 on 200704 points, truncate=1 by 12 bits
Mill dotrunc 1 on 16 bits using b = 4
Mill dotrunc 1 on 16 bits using b = 4
Mill dotrunc 1 on 16 bits using b = 4
Mill dotrunc 1 on 16 bits using b = 4
Time in sec for current relu = 0.325
HomConv #29 called N=1, H=14, W=14, CI=1024, FH=1, FW=1, CO=256, S=1, Padding VALID (0 0 0 0)
Time in sec for current conv = [1.183] sent [7.72719] MB
Relu #51 on 50176 points, truncate=1 by 12 bits
Mill dotrunc 1 on 16 bits using b = 4
Mill dotrunc 1 on 16 bits using b = 4
Mill dotrunc 1 on 16 bits using b = 4
Mill dotrunc 1 on 16 bits using b = 4
Time in sec for current relu = 0.153
HomConv #30 called N=1, H=14, W=14, CI=256, FH=3, FW=3, CO=256, S=1, Padding SAME (1 1 1 1)
Time in sec for current conv = [0.463] sent [7.73328] MB
Relu #53 on 50176 points, truncate=1 by 12 bits
Mill dotrunc 1 on 16 bits using b = 4
Mill dotrunc 1 on 16 bits using b = 4
Mill dotrunc 1 on 16 bits using b = 4
Mill dotrunc 1 on 16 bits using b = 4
Time in sec for current relu = 0.16
HomConv #31 called N=1, H=14, W=14, CI=256, FH=1, FW=1, CO=1024, S=1, Padding VALID (0 0 0 0)
Time in sec for current conv = [1.488] sent [30.9109] MB
Truncate #11 on 200704 points by 12 bits
HomBN #7 via element-wise mult on 200704 points
Relu #55 on 200704 points, truncate=1 by 12 bits
Mill dotrunc 1 on 16 bits using b = 4
Mill dotrunc 1 on 16 bits using b = 4
Mill dotrunc 1 on 16 bits using b = 4
Mill dotrunc 1 on 16 bits using b = 4
Time in sec for current relu = 0.278
HomConv #32 called N=1, H=14, W=14, CI=1024, FH=1, FW=1, CO=256, S=1, Padding VALID (0 0 0 0)
Time in sec for current conv = [1.17] sent [7.72757] MB
Relu #57 on 50176 points, truncate=1 by 12 bits
Mill dotrunc 1 on 16 bits using b = 4
Mill dotrunc 1 on 16 bits using b = 4
Mill dotrunc 1 on 16 bits using b = 4
Mill dotrunc 1 on 16 bits using b = 4
Time in sec for current relu = 0.148
HomConv #33 called N=1, H=14, W=14, CI=256, FH=3, FW=3, CO=256, S=1, Padding SAME (1 1 1 1)
Time in sec for current conv = [0.461] sent [7.73295] MB
Relu #59 on 50176 points, truncate=1 by 12 bits
Mill dotrunc 1 on 16 bits using b = 4
Mill dotrunc 1 on 16 bits using b = 4
Mill dotrunc 1 on 16 bits using b = 4
Mill dotrunc 1 on 16 bits using b = 4
Time in sec for current relu = 0.16
HomConv #34 called N=1, H=14, W=14, CI=256, FH=1, FW=1, CO=1024, S=1, Padding VALID (0 0 0 0)
Time in sec for current conv = [1.478] sent [30.9107] MB
Truncate #12 on 200704 points by 12 bits
HomBN #8 via element-wise mult on 200704 points
Relu #61 on 200704 points, truncate=1 by 12 bits
Mill dotrunc 1 on 16 bits using b = 4
Mill dotrunc 1 on 16 bits using b = 4
Mill dotrunc 1 on 16 bits using b = 4
Mill dotrunc 1 on 16 bits using b = 4
Time in sec for current relu = 0.296
HomConv #35 called N=1, H=14, W=14, CI=1024, FH=1, FW=1, CO=256, S=1, Padding VALID (0 0 0 0)
Time in sec for current conv = [1.172] sent [7.72765] MB
Relu #63 on 50176 points, truncate=1 by 12 bits
Mill dotrunc 1 on 16 bits using b = 4
Mill dotrunc 1 on 16 bits using b = 4
Mill dotrunc 1 on 16 bits using b = 4
Mill dotrunc 1 on 16 bits using b = 4
Time in sec for current relu = 0.137
HomConv #36 called N=1, H=14, W=14, CI=256, FH=3, FW=3, CO=256, S=1, Padding SAME (1 1 1 1)
Time in sec for current conv = [0.471] sent [7.73299] MB
Relu #65 on 50176 points, truncate=1 by 12 bits
Mill dotrunc 1 on 16 bits using b = 4
Mill dotrunc 1 on 16 bits using b = 4
Mill dotrunc 1 on 16 bits using b = 4
Mill dotrunc 1 on 16 bits using b = 4
Time in sec for current relu = 0.168
HomConv #37 called N=1, H=14, W=14, CI=256, FH=1, FW=1, CO=1024, S=1, Padding VALID (0 0 0 0)
Time in sec for current conv = [1.479] sent [30.9112] MB
Truncate #13 on 200704 points by 12 bits
HomBN #9 via element-wise mult on 200704 points
Relu #67 on 200704 points, truncate=1 by 12 bits
Mill dotrunc 1 on 16 bits using b = 4
Mill dotrunc 1 on 16 bits using b = 4
Mill dotrunc 1 on 16 bits using b = 4
Mill dotrunc 1 on 16 bits using b = 4
Time in sec for current relu = 0.292
HomConv #38 called N=1, H=14, W=14, CI=1024, FH=1, FW=1, CO=256, S=1, Padding VALID (0 0 0 0)
Time in sec for current conv = [1.206] sent [7.72752] MB
Relu #69 on 50176 points, truncate=1 by 12 bits
Mill dotrunc 1 on 16 bits using b = 4
Mill dotrunc 1 on 16 bits using b = 4
Mill dotrunc 1 on 16 bits using b = 4
Mill dotrunc 1 on 16 bits using b = 4
Time in sec for current relu = 0.131
HomConv #39 called N=1, H=14, W=14, CI=256, FH=3, FW=3, CO=256, S=1, Padding SAME (1 1 1 1)
Time in sec for current conv = [0.467] sent [7.73302] MB
Relu #71 on 50176 points, truncate=1 by 12 bits
Mill dotrunc 1 on 16 bits using b = 4
Mill dotrunc 1 on 16 bits using b = 4
Mill dotrunc 1 on 16 bits using b = 4
Mill dotrunc 1 on 16 bits using b = 4
Time in sec for current relu = 0.155
HomConv #40 called N=1, H=14, W=14, CI=256, FH=1, FW=1, CO=1024, S=1, Padding VALID (0 0 0 0)
Time in sec for current conv = [1.484] sent [30.9114] MB
Truncate #14 on 200704 points by 12 bits
HomBN #10 via element-wise mult on 200704 points
Relu #73 on 200704 points, truncate=1 by 12 bits
Mill dotrunc 1 on 16 bits using b = 4
Mill dotrunc 1 on 16 bits using b = 4
Mill dotrunc 1 on 16 bits using b = 4
Mill dotrunc 1 on 16 bits using b = 4
Time in sec for current relu = 0.287
HomConv #41 called N=1, H=14, W=14, CI=1024, FH=1, FW=1, CO=256, S=1, Padding VALID (0 0 0 0)
Time in sec for current conv = [1.166] sent [7.72783] MB
Relu #75 on 50176 points, truncate=1 by 12 bits
Mill dotrunc 1 on 16 bits using b = 4
Mill dotrunc 1 on 16 bits using b = 4
Mill dotrunc 1 on 16 bits using b = 4
Mill dotrunc 1 on 16 bits using b = 4
Time in sec for current relu = 0.139
HomConv #42 called N=1, H=14, W=14, CI=256, FH=3, FW=3, CO=256, S=1, Padding SAME (1 1 1 1)
Time in sec for current conv = [0.469] sent [7.73344] MB
Relu #77 on 50176 points, truncate=1 by 12 bits
Mill dotrunc 1 on 16 bits using b = 4
Mill dotrunc 1 on 16 bits using b = 4
Mill dotrunc 1 on 16 bits using b = 4
Mill dotrunc 1 on 16 bits using b = 4
Time in sec for current relu = 0.176
HomConv #43 called N=1, H=14, W=14, CI=256, FH=1, FW=1, CO=1024, S=1, Padding VALID (0 0 0 0)
Time in sec for current conv = [1.476] sent [30.9109] MB
Truncate #15 on 200704 points by 12 bits
HomBN #11 via element-wise mult on 200704 points
Relu #79 on 200704 points, truncate=1 by 12 bits
Mill dotrunc 1 on 16 bits using b = 4
Mill dotrunc 1 on 16 bits using b = 4
Mill dotrunc 1 on 16 bits using b = 4
Mill dotrunc 1 on 16 bits using b = 4
Time in sec for current relu = 0.289
HomConv #44 called N=1, H=14, W=14, CI=1024, FH=1, FW=1, CO=2048, S=2, Padding VALID (0 0 0 0)
Time in sec for current conv = [2.932] sent [59.9109] MB
HomConv #45 called N=1, H=14, W=14, CI=1024, FH=1, FW=1, CO=512, S=1, Padding VALID (0 0 0 0)
Time in sec for current conv = [2.528] sent [15.4557] MB
Relu #81 on 100352 points, truncate=1 by 12 bits
Mill dotrunc 1 on 16 bits using b = 4
Mill dotrunc 1 on 16 bits using b = 4
Mill dotrunc 1 on 16 bits using b = 4
Mill dotrunc 1 on 16 bits using b = 4
Time in sec for current relu = 0.246
HomConv #46 called N=1, H=16, W=16, CI=512, FH=3, FW=3, CO=512, S=2, Padding VALID (0 0 0 0)
Time in sec for current conv = [1.53] sent [15.466] MB
Relu #83 on 25088 points, truncate=1 by 12 bits
Mill dotrunc 1 on 16 bits using b = 4
Mill dotrunc 1 on 16 bits using b = 4
Mill dotrunc 1 on 16 bits using b = 4
Mill dotrunc 1 on 16 bits using b = 4
Time in sec for current relu = 0.28
HomConv #47 called N=1, H=7, W=7, CI=512, FH=1, FW=1, CO=2048, S=1, Padding VALID (0 0 0 0)
Time in sec for current conv = [2.009] sent [59.9112] MB
Truncate #16 on 100352 points by 12 bits
HomBN #12 via element-wise mult on 100352 points
Relu #85 on 100352 points, truncate=1 by 12 bits
Mill dotrunc 1 on 16 bits using b = 4
Mill dotrunc 1 on 16 bits using b = 4
Mill dotrunc 1 on 16 bits using b = 4
Mill dotrunc 1 on 16 bits using b = 4
Time in sec for current relu = 0.15
HomConv #48 called N=1, H=7, W=7, CI=2048, FH=1, FW=1, CO=512, S=1, Padding VALID (0 0 0 0)
Time in sec for current conv = [1.239] sent [14.9777] MB
Relu #87 on 25088 points, truncate=1 by 12 bits
Mill dotrunc 1 on 16 bits using b = 4
Mill dotrunc 1 on 16 bits using b = 4
Mill dotrunc 1 on 16 bits using b = 4
Mill dotrunc 1 on 16 bits using b = 4
Time in sec for current relu = 0.135
HomConv #49 called N=1, H=7, W=7, CI=512, FH=3, FW=3, CO=512, S=1, Padding SAME (1 1 1 1)
Time in sec for current conv = [0.734] sent [14.9842] MB
Relu #89 on 25088 points, truncate=1 by 12 bits
Mill dotrunc 1 on 16 bits using b = 4
Mill dotrunc 1 on 16 bits using b = 4
Mill dotrunc 1 on 16 bits using b = 4
Mill dotrunc 1 on 16 bits using b = 4
Time in sec for current relu = 0.298
HomConv #50 called N=1, H=7, W=7, CI=512, FH=1, FW=1, CO=2048, S=1, Padding VALID (0 0 0 0)
Time in sec for current conv = [1.988] sent [59.9112] MB
Truncate #17 on 100352 points by 12 bits
HomBN #13 via element-wise mult on 100352 points
Relu #91 on 100352 points, truncate=1 by 12 bits
Mill dotrunc 1 on 16 bits using b = 4
Mill dotrunc 1 on 16 bits using b = 4
Mill dotrunc 1 on 16 bits using b = 4
Mill dotrunc 1 on 16 bits using b = 4
Time in sec for current relu = 0.146
HomConv #51 called N=1, H=7, W=7, CI=2048, FH=1, FW=1, CO=512, S=1, Padding VALID (0 0 0 0)
Time in sec for current conv = [1.252] sent [14.9782] MB
Relu #93 on 25088 points, truncate=1 by 12 bits
Mill dotrunc 1 on 16 bits using b = 4
Mill dotrunc 1 on 16 bits using b = 4
Mill dotrunc 1 on 16 bits using b = 4
Mill dotrunc 1 on 16 bits using b = 4
Time in sec for current relu = 0.149
HomConv #52 called N=1, H=7, W=7, CI=512, FH=3, FW=3, CO=512, S=1, Padding SAME (1 1 1 1)
Time in sec for current conv = [0.701] sent [14.9848] MB
Relu #95 on 25088 points, truncate=1 by 12 bits
Mill dotrunc 1 on 16 bits using b = 4
Mill dotrunc 1 on 16 bits using b = 4
Mill dotrunc 1 on 16 bits using b = 4
Mill dotrunc 1 on 16 bits using b = 4
Time in sec for current relu = 0.309
HomConv #53 called N=1, H=7, W=7, CI=512, FH=1, FW=1, CO=2048, S=1, Padding VALID (0 0 0 0)
Time in sec for current conv = [1.985] sent [59.9106] MB
Truncate #18 on 100352 points by 12 bits
HomBN #14 via element-wise mult on 100352 points
Relu #97 on 100352 points, truncate=1 by 12 bits
Mill dotrunc 1 on 16 bits using b = 4
Mill dotrunc 1 on 16 bits using b = 4
Mill dotrunc 1 on 16 bits using b = 4
Mill dotrunc 1 on 16 bits using b = 4
Time in sec for current relu = 0.156
AvgPool 1 called N=1, H=1, W=1, C=2048, ksizeH=7, ksizeW=7
Time in sec for current avgpool = 0.042
Time in sec for current matmul = 0.122
ArgMax 1 called, s1=1, s2=1001
Elapsed wall time: 119.204 seconds
Elapsed CPU time: 342.9 seconds
CPU usage: 35.9574 %
Test end computation
Elapsed time: 124.597 seconds
Estimated energy used: 89603.9 joules
Thread i = 0, total data sent till now = 1644275766
Thread i = 1, total data sent till now = 26857052
Thread i = 2, total data sent till now = 81574647
Thread i = 3, total data sent till now = 26857052
------------------------------------------------------
------------------------------------------------------
------------------------------------------------------
Total time taken = 111726 milliseconds.
Total data sent = 1690.52 MiB.
Number of rounds = 1042
Total comm (sent+received) = 2249.65 MiB.
------------------------------------------------------
Average CPU usage across all segments: 21.955 %
Peak CPU usage during computation: 194.888 %
Total time in Conv = 60.989 seconds.
Total time in MatMul = 0.122 seconds.
Total time in BatchNorm = 4.89 seconds.
Total time in Truncation = 5.04 seconds.
Total time in Relu = 30.05 seconds.
Total time in MaxPool = 7.432 seconds.
Total time in AvgPool = 0.042 seconds.
Total time in ArgMax = 0.042 seconds.
Total time in MatAdd = 0 seconds.
Total time in MatAddBroadCast = 0 seconds.
Total time in MulCir = 0 seconds.
Total time in ScalarMul = 0 seconds.
Total time in Sigmoid = 0 seconds.
Total time in Tanh = 0 seconds.
Total time in Sqrt = 0 seconds.
Total time in NormaliseL2 = 0 seconds.
------------------------------------------------------
Conv data sent = 884.684 MiB.
MatMul data sent = 0.760805 MiB.
BatchNorm data sent = 169.774 MiB.
Truncation data sent = 18.7463 MiB.
Relu data sent = 136.324 MiB.
Maxpool data sent = 44.5175 MiB.
Avgpool data sent = 0.644144 MiB.
ArgMax data sent = 0.0704584 MiB.
MatAdd data sent = 0 MiB.
MatAddBroadCast data sent = 0 MiB.
MulCir data sent = 0 MiB.
Sigmoid data sent = 0 MiB.
Tanh data sent = 0 MiB.
Sqrt data sent = 0 MiB.
NormaliseL2 data sent = 0 MiB.
------------------------------------------------------
Conv data (sent+received) = 1052.45 MiB.
Conv data received = 167.763 MiB.
MatMul data (sent+received) = 1.95136 MiB.
MatMul data received = 1.19055 MiB.
BatchNorm data (sent+received) = 359.681 MiB.
BatchNorm data received = 189.907 MiB.
Truncation data (sent+received) = 37.4927 MiB.
Truncation data received = 18.7463 MiB.
Relu data (sent+received) = 272.648 MiB.
Relu data received = 136.324 MiB.
Maxpool data (sent+received) = 89.035 MiB.
Maxpool data received = 44.5175 MiB.
Avgpool data (sent+received) = 1.28829 MiB.
Avgpool data received = 0.644144 MiB.
ArgMax data (sent+received) = 0.109762 MiB.
ArgMax data received = 0.0393038 MiB.
MatAdd data (sent+received) = 0 MiB.
MatAdd data received = 0 MiB.
MatAddBroadCast data (sent+received) = 0 MiB.
MatAddBroadCast data received = 0 MiB.
MulCir data (sent+received) = 0 MiB.
ScalarMul data (sent+received) = 0 MiB.
Sigmoid data (sent+received) = 0 MiB.
Tanh data (sent+received) = 0 MiB.
Sqrt data (sent+received) = 0 MiB.
NormaliseL2 data (sent+received) = 0 MiB.
