Number of CPU cores: 8
Using Eigen for Matmul
Doing BaseOT ...
using silent ot pack
using silent ot pack
using silent ot pack
using silent ot pack
After one-time setup, communication
Thread i = 0, total data sent till now = 581287
Thread i = 1, total data sent till now = 1726247
Thread i = 2, total data sent till now = 1726247
Thread i = 3, total data sent till now = 1726247
-----------Syncronizing-----------
secret_share_mod: 137438953472 bitlength: 37
backend: Ring-SilentOT-Cheetah
-----------Syncronized - now starting execution-----------
HomBN #1 via element-wise mult on 150528 points
Truncate #1 on 150528 points by 12 bits
HomConv #1 called N=1, H=226, W=226, CI=3, FH=3, FW=3, CO=24, S=2, Padding VALID (0 0 0 0)
Time in sec for current conv = [0.541] sent [18.6241] MB
Relu #1 on 301056 points, truncate=1 by 12 bits
Mill dotrunc 1 on 16 bits using b = 4
Mill dotrunc 1 on 16 bits using b = 4
Mill dotrunc 1 on 16 bits using b = 4
Mill dotrunc 1 on 16 bits using b = 4
Time in sec for current relu = 0.534
Maxpool 1 called N=1, H=56, W=56, C=24, ksizeH=3, ksizeW=3
Time in sec for current maxpool = 1.685
HomConv #2 called N=1, H=56, W=56, CI=24, FH=1, FW=1, CO=58, S=1, Padding VALID (0 0 0 0)
Time in sec for current conv = [0.108] sent [2.80756] MB
Relu #3 on 181888 points, truncate=1 by 12 bits
Mill dotrunc 1 on 16 bits using b = 4
Mill dotrunc 1 on 16 bits using b = 4
Mill dotrunc 1 on 16 bits using b = 4
Mill dotrunc 1 on 16 bits using b = 4
Time in sec for current relu = 2.602
HomConv #3 called N=1, H=58, W=58, CI=58, FH=3, FW=3, CO=58, S=2, Padding VALID (0 0 0 0)
Time in sec for current conv = [0.392] sent [2.81255] MB
Truncate #2 on 45472 points by 12 bits
HomConv #4 called N=1, H=28, W=28, CI=58, FH=1, FW=1, CO=58, S=1, Padding VALID (0 0 0 0)
Time in sec for current conv = [0.116] sent [1.9667] MB
HomConv #5 called N=1, H=58, W=58, CI=24, FH=3, FW=3, CO=24, S=2, Padding VALID (0 0 0 0)
Time in sec for current conv = [0.124] sent [1.16355] MB
Truncate #3 on 18816 points by 12 bits
HomConv #6 called N=1, H=28, W=28, CI=24, FH=1, FW=1, CO=58, S=1, Padding VALID (0 0 0 0)
Time in sec for current conv = [0.076] sent [1.96669] MB
Truncate #4 on 45472 points by 12 bits
Relu #5 on 90944 points, truncate=0 by 0 bits
Time in sec for current relu = 0.203
Relu #7 on 45472 points, truncate=1 by 12 bits
Mill dotrunc 1 on 16 bits using b = 4
Mill dotrunc 1 on 16 bits using b = 4
Mill dotrunc 1 on 16 bits using b = 4
Mill dotrunc 1 on 16 bits using b = 4
Time in sec for current relu = 0.086
HomConv #7 called N=1, H=30, W=30, CI=58, FH=3, FW=3, CO=58, S=1, Padding VALID (0 0 0 0)
Time in sec for current conv = [0.132] sent [1.96943] MB
Truncate #5 on 45472 points by 12 bits
HomConv #8 called N=1, H=28, W=28, CI=58, FH=1, FW=1, CO=58, S=1, Padding VALID (0 0 0 0)
Time in sec for current conv = [0.135] sent [1.96651] MB
Relu #9 on 45472 points, truncate=1 by 12 bits
Mill dotrunc 1 on 16 bits using b = 4
Mill dotrunc 1 on 16 bits using b = 4
Mill dotrunc 1 on 16 bits using b = 4
Mill dotrunc 1 on 16 bits using b = 4
Time in sec for current relu = 0.08
HomConv #9 called N=1, H=28, W=28, CI=58, FH=1, FW=1, CO=58, S=1, Padding VALID (0 0 0 0)
Time in sec for current conv = [0.125] sent [1.96657] MB
Relu #11 on 45472 points, truncate=1 by 12 bits
Mill dotrunc 1 on 16 bits using b = 4
Mill dotrunc 1 on 16 bits using b = 4
Mill dotrunc 1 on 16 bits using b = 4
Mill dotrunc 1 on 16 bits using b = 4
Time in sec for current relu = 0.084
HomConv #10 called N=1, H=30, W=30, CI=58, FH=3, FW=3, CO=58, S=1, Padding VALID (0 0 0 0)
Time in sec for current conv = [0.147] sent [1.96974] MB
Truncate #6 on 45472 points by 12 bits
HomConv #11 called N=1, H=28, W=28, CI=58, FH=1, FW=1, CO=58, S=1, Padding VALID (0 0 0 0)
Time in sec for current conv = [0.118] sent [1.96653] MB
Relu #13 on 45472 points, truncate=1 by 12 bits
Mill dotrunc 1 on 16 bits using b = 4
Mill dotrunc 1 on 16 bits using b = 4
Mill dotrunc 1 on 16 bits using b = 4
Mill dotrunc 1 on 16 bits using b = 4
Time in sec for current relu = 0.089
HomConv #12 called N=1, H=28, W=28, CI=58, FH=1, FW=1, CO=58, S=1, Padding VALID (0 0 0 0)
Time in sec for current conv = [0.098] sent [1.96658] MB
Relu #15 on 45472 points, truncate=1 by 12 bits
Mill dotrunc 1 on 16 bits using b = 4
Mill dotrunc 1 on 16 bits using b = 4
Mill dotrunc 1 on 16 bits using b = 4
Mill dotrunc 1 on 16 bits using b = 4
Time in sec for current relu = 0.081
HomConv #13 called N=1, H=30, W=30, CI=58, FH=3, FW=3, CO=58, S=1, Padding VALID (0 0 0 0)
Time in sec for current conv = [0.134] sent [1.96982] MB
Truncate #7 on 45472 points by 12 bits
Relu #17 on 45472 points, truncate=1 by 12 bits
Mill dotrunc 1 on 16 bits using b = 4
Mill dotrunc 1 on 16 bits using b = 4
Mill dotrunc 1 on 16 bits using b = 4
Mill dotrunc 1 on 16 bits using b = 4
Time in sec for current relu = 0.056
Relu #19 on 90944 points, truncate=1 by 12 bits
Mill dotrunc 1 on 16 bits using b = 4
Mill dotrunc 1 on 16 bits using b = 4
Mill dotrunc 1 on 16 bits using b = 4
Mill dotrunc 1 on 16 bits using b = 4
Time in sec for current relu = 0.114
HomConv #14 called N=1, H=30, W=30, CI=116, FH=3, FW=3, CO=116, S=2, Padding VALID (0 0 0 0)
Time in sec for current conv = [0.373] sent [3.93945] MB
Truncate #8 on 22736 points by 12 bits
HomConv #15 called N=1, H=14, W=14, CI=116, FH=1, FW=1, CO=116, S=1, Padding VALID (0 0 0 0)
Time in sec for current conv = [0.145] sent [3.50136] MB
HomConv #16 called N=1, H=30, W=30, CI=116, FH=3, FW=3, CO=116, S=2, Padding VALID (0 0 0 0)
Time in sec for current conv = [0.403] sent [3.93919] MB
Truncate #9 on 22736 points by 12 bits
HomConv #17 called N=1, H=14, W=14, CI=116, FH=1, FW=1, CO=116, S=1, Padding VALID (0 0 0 0)
Time in sec for current conv = [0.144] sent [3.50171] MB
Truncate #10 on 22736 points by 12 bits
Truncate #11 on 22736 points by 12 bits
Relu #21 on 45472 points, truncate=0 by 0 bits
Time in sec for current relu = 0.084
HomConv #18 called N=1, H=14, W=14, CI=116, FH=1, FW=1, CO=116, S=1, Padding VALID (0 0 0 0)
Time in sec for current conv = [0.145] sent [3.5014] MB
Relu #23 on 22736 points, truncate=1 by 12 bits
Mill dotrunc 1 on 16 bits using b = 4
Mill dotrunc 1 on 16 bits using b = 4
Mill dotrunc 1 on 16 bits using b = 4
Mill dotrunc 1 on 16 bits using b = 4
Time in sec for current relu = 0.06
HomConv #19 called N=1, H=16, W=16, CI=116, FH=3, FW=3, CO=116, S=1, Padding VALID (0 0 0 0)
Time in sec for current conv = [0.167] sent [3.50408] MB
Truncate #12 on 22736 points by 12 bits
HomConv #20 called N=1, H=14, W=14, CI=116, FH=1, FW=1, CO=116, S=1, Padding VALID (0 0 0 0)
Time in sec for current conv = [0.119] sent [3.50163] MB
Relu #25 on 22736 points, truncate=1 by 12 bits
Mill dotrunc 1 on 16 bits using b = 4
Mill dotrunc 1 on 16 bits using b = 4
Mill dotrunc 1 on 16 bits using b = 4
Mill dotrunc 1 on 16 bits using b = 4
Time in sec for current relu = 0.047
Relu #27 on 22736 points, truncate=1 by 12 bits
Mill dotrunc 1 on 16 bits using b = 4
Mill dotrunc 1 on 16 bits using b = 4
Mill dotrunc 1 on 16 bits using b = 4
Mill dotrunc 1 on 16 bits using b = 4
Time in sec for current relu = 0.043
HomConv #21 called N=1, H=16, W=16, CI=116, FH=3, FW=3, CO=116, S=1, Padding VALID (0 0 0 0)
Time in sec for current conv = [0.17] sent [3.50408] MB
Truncate #13 on 22736 points by 12 bits
HomConv #22 called N=1, H=14, W=14, CI=116, FH=1, FW=1, CO=116, S=1, Padding VALID (0 0 0 0)
Time in sec for current conv = [0.137] sent [3.5014] MB
Relu #29 on 22736 points, truncate=1 by 12 bits
Mill dotrunc 1 on 16 bits using b = 4
Mill dotrunc 1 on 16 bits using b = 4
Mill dotrunc 1 on 16 bits using b = 4
Mill dotrunc 1 on 16 bits using b = 4
Time in sec for current relu = 0.056
HomConv #23 called N=1, H=14, W=14, CI=116, FH=1, FW=1, CO=116, S=1, Padding VALID (0 0 0 0)
Time in sec for current conv = [0.119] sent [3.50147] MB
Relu #31 on 22736 points, truncate=1 by 12 bits
Mill dotrunc 1 on 16 bits using b = 4
Mill dotrunc 1 on 16 bits using b = 4
Mill dotrunc 1 on 16 bits using b = 4
Mill dotrunc 1 on 16 bits using b = 4
Time in sec for current relu = 0.061
HomConv #24 called N=1, H=16, W=16, CI=116, FH=3, FW=3, CO=116, S=1, Padding VALID (0 0 0 0)
Time in sec for current conv = [0.167] sent [3.50381] MB
Truncate #14 on 22736 points by 12 bits
HomConv #25 called N=1, H=14, W=14, CI=116, FH=1, FW=1, CO=116, S=1, Padding VALID (0 0 0 0)
Time in sec for current conv = [0.15] sent [3.50176] MB
Relu #33 on 22736 points, truncate=1 by 12 bits
Mill dotrunc 1 on 16 bits using b = 4
Mill dotrunc 1 on 16 bits using b = 4
Mill dotrunc 1 on 16 bits using b = 4
Mill dotrunc 1 on 16 bits using b = 4
Time in sec for current relu = 0.06
HomConv #26 called N=1, H=14, W=14, CI=116, FH=1, FW=1, CO=116, S=1, Padding VALID (0 0 0 0)
Time in sec for current conv = [0.128] sent [3.50152] MB
Relu #35 on 22736 points, truncate=1 by 12 bits
Mill dotrunc 1 on 16 bits using b = 4
Mill dotrunc 1 on 16 bits using b = 4
Mill dotrunc 1 on 16 bits using b = 4
Mill dotrunc 1 on 16 bits using b = 4
Time in sec for current relu = 0.047
HomConv #27 called N=1, H=16, W=16, CI=116, FH=3, FW=3, CO=116, S=1, Padding VALID (0 0 0 0)
Time in sec for current conv = [0.152] sent [3.50417] MB
Truncate #15 on 22736 points by 12 bits
HomConv #28 called N=1, H=14, W=14, CI=116, FH=1, FW=1, CO=116, S=1, Padding VALID (0 0 0 0)
Time in sec for current conv = [0.134] sent [3.50176] MB
Relu #37 on 22736 points, truncate=1 by 12 bits
Mill dotrunc 1 on 16 bits using b = 4
Mill dotrunc 1 on 16 bits using b = 4
Mill dotrunc 1 on 16 bits using b = 4
Mill dotrunc 1 on 16 bits using b = 4
Time in sec for current relu = 0.06
HomConv #29 called N=1, H=14, W=14, CI=116, FH=1, FW=1, CO=116, S=1, Padding VALID (0 0 0 0)
Time in sec for current conv = [0.122] sent [3.5015] MB
Relu #39 on 22736 points, truncate=1 by 12 bits
Mill dotrunc 1 on 16 bits using b = 4
Mill dotrunc 1 on 16 bits using b = 4
Mill dotrunc 1 on 16 bits using b = 4
Mill dotrunc 1 on 16 bits using b = 4
Time in sec for current relu = 0.057
HomConv #30 called N=1, H=16, W=16, CI=116, FH=3, FW=3, CO=116, S=1, Padding VALID (0 0 0 0)
Time in sec for current conv = [0.161] sent [3.50395] MB
Truncate #16 on 22736 points by 12 bits
HomConv #31 called N=1, H=14, W=14, CI=116, FH=1, FW=1, CO=116, S=1, Padding VALID (0 0 0 0)
Time in sec for current conv = [0.137] sent [3.50156] MB
Relu #41 on 22736 points, truncate=1 by 12 bits
Mill dotrunc 1 on 16 bits using b = 4
Mill dotrunc 1 on 16 bits using b = 4
Mill dotrunc 1 on 16 bits using b = 4
Mill dotrunc 1 on 16 bits using b = 4
Time in sec for current relu = 0.061
HomConv #32 called N=1, H=14, W=14, CI=116, FH=1, FW=1, CO=116, S=1, Padding VALID (0 0 0 0)
Time in sec for current conv = [0.118] sent [3.50124] MB
Relu #43 on 22736 points, truncate=1 by 12 bits
Mill dotrunc 1 on 16 bits using b = 4
Mill dotrunc 1 on 16 bits using b = 4
Mill dotrunc 1 on 16 bits using b = 4
Mill dotrunc 1 on 16 bits using b = 4
Time in sec for current relu = 0.057
HomConv #33 called N=1, H=16, W=16, CI=116, FH=3, FW=3, CO=116, S=1, Padding VALID (0 0 0 0)
Time in sec for current conv = [0.167] sent [3.50409] MB
Truncate #17 on 22736 points by 12 bits
HomConv #34 called N=1, H=14, W=14, CI=116, FH=1, FW=1, CO=116, S=1, Padding VALID (0 0 0 0)
Time in sec for current conv = [0.135] sent [3.50172] MB
Relu #45 on 22736 points, truncate=1 by 12 bits
Mill dotrunc 1 on 16 bits using b = 4
Mill dotrunc 1 on 16 bits using b = 4
Mill dotrunc 1 on 16 bits using b = 4
Mill dotrunc 1 on 16 bits using b = 4
Time in sec for current relu = 0.061
HomConv #35 called N=1, H=14, W=14, CI=116, FH=1, FW=1, CO=116, S=1, Padding VALID (0 0 0 0)
Time in sec for current conv = [0.143] sent [3.50143] MB
Relu #47 on 22736 points, truncate=1 by 12 bits
Mill dotrunc 1 on 16 bits using b = 4
Mill dotrunc 1 on 16 bits using b = 4
Mill dotrunc 1 on 16 bits using b = 4
Mill dotrunc 1 on 16 bits using b = 4
Time in sec for current relu = 0.061
HomConv #36 called N=1, H=16, W=16, CI=116, FH=3, FW=3, CO=116, S=1, Padding VALID (0 0 0 0)
Time in sec for current conv = [0.16] sent [3.504] MB
Truncate #18 on 22736 points by 12 bits
HomConv #37 called N=1, H=14, W=14, CI=116, FH=1, FW=1, CO=116, S=1, Padding VALID (0 0 0 0)
Time in sec for current conv = [0.134] sent [3.50153] MB
Relu #49 on 22736 points, truncate=1 by 12 bits
Mill dotrunc 1 on 16 bits using b = 4
Mill dotrunc 1 on 16 bits using b = 4
Mill dotrunc 1 on 16 bits using b = 4
Mill dotrunc 1 on 16 bits using b = 4
Time in sec for current relu = 0.06
HomConv #38 called N=1, H=16, W=16, CI=232, FH=3, FW=3, CO=232, S=2, Padding VALID (0 0 0 0)
Time in sec for current conv = [0.423] sent [7.00826] MB
Truncate #19 on 11368 points by 12 bits
HomConv #39 called N=1, H=7, W=7, CI=232, FH=1, FW=1, CO=232, S=1, Padding VALID (0 0 0 0)
Time in sec for current conv = [0.163] sent [6.78686] MB
HomConv #40 called N=1, H=14, W=14, CI=232, FH=1, FW=1, CO=232, S=1, Padding VALID (0 0 0 0)
Time in sec for current conv = [0.377] sent [7.00322] MB
Relu #51 on 45472 points, truncate=1 by 12 bits
Mill dotrunc 1 on 16 bits using b = 4
Mill dotrunc 1 on 16 bits using b = 4
Mill dotrunc 1 on 16 bits using b = 4
Mill dotrunc 1 on 16 bits using b = 4
Time in sec for current relu = 0.092
HomConv #41 called N=1, H=16, W=16, CI=232, FH=3, FW=3, CO=232, S=2, Padding VALID (0 0 0 0)
Time in sec for current conv = [0.423] sent [7.00851] MB
Truncate #20 on 11368 points by 12 bits
HomConv #42 called N=1, H=7, W=7, CI=232, FH=1, FW=1, CO=232, S=1, Padding VALID (0 0 0 0)
Time in sec for current conv = [0.188] sent [6.78686] MB
Truncate #21 on 11368 points by 12 bits
Truncate #22 on 11368 points by 12 bits
Relu #53 on 22736 points, truncate=0 by 0 bits
Time in sec for current relu = 0.06
HomConv #43 called N=1, H=7, W=7, CI=232, FH=1, FW=1, CO=232, S=1, Padding VALID (0 0 0 0)
Time in sec for current conv = [0.198] sent [6.78686] MB
Relu #55 on 11368 points, truncate=1 by 12 bits
Mill dotrunc 1 on 16 bits using b = 4
Mill dotrunc 1 on 16 bits using b = 4
Mill dotrunc 1 on 16 bits using b = 4
Mill dotrunc 1 on 16 bits using b = 4
Time in sec for current relu = 0.053
HomConv #44 called N=1, H=9, W=9, CI=232, FH=3, FW=3, CO=232, S=1, Padding VALID (0 0 0 0)
Time in sec for current conv = [0.232] sent [6.78947] MB
Truncate #23 on 11368 points by 12 bits
HomConv #45 called N=1, H=7, W=7, CI=232, FH=1, FW=1, CO=232, S=1, Padding VALID (0 0 0 0)
Time in sec for current conv = [0.197] sent [6.78688] MB
Relu #57 on 11368 points, truncate=1 by 12 bits
Mill dotrunc 1 on 16 bits using b = 4
Mill dotrunc 1 on 16 bits using b = 4
Mill dotrunc 1 on 16 bits using b = 4
Mill dotrunc 1 on 16 bits using b = 4
Time in sec for current relu = 0.044
HomConv #46 called N=1, H=7, W=7, CI=232, FH=1, FW=1, CO=232, S=1, Padding VALID (0 0 0 0)
Time in sec for current conv = [0.188] sent [6.78693] MB
Relu #59 on 11368 points, truncate=1 by 12 bits
Mill dotrunc 1 on 16 bits using b = 4
Mill dotrunc 1 on 16 bits using b = 4
Mill dotrunc 1 on 16 bits using b = 4
Mill dotrunc 1 on 16 bits using b = 4
Time in sec for current relu = 0.052
HomConv #47 called N=1, H=9, W=9, CI=232, FH=3, FW=3, CO=232, S=1, Padding VALID (0 0 0 0)
Time in sec for current conv = [0.24] sent [6.78973] MB
Truncate #24 on 11368 points by 12 bits
HomConv #48 called N=1, H=7, W=7, CI=232, FH=1, FW=1, CO=232, S=1, Padding VALID (0 0 0 0)
Time in sec for current conv = [0.171] sent [6.78722] MB
Relu #61 on 11368 points, truncate=1 by 12 bits
Mill dotrunc 1 on 16 bits using b = 4
Mill dotrunc 1 on 16 bits using b = 4
Mill dotrunc 1 on 16 bits using b = 4
Mill dotrunc 1 on 16 bits using b = 4
Time in sec for current relu = 0.037
HomConv #49 called N=1, H=7, W=7, CI=232, FH=1, FW=1, CO=232, S=1, Padding VALID (0 0 0 0)
Time in sec for current conv = [0.184] sent [6.78697] MB
Relu #63 on 11368 points, truncate=1 by 12 bits
Mill dotrunc 1 on 16 bits using b = 4
Mill dotrunc 1 on 16 bits using b = 4
Mill dotrunc 1 on 16 bits using b = 4
Mill dotrunc 1 on 16 bits using b = 4
Time in sec for current relu = 0.046
HomConv #50 called N=1, H=9, W=9, CI=232, FH=3, FW=3, CO=232, S=1, Padding VALID (0 0 0 0)
Time in sec for current conv = [0.245] sent [6.78984] MB
Truncate #25 on 11368 points by 12 bits
HomConv #51 called N=1, H=7, W=7, CI=232, FH=1, FW=1, CO=232, S=1, Padding VALID (0 0 0 0)
Time in sec for current conv = [0.174] sent [6.78661] MB
Relu #65 on 11368 points, truncate=1 by 12 bits
Mill dotrunc 1 on 16 bits using b = 4
Mill dotrunc 1 on 16 bits using b = 4
Mill dotrunc 1 on 16 bits using b = 4
Mill dotrunc 1 on 16 bits using b = 4
Time in sec for current relu = 0.049
HomConv #52 called N=1, H=7, W=7, CI=464, FH=1, FW=1, CO=1024, S=1, Padding VALID (0 0 0 0)
Time in sec for current conv = [0.946] sent [29.9563] MB
Relu #67 on 50176 points, truncate=1 by 12 bits
Mill dotrunc 1 on 16 bits using b = 4
Mill dotrunc 1 on 16 bits using b = 4
Mill dotrunc 1 on 16 bits using b = 4
Mill dotrunc 1 on 16 bits using b = 4
Time in sec for current relu = 0.153
AvgPool 1 called N=1, H=1, W=1, C=1024, ksizeH=7, ksizeW=7
Time in sec for current avgpool = 0.032
Time in sec for current matmul = 0.006
Truncate #26 on 3 points by 12 bits
Elapsed wall time: 26.4144 seconds
Elapsed CPU time: 58.69 seconds
CPU usage: 27.7736 %
Test end computation
Elapsed time: 26.7134 seconds
Estimated energy used: 14838.5 joules
Thread i = 0, total data sent till now = 362147797
Thread i = 1, total data sent till now = 7125828
Thread i = 2, total data sent till now = 18697687
Thread i = 3, total data sent till now = 7128324
------------------------------------------------------
------------------------------------------------------
------------------------------------------------------
Total time taken = 19039 milliseconds.
Total data sent = 371.303 MiB.
Number of rounds = 729
Total comm (sent+received) = 453.689 MiB.
------------------------------------------------------
Average CPU usage across all segments: 16.0261 %
Peak CPU usage during computation: 46.02 %
Total time in Conv = 10.525 seconds.
Total time in MatMul = 0.006 seconds.
Total time in BatchNorm = 0.176 seconds.
Total time in Truncation = 0.938 seconds.
Total time in Relu = 5.39 seconds.
Total time in MaxPool = 1.685 seconds.
Total time in AvgPool = 0.032 seconds.
Total time in ArgMax = 0 seconds.
Total time in MatAdd = 0 seconds.
Total time in MatAddBroadCast = 0 seconds.
Total time in MulCir = 0 seconds.
Total time in ScalarMul = 0 seconds.
Total time in Sigmoid = 0 seconds.
Total time in Tanh = 0 seconds.
Total time in Sqrt = 0 seconds.
Total time in NormaliseL2 = 0 seconds.
------------------------------------------------------
Conv data sent = 253.687 MiB.
MatMul data sent = 0.0289621 MiB.
BatchNorm data sent = 6.0961 MiB.
Truncation data sent = 2.45306 MiB.
Relu data sent = 23.331 MiB.
Maxpool data sent = 16.2947 MiB.
Avgpool data sent = 0.592997 MiB.
ArgMax data sent = 0 MiB.
MatAdd data sent = 0 MiB.
MatAddBroadCast data sent = 0 MiB.
MulCir data sent = 0 MiB.
Sigmoid data sent = 0 MiB.
Tanh data sent = 0 MiB.
Sqrt data sent = 0 MiB.
NormaliseL2 data sent = 0 MiB.
------------------------------------------------------
Conv data (sent+received) = 286.728 MiB.
Conv data received = 33.0414 MiB.
MatMul data (sent+received) = 0.0884962 MiB.
MatMul data received = 0.0595341 MiB.
BatchNorm data (sent+received) = 12.704 MiB.
BatchNorm data received = 6.60792 MiB.
Truncation data (sent+received) = 4.90709 MiB.
Truncation data received = 2.45403 MiB.
Relu data (sent+received) = 46.6659 MiB.
Relu data received = 23.3349 MiB.
Maxpool data (sent+received) = 32.5894 MiB.
Maxpool data received = 16.2947 MiB.
Avgpool data (sent+received) = 1.18599 MiB.
Avgpool data received = 0.592997 MiB.
ArgMax data (sent+received) = 0 MiB.
ArgMax data received = 0 MiB.
MatAdd data (sent+received) = 0 MiB.
MatAdd data received = 0 MiB.
MatAddBroadCast data (sent+received) = 0 MiB.
MatAddBroadCast data received = 0 MiB.
MulCir data (sent+received) = 0 MiB.
ScalarMul data (sent+received) = 0 MiB.
Sigmoid data (sent+received) = 0 MiB.
Tanh data (sent+received) = 0 MiB.
Sqrt data (sent+received) = 0 MiB.
NormaliseL2 data (sent+received) = 0 MiB.
0
0
0
