Number of CPU cores: 8
Using Eigen for Matmul
Doing BaseOT ...
using silent ot pack
using silent ot pack
using silent ot pack
using silent ot pack
After one-time setup, communication
Thread i = 0, total data sent till now = 1997768
Thread i = 1, total data sent till now = 1726247
Thread i = 2, total data sent till now = 1726247
Thread i = 3, total data sent till now = 1726247
-----------Syncronizing-----------
secret_share_mod: 137438953472 bitlength: 37
backend: Ring-SilentOT-Cheetah
-----------Syncronized - now starting execution-----------
HomConv #1 called N=1, H=224, W=224, CI=3, FH=11, FW=11, CO=64, S=4, Padding SAME (2 2 2 2)
Time in sec for current conv = [1.808] sent [4.465] MB
expect 149306793 but got 11129925
expect -28563804 but got -170545364
expect -14030030 but got -9008358
expect -137928458 but got -1259151
[31mConvolution Output Mismatch[0m
Error count 193600 (96889 +1, 96711 -1). 100.000000%
Relu #1 on 193600 points, truncate=1 by 12 bits
Mill dotrunc 1 on 16 bits using b = 4
Mill dotrunc 1 on 16 bits using b = 4
Mill dotrunc 1 on 16 bits using b = 4
Mill dotrunc 1 on 16 bits using b = 4
Time in sec for current relu = 0.289
Maxpool 1 called N=1, H=27, W=27, C=64, ksizeH=3, ksizeW=3
Time in sec for current maxpool = 1.121
HomConv #2 called N=1, H=27, W=27, CI=64, FH=5, FW=5, CO=192, S=1, Padding SAME (2 2 2 2)
Time in sec for current conv = [0.419] sent [0.952635] MB
expect -102816531 but got -102816530
expect 7100436 but got 7100437
expect -112823949 but got -112823950
[32mConvolution Output Matches[0m
Relu #3 on 139968 points, truncate=1 by 12 bits
Mill dotrunc 1 on 16 bits using b = 4
Mill dotrunc 1 on 16 bits using b = 4
Mill dotrunc 1 on 16 bits using b = 4
Mill dotrunc 1 on 16 bits using b = 4
Time in sec for current relu = 0.19
Maxpool 2 called N=1, H=13, W=13, C=192, ksizeH=3, ksizeW=3
Time in sec for current maxpool = 0.777
HomConv #3 called N=1, H=13, W=13, CI=192, FH=3, FW=3, CO=384, S=1, Padding SAME (1 1 1 1)
Time in sec for current conv = [0.57] sent [0.65483] MB
expect -137214507 but got -137214506
expect -28993764 but got -28993763
expect 69976659 but got 69976658
[32mConvolution Output Matches[0m
Relu #5 on 64896 points, truncate=1 by 12 bits
Mill dotrunc 1 on 16 bits using b = 4
Mill dotrunc 1 on 16 bits using b = 4
Mill dotrunc 1 on 16 bits using b = 4
Mill dotrunc 1 on 16 bits using b = 4
Time in sec for current relu = 2.396
HomConv #4 called N=1, H=13, W=13, CI=384, FH=3, FW=3, CO=256, S=1, Padding SAME (1 1 1 1)
Time in sec for current conv = [0.625] sent [1.30982] MB
expect -129845750 but got -129845749
expect -262503552 but got -262503551
[32mConvolution Output Matches[0m
Relu #7 on 43264 points, truncate=1 by 12 bits
Mill dotrunc 1 on 16 bits using b = 4
Mill dotrunc 1 on 16 bits using b = 4
Mill dotrunc 1 on 16 bits using b = 4
Mill dotrunc 1 on 16 bits using b = 4
Time in sec for current relu = 0.079
HomConv #5 called N=1, H=13, W=13, CI=256, FH=3, FW=3, CO=256, S=1, Padding SAME (1 1 1 1)
Time in sec for current conv = [0.468] sent [0.892953] MB
expect 17343618 but got 17343619
expect -72880780 but got -72880779
[32mConvolution Output Matches[0m
Relu #9 on 43264 points, truncate=1 by 12 bits
Mill dotrunc 1 on 16 bits using b = 4
Mill dotrunc 1 on 16 bits using b = 4
Mill dotrunc 1 on 16 bits using b = 4
Mill dotrunc 1 on 16 bits using b = 4
Time in sec for current relu = 0.086
Maxpool 3 called N=1, H=6, W=6, C=256, ksizeH=3, ksizeW=3
Time in sec for current maxpool = 0.224
AvgPool 1 called N=1, H=6, W=6, C=256, ksizeH=1, ksizeW=1
Time in sec for current avgpool = 0.078
Time in sec for current matmul = 1.949
-293900517 => -293900518
-427055983 => -427055984
-43825632 => -43825633
-45624712 => -45624713
-46066559 => -46066560
-318993233 => -318993234
-225767219 => -225767220
79758068 => 79758067
-83829331 => -83829332
-171192516 => -171192517
-25946787 => -25946788
-179208923 => -179208924
-197688893 => -197688894
-136215328 => -136215329
-39625835 => -39625836
-175660478 => -175660479
42072167 => 42072166
-337078881 => -337078882
-230531094 => -230531095
-370767543 => -370767544
-11435103 => -11435104
-300330700 => -300330701
-54489989 => -54489990
29679871 => 29679870
1227813 => 1227812
-183653905 => -183653906
178735170 => 178735169
25504823 => 25504822
168021395 => 168021394
-40301030 => -40301031
-80211278 => -80211279
-96275386 => -96275387
-15777022 => -15777023
-130080371 => -130080372
-177617096 => -177617097
-250790240 => -250790241
-211856827 => -211856828
35052126 => 35052125
37509474 => 37509473
-44200546 => -44200547
164435881 => 164435880
-199781719 => -199781720
-188381999 => -188382000
-28776377 => -28776378
-209057410 => -209057411
-165481935 => -165481936
-2095908 => -2095909
-123459609 => -123459610
-60128949 => -60128950
-228154772 => -228154773
-26287950 => -26287951
-223575975 => -223575976
120671681 => 120671680
-175015480 => -175015481
-244902673 => -244902674
-58247437 => -58247438
-52028705 => -52028706
6951959 => 6951958
-202787096 => -202787097
-61968457 => -61968458
-51173499 => -51173500
-114667068 => -114667069
10791575 => 10791574
25821977 => 25821976
27598071 => 27598070
-61642276 => -61642277
-47146565 => -47146566
-87280333 => -87280334
-76278806 => -76278807
97948159 => 97948158
-367394066 => -367394067
-136188840 => -136188841
-14089179 => -14089180
-1887369 => -1887370
-235540090 => -235540091
-211974943 => -211974944
-11926679 => -11926680
60434202 => 60434201
-91332228 => -91332229
51658391 => 51658390
-38870817 => -38870818
-335224819 => -335224820
-86753920 => -86753921
10884580 => 10884579
141973085 => 141973084
-88071255 => -88071256
-19329927 => -19329928
-66439039 => -66439040
60781683 => 60781682
-48892611 => -48892612
109220697 => 109220696
3366195 => 3366194
48509357 => 48509356
-90589394 => -90589395
-75262759 => -75262760
-151200831 => -151200832
38365176 => 38365175
132202352 => 132202351
-10696003 => -10696004
-143369271 => -143369272
-64313537 => -64313538
-83709114 => -83709115
-8349536 => -8349537
-85131393 => -85131394
-148164737 => -148164738
114110916 => 114110915
6936910 => 6936909
-38383758 => -38383759
-222934480 => -222934481
16943749 => 16943748
6238051 => 6238050
-134247296 => -134247297
34871416 => 34871415
12373750 => 12373749
3174246 => 3174245
-166203806 => -166203807
-52409607 => -52409608
-117103529 => -117103530
-37371881 => -37371882
-284686520 => -284686521
-185352200 => -185352201
75869443 => 75869442
46859912 => 46859911
-420791223 => -420791224
-137043705 => -137043706
-129381374 => -129381375
-88940519 => -88940520
-29488091 => -29488092
-193880155 => -193880156
-171008383 => -171008384
121950120 => 121950119
-289772974 => -289772975
-229999691 => -229999692
-41357840 => -41357841
-66056686 => -66056687
-128877068 => -128877069
-15086762 => -15086763
-168238101 => -168238102
-220057233 => -220057234
-88614996 => -88614997
-106415323 => -106415324
-161165027 => -161165028
-133143089 => -133143090
-60033791 => -60033792
167266925 => 167266924
21449619 => 21449618
-56104468 => -56104469
-167011948 => -167011949
-181410254 => -181410255
38455032 => 38455031
21804351 => 21804350
22631855 => 22631854
31953984 => 31953983
-196554509 => -196554510
-278716149 => -278716150
-4758900 => -4758901
-188144687 => -188144688
72243708 => 72243707
-367914254 => -367914255
-71846902 => -71846903
-222473435 => -222473436
-30507310 => -30507311
-270106023 => -270106024
-65527668 => -65527669
9570244 => 9570243
-144374119 => -144374120
-344273760 => -344273761
-171489734 => -171489735
-528605194 => -528605195
-229234341 => -229234342
43870328 => 43870327
-151895131 => -151895132
-127470875 => -127470876
-56556488 => -56556489
-160562426 => -160562427
-52155966 => -52155967
-86837337 => -86837338
-475283691 => -475283692
-270329630 => -270329631
-45065677 => -45065678
-45233768 => -45233769
-332493674 => -332493675
-67202809 => -67202810
108662419 => 108662418
50240841 => 50240840
-9296556 => -9296557
-366758150 => -366758151
-367508513 => -367508514
53597679 => 53597678
-416239253 => -416239254
119594924 => 119594923
95740149 => 95740148
-33423352 => -33423353
-48062389 => -48062390
-70330346 => -70330347
-393914116 => -393914117
-57471193 => -57471194
-89099830 => -89099831
-513546453 => -513546454
36188138 => 36188137
-201080862 => -201080863
79568543 => 79568542
-74077895 => -74077896
113002522 => 113002521
-283176880 => -283176881
106706127 => 106706126
96595713 => 96595712
-295744122 => -295744123
43582509 => 43582508
-90333845 => -90333846
-5801211 => -5801212
-85255980 => -85255981
-58594419 => -58594420
-288956229 => -288956230
-185114327 => -185114328
-388744180 => -388744181
-154020191 => -154020192
65551532 => 65551531
-90507909 => -90507910
-106757415 => -106757416
-142345785 => -142345786
108199189 => 108199188
28127493 => 28127492
-127258096 => -127258097
-106224972 => -106224973
-105206218 => -105206219
-73080835 => -73080836
-106507147 => -106507148
-66790468 => -66790469
-26100842 => -26100843
-67015011 => -67015012
-198772016 => -198772017
-229628752 => -229628753
-122601209 => -122601210
-350021203 => -350021204
-71808763 => -71808764
78574270 => 78574269
67387619 => 67387618
-633071567 => -633071568
15281103 => 15281102
-144563890 => -144563891
-270820479 => -270820480
-107987779 => -107987780
36600179 => 36600178
-73275730 => -73275731
-34111676 => -34111677
-84106475 => -84106476
-102037969 => -102037970
-42403710 => -42403711
-319782253 => -319782254
-187788477 => -187788478
-39165455 => -39165456
9221945 => 9221944
-118119234 => -118119235
-99464708 => -99464709
-120206459 => -120206460
-70869039 => -70869040
-455331411 => -455331412
-269659713 => -269659714
144267930 => 144267929
-289878919 => -289878920
-98121302 => -98121303
-130288081 => -130288082
-174434758 => -174434759
-371539611 => -371539612
-140190640 => -140190641
-308857428 => -308857429
-41748211 => -41748212
-34943067 => -34943068
162650600 => 162650599
-8339112 => -8339113
-137981976 => -137981977
-95431021 => -95431022
-312019614 => -312019615
32870632 => 32870631
42428219 => 42428218
-30978720 => -30978721
51724643 => 51724642
-132482613 => -132482614
110470980 => 110470979
-117091953 => -117091954
-64112751 => -64112752
-178414858 => -178414859
-71767654 => -71767655
-25534945 => -25534946
-292979488 => -292979489
-86935516 => -86935517
-16522661 => -16522662
-61341811 => -61341812
-137394178 => -137394179
-27824247 => -27824248
625320 => 625319
3277721 => 3277720
-91097034 => -91097035
-110181585 => -110181586
-49868696 => -49868697
-144439415 => -144439416
-147640459 => -147640460
-332682629 => -332682630
-133255132 => -133255133
-318862496 => -318862497
-35010618 => -35010619
115113593 => 115113592
-3867874 => -3867875
-128123382 => -128123383
-10954645 => -10954646
-190614989 => -190614990
87110944 => 87110943
-196339787 => -196339788
-94273977 => -94273978
-155303258 => -155303259
-98111084 => -98111085
-79252117 => -79252118
56959261 => 56959260
44338185 => 44338184
78057120 => 78057119
-86372132 => -86372133
99837265 => 99837264
-104975933 => -104975934
-130047946 => -130047947
41962108 => 41962107
-352520932 => -352520933
-103205531 => -103205532
68802633 => 68802632
-112152605 => -112152606
-141568108 => -141568109
2562665 => 2562664
-213587716 => -213587717
-98226728 => -98226729
-289366692 => -289366693
90553436 => 90553435
-1564979 => -1564980
49597599 => 49597598
-77663215 => -77663216
-24091688 => -24091689
2477175 => 2477174
-52354876 => -52354877
-131982475 => -131982476
-221236050 => -221236051
-129479365 => -129479366
-154224978 => -154224979
-238275037 => -238275038
-107033885 => -107033886
-119003279 => -119003280
34891802 => 34891801
-148176909 => -148176910
-313015028 => -313015029
56821193 => 56821192
-69934004 => -69934005
-218024104 => -218024105
-149964141 => -149964142
-243303350 => -243303351
-300714041 => -300714042
33477471 => 33477470
-335782916 => -335782917
-250078918 => -250078919
-87325904 => -87325905
-29373860 => -29373861
69395173 => 69395172
3362011 => 3362010
-94516145 => -94516146
-98219143 => -98219144
55207480 => 55207479
-103678257 => -103678258
28741643 => 28741642
-184726219 => -184726220
-36571407 => -36571408
22960519 => 22960518
6480562 => 6480561
-114278261 => -114278262
-113872817 => -113872818
-221179267 => -221179268
-176232042 => -176232043
-384119669 => -384119670
72057254 => 72057253
42903938 => 42903937
-167986534 => -167986535
34886679 => 34886678
-132146195 => -132146196
-365084593 => -365084594
-29114164 => -29114165
-391567350 => -391567351
-189954981 => -189954982
-137173936 => -137173937
-47495559 => -47495560
-69105946 => -69105947
-161092914 => -161092915
-370544490 => -370544491
-217019927 => -217019928
-62278276 => -62278277
-110843552 => -110843553
-278559307 => -278559308
-141109392 => -141109393
-131949056 => -131949057
-44404535 => -44404536
17597051 => 17597050
-73107894 => -73107895
-57891820 => -57891821
81577174 => 81577173
-30694860 => -30694861
-347221537 => -347221538
95832947 => 95832946
-198494710 => -198494711
-53597924 => -53597925
20544242 => 20544241
-168783775 => -168783776
-408997616 => -408997617
-98898285 => -98898286
-165099985 => -165099986
-301089854 => -301089855
-316958946 => -316958947
11003980 => 11003979
23404385 => 23404384
-70757352 => -70757353
2651415 => 2651414
42512569 => 42512568
-269149243 => -269149244
-111406601 => -111406602
35650743 => 35650742
-107153968 => -107153969
-96793603 => -96793604
-258007041 => -258007042
-176167564 => -176167565
-98888148 => -98888149
47946261 => 47946260
-74645167 => -74645168
-97729651 => -97729652
-72649060 => -72649061
-37334970 => -37334971
-163996474 => -163996475
-128207049 => -128207050
-9873407 => -9873408
-4088986 => -4088987
49311358 => 49311357
-64651895 => -64651896
95500875 => 95500874
-168848157 => -168848158
61318970 => 61318969
-368515604 => -368515605
-271308447 => -271308448
-269238381 => -269238382
105226144 => 105226143
-109095065 => -109095066
-234820924 => -234820925
18504336 => 18504335
9701899 => 9701898
-214617803 => -214617804
105942574 => 105942573
-370748983 => -370748984
-170373835 => -170373836
35361763 => 35361762
-16768741 => -16768742
81955744 => 81955743
131688459 => 131688458
-46829485 => -46829486
-53338339 => -53338340
3682069 => 3682068
-170776467 => -170776468
67143309 => 67143308
-241942406 => -241942407
211703048 => 211703047
-25387445 => -25387446
-61450058 => -61450059
-91528328 => -91528329
-27484458 => -27484459
95589626 => 95589625
17221185 => 17221184
-325064334 => -325064335
-169934656 => -169934657
-51848737 => -51848738
65906733 => 65906732
-281982050 => -281982051
-199649182 => -199649183
-194421166 => -194421167
-284094516 => -284094517
-268362151 => -268362152
-36132073 => -36132074
107731826 => 107731825
-214533587 => -214533588
-405101598 => -405101599
-123761538 => -123761539
-19217112 => -19217113
-252525145 => -252525146
-6013227 => -6013228
-37811284 => -37811285
-67042309 => -67042310
-169009193 => -169009194
-138878281 => -138878282
-285833110 => -285833111
-162276487 => -162276488
-118039073 => -118039074
-8443316 => -8443317
-120664527 => -120664528
44939 => 44938
-305136260 => -305136261
-56518419 => -56518420
-29789417 => -29789418
-295406326 => -295406327
-274722171 => -274722172
-78443522 => -78443523
-158971069 => -158971070
-252901701 => -252901702
49426017 => 49426016
-180613431 => -180613432
[32mMatMul Output Matches[0m
Relu #11 on 4096 points, truncate=1 by 12 bits
Mill dotrunc 1 on 16 bits using b = 4
Mill dotrunc 1 on 16 bits using b = 4
Mill dotrunc 1 on 16 bits using b = 4
Mill dotrunc 1 on 16 bits using b = 4
Time in sec for current relu = 0.008
Time in sec for current matmul = 0.929
-115153142 => -115153143
-65446707 => -65446708
-147540442 => -147540443
-237089166 => -237089167
-192917833 => -192917834
89500566 => 89500565
-109744930 => -109744931
-51267059 => -51267060
-102201135 => -102201136
40677959 => 40677958
-13811506 => -13811507
21959248 => 21959247
-162527240 => -162527241
-201753304 => -201753305
-141704646 => -141704647
71373570 => 71373569
-103853150 => -103853151
-14410077 => -14410078
-74940782 => -74940783
-88110051 => -88110052
-124040759 => -124040760
-177661995 => -177661996
-167369943 => -167369944
25394483 => 25394482
-198335652 => -198335653
-339726610 => -339726611
-114192323 => -114192324
-114270906 => -114270907
-79621438 => -79621439
-179649002 => -179649003
-113959605 => -113959606
-110086404 => -110086405
-125203859 => -125203860
-14912069 => -14912070
-119533974 => -119533975
-211487732 => -211487733
8680035 => 8680034
-7811218 => -7811219
-32394692 => -32394693
-171953422 => -171953423
-139020689 => -139020690
-149215944 => -149215945
-69596448 => -69596449
-183552494 => -183552495
-149841736 => -149841737
-29208146 => -29208147
-128890278 => -128890279
-97430169 => -97430170
31071828 => 31071827
-25036863 => -25036864
-138859804 => -138859805
-56953294 => -56953295
-179134158 => -179134159
-1321868 => -1321869
-144713668 => -144713669
-78843705 => -78843706
-84418391 => -84418392
-55989195 => -55989196
-184371129 => -184371130
-145603072 => -145603073
-211799060 => -211799061
27432446 => 27432445
-71180840 => -71180841
-15952332 => -15952333
-124490794 => -124490795
-171108686 => -171108687
-138722109 => -138722110
-189823900 => -189823901
-64337076 => -64337077
33522969 => 33522968
-190641430 => -190641431
-120038941 => -120038942
22527781 => 22527780
-108898811 => -108898812
-180000806 => -180000807
-123445508 => -123445509
-98836063 => -98836064
-92965583 => -92965584
-111051067 => -111051068
-54511097 => -54511098
-156370887 => -156370888
41423009 => 41423008
-68332825 => -68332826
-164120299 => -164120300
-33063140 => -33063141
-69200158 => -69200159
-170399443 => -170399444
-8396538 => -8396539
-28560522 => -28560523
-90419050 => -90419051
-25117479 => -25117480
-239176747 => -239176748
13498203 => 13498202
-70259228 => -70259229
4104117 => 4104116
-90294703 => -90294704
-19361910 => -19361911
-153537550 => -153537551
-225270339 => -225270340
-250383244 => -250383245
-82381760 => -82381761
-1371345 => -1371346
-111914992 => -111914993
-65805013 => -65805014
-206572625 => -206572626
43373903 => 43373902
-158753248 => -158753249
-71635901 => -71635902
5504014 => 5504013
-88047115 => -88047116
-50268216 => -50268217
-218636298 => -218636299
4141727 => 4141726
-64758310 => -64758311
-44564520 => -44564521
-102666572 => -102666573
-47528083 => -47528084
-194634413 => -194634414
-2538012 => -2538013
-156345908 => -156345909
38695252 => 38695251
-85661300 => -85661301
-3499486 => -3499487
-11277092 => -11277093
34056668 => 34056667
-737701 => -737702
-142541062 => -142541063
-113944213 => -113944214
-181844874 => -181844875
-12781247 => -12781248
-159912085 => -159912086
2397195 => 2397194
-36424541 => -36424542
4774260 => 4774259
-191047736 => -191047737
-100862050 => -100862051
-102359172 => -102359173
-164448799 => -164448800
-81132015 => -81132016
-265555020 => -265555021
-165041502 => -165041503
-163451416 => -163451417
-128898115 => -128898116
-186193822 => -186193823
-112087694 => -112087695
-232628931 => -232628932
-190728598 => -190728599
-23036142 => -23036143
-140465163 => -140465164
-150799598 => -150799599
72999407 => 72999406
-12269953 => -12269954
-35528351 => -35528352
-76113384 => -76113385
-40831188 => -40831189
-74586228 => -74586229
4775464 => 4775463
-63999603 => -63999604
36888169 => 36888168
-119429778 => -119429779
-212149725 => -212149726
119487828 => 119487827
-114708553 => -114708554
-118422373 => -118422374
-42861098 => -42861099
-34355805 => -34355806
-16282665 => -16282666
-4776578 => -4776579
-26532128 => -26532129
34419428 => 34419427
-71086049 => -71086050
-186981349 => -186981350
22551439 => 22551438
-125605652 => -125605653
-104787540 => -104787541
-11452254 => -11452255
-175742968 => -175742969
-117188423 => -117188424
-67927078 => -67927079
-123828248 => -123828249
-168885120 => -168885121
8260049 => 8260048
-146654735 => -146654736
-100622685 => -100622686
-126110737 => -126110738
-146200432 => -146200433
-206151214 => -206151215
-168496533 => -168496534
-789348 => -789349
-80965374 => -80965375
80817938 => 80817937
-70817117 => -70817118
-74458650 => -74458651
-146475955 => -146475956
-57338081 => -57338082
-25771087 => -25771088
19280589 => 19280588
-41720292 => -41720293
-25917108 => -25917109
-76591823 => -76591824
26782884 => 26782883
-72335151 => -72335152
-197589971 => -197589972
-206102203 => -206102204
-24770691 => -24770692
-114260621 => -114260622
-128414183 => -128414184
-15234250 => -15234251
-145365809 => -145365810
-96213037 => -96213038
-211562674 => -211562675
-72625134 => -72625135
-123770589 => -123770590
-92479521 => -92479522
-126668229 => -126668230
-174993454 => -174993455
-52692236 => -52692237
-95592693 => -95592694
2580809 => 2580808
-36870526 => -36870527
2537398 => 2537397
-90138358 => -90138359
59498544 => 59498543
-71047697 => -71047698
-47991667 => -47991668
-78252633 => -78252634
-111076164 => -111076165
18610677 => 18610676
48475067 => 48475066
16665962 => 16665961
-100381198 => -100381199
-104005260 => -104005261
-191690873 => -191690874
-30634220 => -30634221
-121555054 => -121555055
-152112893 => -152112894
22740378 => 22740377
-50422184 => -50422185
-124164183 => -124164184
-170906943 => -170906944
-52365638 => -52365639
-117885691 => -117885692
6416760 => 6416759
-55655075 => -55655076
-61050062 => -61050063
-8685678 => -8685679
-38828104 => -38828105
-51900638 => -51900639
-1666590 => -1666591
-97791423 => -97791424
73246675 => 73246674
-202024113 => -202024114
-46104143 => -46104144
-70845322 => -70845323
-130129149 => -130129150
-86847643 => -86847644
-170588747 => -170588748
-74930080 => -74930081
-72289298 => -72289299
-35491235 => -35491236
-112167669 => -112167670
-89767790 => -89767791
-138057646 => -138057647
-209727867 => -209727868
-167994339 => -167994340
-214634217 => -214634218
-35415092 => -35415093
31018622 => 31018621
-11644627 => -11644628
114969389 => 114969388
-65502189 => -65502190
-172373853 => -172373854
-233057156 => -233057157
-156581592 => -156581593
-91039809 => -91039810
-125983507 => -125983508
-137753242 => -137753243
-33911049 => -33911050
-84704949 => -84704950
-22801295 => -22801296
-12610933 => -12610934
-236604615 => -236604616
-202473005 => -202473006
-91668186 => -91668187
-255995397 => -255995398
-130839905 => -130839906
-131124360 => -131124361
-147067428 => -147067429
-156026976 => -156026977
-202376502 => -202376503
-155944341 => -155944342
-94911778 => -94911779
-166906338 => -166906339
-18900826 => -18900827
-143320837 => -143320838
-157496992 => -157496993
-132333907 => -132333908
-215316548 => -215316549
-89984560 => -89984561
-30374049 => -30374050
-136947450 => -136947451
-317890547 => -317890548
-49371636 => -49371637
-35505073 => -35505074
-168858856 => -168858857
-47520724 => -47520725
-70378739 => -70378740
-14803742 => -14803743
-9945072 => -9945073
-145184561 => -145184562
-127933764 => -127933765
-98236201 => -98236202
-154768983 => -154768984
-25532204 => -25532205
-8781448 => -8781449
-77503067 => -77503068
14177984 => 14177983
-176712823 => -176712824
-144927687 => -144927688
-125764392 => -125764393
-152763607 => -152763608
-148768936 => -148768937
-68909598 => -68909599
-116827808 => -116827809
-234852084 => -234852085
-113248700 => -113248701
-110423625 => -110423626
-69416521 => -69416522
-115323298 => -115323299
-98446450 => -98446451
-124619622 => -124619623
-158359295 => -158359296
-27176056 => -27176057
-3809320 => -3809321
-246155347 => -246155348
-137021560 => -137021561
-269529482 => -269529483
-52473285 => -52473286
-154815917 => -154815918
74610186 => 74610185
-93384001 => -93384002
-65000220 => -65000221
-114808528 => -114808529
-92888209 => -92888210
5394205 => 5394204
-92261197 => -92261198
-6382306 => -6382307
-187167711 => -187167712
1013932 => 1013931
-46840531 => -46840532
2932209 => 2932208
-104065391 => -104065392
-142909462 => -142909463
-95197181 => -95197182
8968172 => 8968171
-103215586 => -103215587
-81146352 => -81146353
-20304087 => -20304088
-69367198 => -69367199
-163778567 => -163778568
59469510 => 59469509
-105473680 => -105473681
-77360856 => -77360857
-70195452 => -70195453
-160620715 => -160620716
-129023787 => -129023788
-91194599 => -91194600
-22846135 => -22846136
-156618699 => -156618700
-131813267 => -131813268
-27290253 => -27290254
76926897 => 76926896
-78464129 => -78464130
-186058644 => -186058645
-74559571 => -74559572
-38068376 => -38068377
-138095887 => -138095888
-28319134 => -28319135
71516229 => 71516228
-50229868 => -50229869
-202517598 => -202517599
-23139364 => -23139365
-88796564 => -88796565
-20600256 => -20600257
-38807532 => -38807533
-117364990 => -117364991
-120552705 => -120552706
-98690708 => -98690709
-22304634 => -22304635
-16833192 => -16833193
-119350140 => -119350141
-239260512 => -239260513
-70498494 => -70498495
-10475691 => -10475692
-227531917 => -227531918
-54361816 => -54361817
-170204561 => -170204562
-26091274 => -26091275
-6521061 => -6521062
-161459198 => -161459199
-190501082 => -190501083
-115435173 => -115435174
-30821506 => -30821507
-15585125 => -15585126
-66153907 => -66153908
-80198413 => -80198414
-104593595 => -104593596
-60277571 => -60277572
-89237696 => -89237697
-153341429 => -153341430
-120679626 => -120679627
-71089596 => -71089597
-10093496 => -10093497
-83148640 => -83148641
-29618387 => -29618388
-94271557 => -94271558
35662671 => 35662670
-153161945 => -153161946
-26857251 => -26857252
-101433302 => -101433303
-137850360 => -137850361
-138546382 => -138546383
-85827417 => -85827418
-115720496 => -115720497
61442122 => 61442121
-198910638 => -198910639
-38390190 => -38390191
-110336029 => -110336030
-147471730 => -147471731
-104296754 => -104296755
-172315623 => -172315624
174531959 => 174531958
-40116395 => -40116396
-75229693 => -75229694
-237263507 => -237263508
-174033692 => -174033693
-169074818 => -169074819
-110944818 => -110944819
-32475367 => -32475368
-18963878 => -18963879
-98587090 => -98587091
-150577284 => -150577285
-124450580 => -124450581
-29951528 => -29951529
-33560306 => -33560307
-123864781 => -123864782
30978283 => 30978282
5690165 => 5690164
-126693087 => -126693088
18783876 => 18783875
-20421880 => -20421881
30496051 => 30496050
-70217770 => -70217771
-150362039 => -150362040
-190793026 => -190793027
-126177912 => -126177913
-74416567 => -74416568
-155884880 => -155884881
40931074 => 40931073
-103734377 => -103734378
-95283003 => -95283004
-120949399 => -120949400
14026224 => 14026223
-87528374 => -87528375
-128673935 => -128673936
-137644167 => -137644168
-187821544 => -187821545
-101500785 => -101500786
-32565041 => -32565042
-32325431 => -32325432
1053750 => 1053749
-119893218 => -119893219
-226651666 => -226651667
-13122867 => -13122868
-142808559 => -142808560
-166094450 => -166094451
-146634554 => -146634555
-78358336 => -78358337
-144502203 => -144502204
-22312471 => -22312472
-6513407 => -6513408
25046785 => 25046784
-58550847 => -58550848
-138252217 => -138252218
-28525421 => -28525422
-203000769 => -203000770
-11913048 => -11913049
-204861989 => -204861990
-121156642 => -121156643
-168763753 => -168763754
-114092524 => -114092525
-117742303 => -117742304
-198862418 => -198862419
-73100109 => -73100110
-118883585 => -118883586
[32mMatMul Output Matches[0m
Relu #13 on 4096 points, truncate=1 by 12 bits
Mill dotrunc 1 on 16 bits using b = 4
Mill dotrunc 1 on 16 bits using b = 4
Mill dotrunc 1 on 16 bits using b = 4
Mill dotrunc 1 on 16 bits using b = 4
Time in sec for current relu = 0.008
Time in sec for current matmul = 0.236
12157927 => 12157926
-47768219 => -47768220
-74682192 => -74682193
-64104533 => -64104534
-73251628 => -73251629
-27742759 => -27742760
-76407936 => -76407937
7716954 => 7716953
-8280162 => -8280163
-78402289 => -78402290
-2255010 => -2255011
12232471 => 12232470
-37415295 => -37415296
-23722663 => -23722664
-16485517 => -16485518
-51730814 => -51730815
-2546455 => -2546456
21498048 => 21498047
43800339 => 43800338
-20026409 => -20026410
883543 => 883542
97601440 => 97601439
74923055 => 74923054
108838589 => 108838588
-1364833 => -1364834
101155617 => 101155616
27130250 => 27130249
-41494319 => -41494320
5351797 => 5351796
49084547 => 49084546
188254859 => 188254858
30518387 => 30518386
99285974 => 99285973
80005632 => 80005631
129972810 => 129972809
-36760234 => -36760235
-38406592 => -38406593
-40360907 => -40360908
86671290 => 86671289
41496521 => 41496520
-4095046 => -4095047
118797713 => 118797712
65756020 => 65756019
69053790 => 69053789
3602544 => 3602543
25913502 => 25913501
-17767354 => -17767355
-35506411 => -35506412
-12720680 => -12720681
-19197405 => -19197406
-20034669 => -20034670
-6062306 => -6062307
52467667 => 52467666
-8158545 => -8158546
77458008 => 77458007
-59619348 => -59619349
-36979422 => -36979423
70334 => 70333
-9829047 => -9829048
90849463 => 90849462
-191550 => -191551
-26452599 => -26452600
-3894823 => -3894824
-72974265 => -72974266
-34570192 => -34570193
-40939714 => -40939715
46933237 => 46933236
-12344887 => -12344888
-14984641 => -14984642
-26863808 => -26863809
21761184 => 21761183
-14715048 => -14715049
36484148 => 36484147
-1872807 => -1872808
-46841662 => -46841663
-18058766 => -18058767
71706676 => 71706675
-49444147 => -49444148
4582520 => 4582519
-2843540 => -2843541
-34649848 => -34649849
-15264319 => -15264320
16894946 => 16894945
-60426809 => -60426810
-33259562 => -33259563
48125204 => 48125203
23518813 => 23518812
-36930867 => -36930868
-24261474 => -24261475
-56222620 => -56222621
18541240 => 18541239
71102981 => 71102980
64703942 => 64703941
25598811 => 25598810
-91574955 => -91574956
14157322 => 14157321
-33997125 => -33997126
-37784494 => -37784495
-65502702 => -65502703
-17377247 => -17377248
-47956621 => -47956622
-27371334 => -27371335
-77275302 => -77275303
-49905996 => -49905997
-2166117 => -2166118
-48189554 => -48189555
17722441 => 17722440
-54975062 => -54975063
-61387299 => -61387300
41681838 => 41681837
78357791 => 78357790
-32734894 => -32734895
-71431601 => -71431602
-31870883 => -31870884
-5681840 => -5681841
44535894 => 44535893
6626437 => 6626436
-63893998 => -63893999
-86268624 => -86268625
-28715331 => -28715332
-1458094 => -1458095
[32mMatMul Output Matches[0m
Truncate #1 on 1000 points by 12 bits
Elapsed wall time: 35.9022 seconds
Elapsed CPU time: 33 seconds
CPU usage: 11.4895 %
Test end computation
Elapsed time: 36.301 seconds
Estimated energy used: 8341.63 joules
Thread i = 0, total data sent till now = 25718640
Thread i = 1, total data sent till now = 13271585
Thread i = 2, total data sent till now = 5284150
Thread i = 3, total data sent till now = 13271603
------------------------------------------------------
------------------------------------------------------
------------------------------------------------------
Total time taken = 16306 milliseconds.
Total data sent = 48.0361 MiB.
Number of rounds = 411
Total comm (sent+received) = (see SERVER OUTPUT)
------------------------------------------------------
Average CPU usage across all segments: 13.2437 %
Peak CPU usage during computation: 47.8092 %
Total time in Conv = 3.89 seconds.
Total time in MatMul = 3.114 seconds.
Total time in BatchNorm = 0 seconds.
Total time in Truncation = 0.034 seconds.
Total time in Relu = 3.056 seconds.
Total time in MaxPool = 2.122 seconds.
Total time in AvgPool = 0.078 seconds.
Total time in ArgMax = 0 seconds.
Total time in MatAdd = 0 seconds.
Total time in MatAddBroadCast = 0 seconds.
Total time in MulCir = 0 seconds.
Total time in ScalarMul = 0 seconds.
Total time in Sigmoid = 0 seconds.
Total time in Tanh = 0 seconds.
Total time in Sqrt = 0 seconds.
Total time in NormaliseL2 = 0 seconds.
------------------------------------------------------
Conv data sent = 8.27525 MiB.
MatMul data sent = 10.9537 MiB.
BatchNorm data sent = 0 MiB.
Truncation data sent = 0.589609 MiB.
Relu data sent = 8.18199 MiB.
Maxpool data sent = 19.1235 MiB.
Avgpool data sent = 0.912027 MiB.
ArgMax data sent = 0 MiB.
MatAdd data sent = 0 MiB.
MatAddBroadCast data sent = 0 MiB.
MulCir data sent = 0 MiB.
Sigmoid data sent = 0 MiB.
Tanh data sent = 0 MiB.
Sqrt data sent = 0 MiB.
NormaliseL2 data sent = 0 MiB.
------------------------------------------------------
-18531
-23502
16668
-7925
9107
1374
5161
-3781
2752
1908
-14899
-10474
-16823
-11587
-13119
-22712
-4499
-2672
-10182
-19382
-9384
-857
-8977
4651
-12518
-14097
-18389
-11355
-8598
-5121
-23831
-24195
-20464
-7462
-4904
-13588
6436
-16046
-10814
-18684
-15065
-15525
-13970
-15946
-5868
-12714
-17860
-7891
-13087
-22433
348
2353
-750
-5563
-2918
-14326
-9323
-13625
-13740
-9683
-6447
5650
-11508
-7539
-15595
-12932
-4217
-4684
-12842
-6393
-12527
-6768
-21749
-26670
-13204
-15283
-11159
-18683
12993
-12679
-20949
-19719
1774
-8711
-3288
-9561
-2602
-1627
-2153
-1436
-15495
-21749
-15149
-19140
-13145
-15493
-13249
6147
-7316
14590
-7824
-7478
-502
3460
45575
27619
30565
-28604
-8956
1229
-18283
-10853
1533
-6138
-9243
-171
-15562
-13040
-5793
-10913
-9416
-8676
-15927
-4070
-10050
-3863
-9771
-3532
-19332
-9904
5592
-12623
-14043
-17719
-976
220
-12847
-11848
-9981
-20284
-10921
-25110
-7921
-18891
410
7024
17390
-16151
-13885
-5507
4789
37423
4876
-1320
10667
-4832
-11696
4069
18435
1443
9422
1513
2408
11718
-4466
-11043
171
-2154
8432
11749
6636
13587
25966
35741
47523
-5461
9602
301
7352
32449
29669
23924
8370
4029
7654
14337
17640
-5380
12510
13175
10589
-3681
11477
11201
-2668
15168
-1131
-4144
-11016
18496
8888
-1848
11811
26696
-287
13029
1537
21066
30899
24984
4037
7325
10036
-11286
6631
5247
854
1168
-7571
3381
5023
-7196
35930
28336
10905
15036
-9206
36715
15042
13382
9504
20815
19745
-10039
4239
39232
14295
9697
11975
8131
9834
1247
20739
15628
23052
28905
18673
11945
64443
48870
58098
19315
-13316
26402
8525
11382
9460
34605
50184
29488
43407
16894
1170
25683
26620
13499
14300
21400
11887
46051
54782
22585
19489
52047
24197
7458
18039
13107
31170
39991
24131
17968
19231
18586
32406
31880
24839
25362
3351
4035
4690
13615
17649
4336
13954
20738
38927
3225
3282
-1541
-18388
-12502
-9160
-13092
-22215
-10705
-4084
-19127
-4853
-8394
-7926
-10664
-5946
-2481
-3792
-9037
-14160
-15832
-22695
-9921
-20850
-15244
-22609
-14632
-12755
-20801
-22375
14390
-5454
-2529
28554
21054
21738
26652
10233
-2374
3219
13214
6753
-774
9808
37661
15000
-5948
-4408
12655
-4157
-5415
35380
14867
5461
-16520
1482
16397
11189
35412
28874
24494
14822
21932
9728
16094
16172
2900
485
-1580
-1626
-13885
16723
-2276
5389
-251
18237
10511
5165
-2363
1083
6324
18119
11741
10551
36
5311
1376
2971
-4300
-13904
7544
20938
-3430
-15986
-2982
-15526
-20902
5349
-1959
-17097
-1057
5076
-7971
-3811
-6911
-8654
-17114
-9565
-6161
-20780
-15362
-13605
-5971
-5164
-8075
13823
-3093
3151
-4854
-4511
-9022
4300
11900
3533
-2436
5788
-1216
21580
-14861
-9942
-6926
25634
12695
-6268
-345
10647
8150
13858
8512
-15040
-9485
7057
-635
-2190
-6981
-14164
19002
-9688
-6443
-14541
2453
-10116
-25799
-9300
962
4261
6108
4621
3195
3002
27425
71
-6866
-9129
-16085
-2619
19322
2444
-2420
-16342
11256
-7363
-1967
-223
-13836
416
-3377
6302
2751
506
-2235
22295
-2128
133
-2181
-6560
-9332
-16239
-3507
-13730
17920
-5180
14078
6437
-10096
-9500
-12908
-7054
-7367
7907
-3251
-8088
4846
-15579
2859
-1312
-14668
6935
-4995
-12441
-8622
26782
-6430
-16482
-17914
-3971
-2995
3187
24473
-2615
-17174
-7436
10248
9852
10829
-9141
6761
-8159
-18917
-8609
-1053
-3048
675
-929
-1274
-16003
-4154
19390
-18774
-11402
36640
-28922
22996
-16676
3689
8056
17800
-7068
11076
4438
-19985
-9985
-6232
-13951
-1077
11466
6525
-6939
-11881
-6530
4836
7580
-8569
-6532
-8524
-3144
-2928
-16999
-10022
-3059
-7059
29188
-6890
-10529
-6051
1226
-13973
109
-10566
-10541
-6804
-3805
-10763
-3467
-12691
2340
-5904
-6677
5232
-8884
3276
8788
7591
8128
-2267
-7070
11993
-3253
-11350
12369
6121
-4485
-2216
1288
-9472
9054
-4882
-6378
5827
6885
-4226
6763
-5715
-310
11100
-11235
-1374
9593
-4611
1690
-1209
-34
-2698
17529
1578
16905
-2134
-9145
-13589
2842
-12973
-11981
12759
-167
-3709
-1677
1514
-11776
-8266
5249
-1816
-4367
-6053
2221
823
-4124
13558
-4278
-23124
-2442
-1877
-464
-7982
12608
-4792
13994
-8175
-4090
-13150
-8415
-1707
4485
-364
-10272
-19965
-4777
-17552
5430
-6615
-7964
15144
-18849
-14197
-3650
-15526
-8985
21581
11343
-18031
32767
4047
290
-6438
9588
14247
-13290
1839
14518
-4470
-8646
-14824
5606
-13073
2300
6925
-1174
-1811
-8555
-8107
10472
-1181
-10574
5375
23926
-9915
11817
9847
-2806
-16947
-12406
-1174
-9079
5760
8518
1991
2848
3823
5477
467
231
-8921
-12947
5606
4771
5696
14589
6602
-13089
2958
-6559
-10839
8189
-15082
-10138
20594
-4506
2841
-16070
2989
-9030
-6189
-8007
-9964
2688
-7955
12768
9006
4920
-8780
6812
3878
-4223
-4556
14878
-7582
3071
12590
417
-13744
-5721
-13796
476
2784
4662
23545
-6420
3941
-1137
4415
-7298
5298
-752
12865
-4627
-4146
1748
17087
-1492
-4246
2333
-4118
7887
-15282
-8626
-11877
16768
3265
15620
15893
-885
3498
6368
4303
10962
18108
5531
2884
10426
-5809
5633
19342
-11007
6440
-2171
-6167
-6480
-22150
-250
15061
9748
-10791
3407
-9152
11055
20762
-19001
9828
-9579
-10575
3419
-20666
-11425
4120
-14216
-17510
-3389
7305
9057
-10218
-8595
-1656
3035
-14811
-9153
-3017
-15979
-21458
5421
-1412
4132
12858
3246
-13550
4161
8480
14217
-4042
9838
9406
-4297
-570
-6805
-4265
22572
7003
21833
-19664
-11680
4795
-16819
-20057
-5756
11322
-3652
9038
3699
-4290
-21643
14398
-11684
-7972
-6993
7477
-421
-19139
-3457
-22634
-12354
-11811
22574
6190
11587
3746
-4516
-12755
4382
-5302
-16850
-863
-13604
-448
-11787
-4089
1347
5987
4224
-9240
-7098
-1462
15807
6613
3786
-5076
-14646
-8081
7364
2629
18520
3405
1329
-3029
-11314
8976
14913
11503
4091
-12412
-13442
-14785
10210
5292
19422
-8233
-20023
9820
-4382
-9494
-11863
-14108
-6939
-2432
4109
16774
-7900
4085
6310
-4276
-1788
-1399
-14489
1745
491
-9295
-14650
-13693
12388
-7917
-12292
-6450
-17498
-1692
-7151
-4084
-8157
-1561
-10845
-2561
1206
-19718
10784
-1663
189
-14416
613
8712
-20939
-359
28
13390
1524
-7922
11450
-9410
-15455
15926
-15504
-8177
-21289
-5323
-26013
6798
-10241
-22735
-24721
-1774
-1450
-20997
-2678
-23259
-28704
11414
-7144
1589
-12906
-2361
-15147
140
-229
11704
3072
-7522
9785
19100
