Number of CPU cores: 10
Using Eigen for Matmul
Doing BaseOT ...
using kkot pack
using kkot pack
using kkot pack
using kkot pack
After one-time setup, communication
Thread i = 0, total data sent till now = 184970
Thread i = 1, total data sent till now = 294765
Thread i = 2, total data sent till now = 163141
Thread i = 3, total data sent till now = 294765
-----------Syncronizing-----------
secret_share_mod: 137352314881 bitlength: 37
backend: PrimeField-OT-SCI_HE
-----------Syncronized - now starting execution-----------
Conv2DCSF 1 called N=1, H=227, W=227, CI=3, FH=3, FW=3, CO=64, S=2
Time in sec for current conv = 16.906
Maxpool 1 called N=1, H=56, W=56, C=64, ksizeH=3, ksizeW=3
Time in sec for current maxpool = 7.561
Relu #1 on 200704 points, truncate=1 by 12 bits
Time in sec for current relu = 0.988
Conv2DCSF 2 called N=1, H=56, W=56, CI=64, FH=1, FW=1, CO=16, S=1
Time in sec for current conv = 0.286
Relu #3 on 50176 points, truncate=1 by 12 bits
Time in sec for current relu = 0.262
Conv2DCSF 3 called N=1, H=56, W=56, CI=16, FH=1, FW=1, CO=64, S=1
Time in sec for current conv = 0.309
Relu #5 on 200704 points, truncate=1 by 12 bits
Time in sec for current relu = 0.995
Conv2DCSF 4 called N=1, H=56, W=56, CI=16, FH=3, FW=3, CO=64, S=1
Time in sec for current conv = 1.739
Relu #7 on 200704 points, truncate=1 by 12 bits
Time in sec for current relu = 1.019
Conv2DCSF 5 called N=1, H=56, W=56, CI=128, FH=1, FW=1, CO=16, S=1
Time in sec for current conv = 0.506
Relu #9 on 50176 points, truncate=1 by 12 bits
Time in sec for current relu = 0.281
Conv2DCSF 6 called N=1, H=56, W=56, CI=16, FH=1, FW=1, CO=64, S=1
Time in sec for current conv = 0.29
Relu #11 on 200704 points, truncate=1 by 12 bits
Time in sec for current relu = 0.988
Conv2DCSF 7 called N=1, H=56, W=56, CI=16, FH=3, FW=3, CO=64, S=1
Time in sec for current conv = 1.664
Relu #13 on 200704 points, truncate=1 by 12 bits
Time in sec for current relu = 0.982
Maxpool 2 called N=1, H=27, W=27, C=128, ksizeH=3, ksizeW=3
Time in sec for current maxpool = 3.446
Conv2DCSF 8 called N=1, H=27, W=27, CI=128, FH=1, FW=1, CO=32, S=1
Time in sec for current conv = 0.215
Relu #15 on 23328 points, truncate=1 by 12 bits
Time in sec for current relu = 0.141
Conv2DCSF 9 called N=1, H=27, W=27, CI=32, FH=1, FW=1, CO=128, S=1
Time in sec for current conv = 0.278
Relu #17 on 93312 points, truncate=1 by 12 bits
Time in sec for current relu = 0.458
Conv2DCSF 10 called N=1, H=27, W=27, CI=32, FH=3, FW=3, CO=128, S=1
Time in sec for current conv = 1.56
Relu #19 on 93312 points, truncate=1 by 12 bits
Time in sec for current relu = 0.467
Conv2DCSF 11 called N=1, H=27, W=27, CI=256, FH=1, FW=1, CO=32, S=1
Time in sec for current conv = 0.394
Relu #21 on 23328 points, truncate=1 by 12 bits
Time in sec for current relu = 0.161
Conv2DCSF 12 called N=1, H=27, W=27, CI=32, FH=1, FW=1, CO=128, S=1
Time in sec for current conv = 0.261
Relu #23 on 93312 points, truncate=1 by 12 bits
Time in sec for current relu = 0.492
Conv2DCSF 13 called N=1, H=27, W=27, CI=32, FH=3, FW=3, CO=128, S=1
Time in sec for current conv = 1.536
Relu #25 on 93312 points, truncate=1 by 12 bits
Time in sec for current relu = 0.445
Maxpool 3 called N=1, H=13, W=13, C=256, ksizeH=3, ksizeW=3
Time in sec for current maxpool = 1.745
Conv2DCSF 14 called N=1, H=13, W=13, CI=256, FH=1, FW=1, CO=48, S=1
Time in sec for current conv = 0.276
Relu #27 on 8112 points, truncate=1 by 12 bits
Time in sec for current relu = 0.056
Conv2DCSF 15 called N=1, H=13, W=13, CI=48, FH=1, FW=1, CO=192, S=1
Time in sec for current conv = 0.285
Relu #29 on 32448 points, truncate=1 by 12 bits
Time in sec for current relu = 0.188
Conv2DCSF 16 called N=1, H=13, W=13, CI=48, FH=3, FW=3, CO=192, S=1
Time in sec for current conv = 1.208
Relu #31 on 32448 points, truncate=1 by 12 bits
Time in sec for current relu = 0.178
Conv2DCSF 17 called N=1, H=13, W=13, CI=384, FH=1, FW=1, CO=48, S=1
Time in sec for current conv = 0.341
Relu #33 on 8112 points, truncate=1 by 12 bits
Time in sec for current relu = 0.056
Conv2DCSF 18 called N=1, H=13, W=13, CI=48, FH=1, FW=1, CO=192, S=1
Time in sec for current conv = 0.282
Relu #35 on 32448 points, truncate=1 by 12 bits
Time in sec for current relu = 0.178
Conv2DCSF 19 called N=1, H=13, W=13, CI=48, FH=3, FW=3, CO=192, S=1
Time in sec for current conv = 1.208
Relu #37 on 32448 points, truncate=1 by 12 bits
Time in sec for current relu = 0.17
Conv2DCSF 20 called N=1, H=13, W=13, CI=384, FH=1, FW=1, CO=64, S=1
Time in sec for current conv = 0.34
Relu #39 on 10816 points, truncate=1 by 12 bits
Time in sec for current relu = 0.075
Conv2DCSF 21 called N=1, H=13, W=13, CI=64, FH=1, FW=1, CO=256, S=1
Time in sec for current conv = 0.341
Relu #41 on 43264 points, truncate=1 by 12 bits
Time in sec for current relu = 0.219
Conv2DCSF 22 called N=1, H=13, W=13, CI=64, FH=3, FW=3, CO=256, S=1
Time in sec for current conv = 1.573
Relu #43 on 43264 points, truncate=1 by 12 bits
Time in sec for current relu = 0.246
Conv2DCSF 23 called N=1, H=13, W=13, CI=512, FH=1, FW=1, CO=64, S=1
Time in sec for current conv = 0.429
Relu #45 on 10816 points, truncate=1 by 12 bits
Time in sec for current relu = 0.075
Conv2DCSF 24 called N=1, H=13, W=13, CI=64, FH=1, FW=1, CO=256, S=1
Time in sec for current conv = 0.333
Relu #47 on 43264 points, truncate=1 by 12 bits
Time in sec for current relu = 0.23
Conv2DCSF 25 called N=1, H=13, W=13, CI=64, FH=3, FW=3, CO=256, S=1
Time in sec for current conv = 1.595
Relu #49 on 43264 points, truncate=1 by 12 bits
Time in sec for current relu = 0.24
Conv2DCSF 26 called N=1, H=13, W=13, CI=512, FH=1, FW=1, CO=1000, S=1
Time in sec for current conv = 6.121
Relu #51 on 169000 points, truncate=1 by 12 bits
Time in sec for current relu = 0.847
AvgPool 1 called N=1, H=1, W=1, C=1000, ksizeH=13, ksizeW=13
Time in sec for current avgpool = 0.022
ArgMax 1 called, s1=1, s2=1000
Elapsed wall time: 80.9755 seconds
Elapsed CPU time: 169.4 seconds
CPU usage: 20.9199 %
Test end computation
Elapsed time: 81.2722 seconds
Estimated energy used: 34004.2 joules
Thread i = 0, total data sent till now = 318713114
Thread i = 1, total data sent till now = 1320209770
Thread i = 2, total data sent till now = 210435157
Thread i = 3, total data sent till now = 1320210554
------------------------------------------------------
------------------------------------------------------
------------------------------------------------------
Total time taken = 69033 milliseconds.
Total data sent = 3021.84 MiB.
Number of rounds = 1708
Total comm (sent+received) = 6386 MiB.
------------------------------------------------------
Average CPU usage across all segments: 17.2679 %
Peak CPU usage during computation: 38.579 %
Total time in Conv = 40.276 seconds.
Total time in MatMul = 0 seconds.
Total time in BatchNorm = 0 seconds.
Total time in Truncation = 5.356 seconds.
Total time in Relu = 10.437 seconds.
Total time in MaxPool = 12.752 seconds.
Total time in AvgPool = 0.022 seconds.
Total time in ArgMax = 0.055 seconds.
Total time in MatAdd = 0 seconds.
Total time in MatAddBroadCast = 0 seconds.
Total time in MulCir = 0 seconds.
Total time in ScalarMul = 0 seconds.
Total time in Sigmoid = 0 seconds.
Total time in Tanh = 0 seconds.
Total time in Sqrt = 0 seconds.
Total time in NormaliseL2 = 0 seconds.
------------------------------------------------------
Conv data sent = 103.055 MiB.
MatMul data sent = 0 MiB.
BatchNorm data sent = 0 MiB.
Truncation data sent = 576.91 MiB.
Relu data sent = 1004.25 MiB.
Maxpool data sent = 1336.34 MiB.
Avgpool data sent = 1.10345 MiB.
ArgMax data sent = 0.186169 MiB.
MatAdd data sent = 0 MiB.
MatAddBroadCast data sent = 0 MiB.
MulCir data sent = 0 MiB.
Sigmoid data sent = 0 MiB.
Tanh data sent = 0 MiB.
Sqrt data sent = 0 MiB.
NormaliseL2 data sent = 0 MiB.
------------------------------------------------------
Conv data (sent+received) = 547.471 MiB.
Conv data received = 444.416 MiB.
MatMul data (sent+received) = 0 MiB.
MatMul data received = 0 MiB.
BatchNorm data (sent+received) = 0 MiB.
BatchNorm data received = 0 MiB.
Truncation data (sent+received) = 1153.82 MiB.
Truncation data received = 576.913 MiB.
Relu data (sent+received) = 2008.5 MiB.
Relu data received = 1004.25 MiB.
Maxpool data (sent+received) = 2672.68 MiB.
Maxpool data received = 1336.34 MiB.
Avgpool data (sent+received) = 2.20818 MiB.
Avgpool data received = 1.10473 MiB.
ArgMax data (sent+received) = 1.32221 MiB.
ArgMax data received = 1.13604 MiB.
MatAdd data (sent+received) = 0 MiB.
MatAdd data received = 0 MiB.
MatAddBroadCast data (sent+received) = 0 MiB.
MatAddBroadCast data received = 0 MiB.
MulCir data (sent+received) = 0 MiB.
ScalarMul data (sent+received) = 0 MiB.
Sigmoid data (sent+received) = 0 MiB.
Tanh data (sent+received) = 0 MiB.
Sqrt data (sent+received) = 0 MiB.
NormaliseL2 data (sent+received) = 0 MiB.
