Number of CPU cores: 8
Using Eigen for Matmul
Doing BaseOT ...
using kkot pack
using kkot pack
using kkot pack
using kkot pack
After one-time setup, communication
Thread i = 0, total data sent till now = 184970
Thread i = 1, total data sent till now = 294765
Thread i = 2, total data sent till now = 163141
Thread i = 3, total data sent till now = 294765
-----------Syncronizing-----------
secret_share_mod: 137352314881 bitlength: 37
backend: PrimeField-OT-SCI_HE
-----------Syncronized - now starting execution-----------
Conv2DCSF 1 called N=1, H=32, W=32, CI=3, FH=3, FW=3, CO=64, S=1
Time in sec for current conv = 0.289
Maxpool 1 called N=1, H=16, W=16, C=64, ksizeH=3, ksizeW=3
Time in sec for current maxpool = 0.766
Relu #1 on 16384 points, truncate=1 by 12 bits
Time in sec for current relu = 0.101
Conv2DCSF 2 called N=1, H=16, W=16, CI=64, FH=1, FW=1, CO=32, S=1
Time in sec for current conv = 0.105
Relu #3 on 8192 points, truncate=1 by 12 bits
Time in sec for current relu = 0.053
Conv2DCSF 3 called N=1, H=16, W=16, CI=32, FH=1, FW=1, CO=64, S=1
Time in sec for current conv = 0.116
Relu #5 on 16384 points, truncate=1 by 12 bits
Time in sec for current relu = 0.103
Conv2DCSF 4 called N=1, H=16, W=16, CI=32, FH=3, FW=3, CO=64, S=1
Time in sec for current conv = 0.448
Relu #7 on 16384 points, truncate=1 by 12 bits
Time in sec for current relu = 0.104
Conv2DCSF 5 called N=1, H=16, W=16, CI=128, FH=1, FW=1, CO=32, S=1
Time in sec for current conv = 0.139
Relu #9 on 8192 points, truncate=1 by 12 bits
Time in sec for current relu = 0.056
Conv2DCSF 6 called N=1, H=16, W=16, CI=32, FH=1, FW=1, CO=64, S=1
Time in sec for current conv = 0.118
Relu #11 on 16384 points, truncate=1 by 12 bits
Time in sec for current relu = 0.103
Conv2DCSF 7 called N=1, H=16, W=16, CI=32, FH=3, FW=3, CO=64, S=1
Time in sec for current conv = 0.425
Relu #13 on 16384 points, truncate=1 by 12 bits
Time in sec for current relu = 0.105
Maxpool 2 called N=1, H=8, W=8, C=128, ksizeH=3, ksizeW=3
Time in sec for current maxpool = 0.398
Conv2DCSF 8 called N=1, H=8, W=8, CI=128, FH=1, FW=1, CO=32, S=1
Time in sec for current conv = 0.223
Relu #15 on 2048 points, truncate=1 by 12 bits
Time in sec for current relu = 0.016
Conv2DCSF 9 called N=1, H=8, W=8, CI=32, FH=1, FW=1, CO=128, S=1
Time in sec for current conv = 0.447
Relu #17 on 8192 points, truncate=1 by 12 bits
Time in sec for current relu = 0.045
Conv2DCSF 10 called N=1, H=8, W=8, CI=32, FH=3, FW=3, CO=128, S=1
Time in sec for current conv = 0.547
Relu #19 on 8192 points, truncate=1 by 12 bits
Time in sec for current relu = 0.057
Conv2DCSF 11 called N=1, H=8, W=8, CI=256, FH=1, FW=1, CO=32, S=1
Time in sec for current conv = 0.265
Relu #21 on 2048 points, truncate=1 by 12 bits
Time in sec for current relu = 0.017
Conv2DCSF 12 called N=1, H=8, W=8, CI=32, FH=1, FW=1, CO=128, S=1
Time in sec for current conv = 0.433
Relu #23 on 8192 points, truncate=1 by 12 bits
Time in sec for current relu = 0.061
Conv2DCSF 13 called N=1, H=8, W=8, CI=32, FH=3, FW=3, CO=128, S=1
Time in sec for current conv = 0.552
Relu #25 on 8192 points, truncate=1 by 12 bits
Time in sec for current relu = 0.057
Conv2DCSF 14 called N=1, H=8, W=8, CI=256, FH=1, FW=1, CO=10, S=1
Time in sec for current conv = 0.246
Relu #27 on 640 points, truncate=1 by 12 bits
Time in sec for current relu = 0.01
AvgPool 1 called N=1, H=1, W=1, C=10, ksizeH=8, ksizeW=8
Time in sec for current avgpool = 0.008
ArgMax 1 called, s1=1, s2=10
Elapsed wall time: 18.1929 seconds
Elapsed CPU time: 21.63 seconds
CPU usage: 14.8616 %
Test end computation
Elapsed time: 18.2256 seconds
Estimated energy used: 5417.24 joules
Thread i = 0, total data sent till now = 19597050
Thread i = 1, total data sent till now = 96298650
Thread i = 2, total data sent till now = 14437325
Thread i = 3, total data sent till now = 96642834
------------------------------------------------------
------------------------------------------------------
------------------------------------------------------
Total time taken = 6898 milliseconds.
Total data sent = 215.567 MiB.
Number of rounds = 942
Total comm (sent+received) = 434.365 MiB.
------------------------------------------------------
Average CPU usage across all segments: 38.8948 %
Peak CPU usage during computation: 2163.27 %
Total time in Conv = 4.353 seconds.
Total time in MatMul = 0 seconds.
Total time in BatchNorm = 0 seconds.
Total time in Truncation = 0.433 seconds.
Total time in Relu = 0.888 seconds.
Total time in MaxPool = 1.164 seconds.
Total time in AvgPool = 0.008 seconds.
Total time in ArgMax = 0.016 seconds.
Total time in MatAdd = 0 seconds.
Total time in MatAddBroadCast = 0 seconds.
Total time in MulCir = 0 seconds.
Total time in ScalarMul = 0 seconds.
Total time in Sigmoid = 0 seconds.
Total time in Tanh = 0 seconds.
Total time in Sqrt = 0 seconds.
Total time in NormaliseL2 = 0 seconds.
------------------------------------------------------
Conv data sent = 4.87981 MiB.
MatMul data sent = 0 MiB.
BatchNorm data sent = 0 MiB.
Truncation data sent = 39.3842 MiB.
Relu data sent = 69.9233 MiB.
Maxpool data sent = 101.031 MiB.
Avgpool data sent = 0.328239 MiB.
ArgMax data sent = 0.0200653 MiB.
MatAdd data sent = 0 MiB.
MatAddBroadCast data sent = 0 MiB.
MulCir data sent = 0 MiB.
Sigmoid data sent = 0 MiB.
Tanh data sent = 0 MiB.
Sqrt data sent = 0 MiB.
NormaliseL2 data sent = 0 MiB.
------------------------------------------------------
Conv data (sent+received) = 13.1327 MiB.
Conv data received = 8.25286 MiB.
MatMul data (sent+received) = 0 MiB.
MatMul data received = 0 MiB.
BatchNorm data (sent+received) = 0 MiB.
BatchNorm data received = 0 MiB.
Truncation data (sent+received) = 78.7684 MiB.
Truncation data received = 39.3842 MiB.
Relu data (sent+received) = 139.847 MiB.
Relu data received = 69.9233 MiB.
Maxpool data (sent+received) = 202.062 MiB.
Maxpool data received = 101.031 MiB.
Avgpool data (sent+received) = 0.330856 MiB.
Avgpool data received = 0.00261688 MiB.
ArgMax data (sent+received) = 0.22438 MiB.
ArgMax data received = 0.204315 MiB.
MatAdd data (sent+received) = 0 MiB.
MatAdd data received = 0 MiB.
MatAddBroadCast data (sent+received) = 0 MiB.
MatAddBroadCast data received = 0 MiB.
MulCir data (sent+received) = 0 MiB.
ScalarMul data (sent+received) = 0 MiB.
Sigmoid data (sent+received) = 0 MiB.
Tanh data (sent+received) = 0 MiB.
Sqrt data (sent+received) = 0 MiB.
NormaliseL2 data (sent+received) = 0 MiB.
0
