Number of CPU cores: 10
Using Eigen for Matmul
Doing BaseOT ...
using kkot pack
using kkot pack
using kkot pack
using kkot pack
After one-time setup, communication
Thread i = 0, total data sent till now = 241685688
Thread i = 1, total data sent till now = 163141
Thread i = 2, total data sent till now = 294765
Thread i = 3, total data sent till now = 163141
-----------Syncronizing-----------
secret_share_mod: 137352314881 bitlength: 37
backend: PrimeField-OT-SCI_HE
-----------Syncronized - now starting execution-----------
Conv2DCSF 1 called N=1, H=227, W=227, CI=3, FH=3, FW=3, CO=64, S=2
Time in sec for current conv = 17.064
Maxpool 1 called N=1, H=56, W=56, C=64, ksizeH=3, ksizeW=3
Time in sec for current maxpool = 7.403
Relu #1 on 200704 points, truncate=1 by 12 bits
Time in sec for current relu = 0.988
Conv2DCSF 2 called N=1, H=56, W=56, CI=64, FH=1, FW=1, CO=16, S=1
Time in sec for current conv = 0.299
Relu #3 on 50176 points, truncate=1 by 12 bits
Time in sec for current relu = 0.244
Conv2DCSF 3 called N=1, H=56, W=56, CI=16, FH=1, FW=1, CO=64, S=1
Time in sec for current conv = 0.376
Relu #5 on 200704 points, truncate=1 by 12 bits
Time in sec for current relu = 0.93
Conv2DCSF 4 called N=1, H=56, W=56, CI=16, FH=3, FW=3, CO=64, S=1
Time in sec for current conv = 1.813
Relu #7 on 200704 points, truncate=1 by 12 bits
Time in sec for current relu = 0.95
Conv2DCSF 5 called N=1, H=56, W=56, CI=128, FH=1, FW=1, CO=16, S=1
Time in sec for current conv = 0.519
Relu #9 on 50176 points, truncate=1 by 12 bits
Time in sec for current relu = 0.264
Conv2DCSF 6 called N=1, H=56, W=56, CI=16, FH=1, FW=1, CO=64, S=1
Time in sec for current conv = 0.354
Relu #11 on 200704 points, truncate=1 by 12 bits
Time in sec for current relu = 0.923
Conv2DCSF 7 called N=1, H=56, W=56, CI=16, FH=3, FW=3, CO=64, S=1
Time in sec for current conv = 1.733
Relu #13 on 200704 points, truncate=1 by 12 bits
Time in sec for current relu = 0.916
Maxpool 2 called N=1, H=27, W=27, C=128, ksizeH=3, ksizeW=3
Time in sec for current maxpool = 3.447
Conv2DCSF 8 called N=1, H=27, W=27, CI=128, FH=1, FW=1, CO=32, S=1
Time in sec for current conv = 0.224
Relu #15 on 23328 points, truncate=1 by 12 bits
Time in sec for current relu = 0.132
Conv2DCSF 9 called N=1, H=27, W=27, CI=32, FH=1, FW=1, CO=128, S=1
Time in sec for current conv = 0.309
Relu #17 on 93312 points, truncate=1 by 12 bits
Time in sec for current relu = 0.427
Conv2DCSF 10 called N=1, H=27, W=27, CI=32, FH=3, FW=3, CO=128, S=1
Time in sec for current conv = 1.591
Relu #19 on 93312 points, truncate=1 by 12 bits
Time in sec for current relu = 0.436
Conv2DCSF 11 called N=1, H=27, W=27, CI=256, FH=1, FW=1, CO=32, S=1
Time in sec for current conv = 0.402
Relu #21 on 23328 points, truncate=1 by 12 bits
Time in sec for current relu = 0.151
Conv2DCSF 12 called N=1, H=27, W=27, CI=32, FH=1, FW=1, CO=128, S=1
Time in sec for current conv = 0.294
Relu #23 on 93312 points, truncate=1 by 12 bits
Time in sec for current relu = 0.458
Conv2DCSF 13 called N=1, H=27, W=27, CI=32, FH=3, FW=3, CO=128, S=1
Time in sec for current conv = 1.569
Relu #25 on 93312 points, truncate=1 by 12 bits
Time in sec for current relu = 0.414
Maxpool 3 called N=1, H=13, W=13, C=256, ksizeH=3, ksizeW=3
Time in sec for current maxpool = 1.743
Conv2DCSF 14 called N=1, H=13, W=13, CI=256, FH=1, FW=1, CO=48, S=1
Time in sec for current conv = 0.28
Relu #27 on 8112 points, truncate=1 by 12 bits
Time in sec for current relu = 0.052
Conv2DCSF 15 called N=1, H=13, W=13, CI=48, FH=1, FW=1, CO=192, S=1
Time in sec for current conv = 0.297
Relu #29 on 32448 points, truncate=1 by 12 bits
Time in sec for current relu = 0.176
Conv2DCSF 16 called N=1, H=13, W=13, CI=48, FH=3, FW=3, CO=192, S=1
Time in sec for current conv = 1.219
Relu #31 on 32448 points, truncate=1 by 12 bits
Time in sec for current relu = 0.166
Conv2DCSF 17 called N=1, H=13, W=13, CI=384, FH=1, FW=1, CO=48, S=1
Time in sec for current conv = 0.345
Relu #33 on 8112 points, truncate=1 by 12 bits
Time in sec for current relu = 0.052
Conv2DCSF 18 called N=1, H=13, W=13, CI=48, FH=1, FW=1, CO=192, S=1
Time in sec for current conv = 0.294
Relu #35 on 32448 points, truncate=1 by 12 bits
Time in sec for current relu = 0.167
Conv2DCSF 19 called N=1, H=13, W=13, CI=48, FH=3, FW=3, CO=192, S=1
Time in sec for current conv = 1.221
Relu #37 on 32448 points, truncate=1 by 12 bits
Time in sec for current relu = 0.158
Conv2DCSF 20 called N=1, H=13, W=13, CI=384, FH=1, FW=1, CO=64, S=1
Time in sec for current conv = 0.346
Relu #39 on 10816 points, truncate=1 by 12 bits
Time in sec for current relu = 0.07
Conv2DCSF 21 called N=1, H=13, W=13, CI=64, FH=1, FW=1, CO=256, S=1
Time in sec for current conv = 0.356
Relu #41 on 43264 points, truncate=1 by 12 bits
Time in sec for current relu = 0.204
Conv2DCSF 22 called N=1, H=13, W=13, CI=64, FH=3, FW=3, CO=256, S=1
Time in sec for current conv = 1.59
Relu #43 on 43264 points, truncate=1 by 12 bits
Time in sec for current relu = 0.229
Conv2DCSF 23 called N=1, H=13, W=13, CI=512, FH=1, FW=1, CO=64, S=1
Time in sec for current conv = 0.434
Relu #45 on 10816 points, truncate=1 by 12 bits
Time in sec for current relu = 0.07
Conv2DCSF 24 called N=1, H=13, W=13, CI=64, FH=1, FW=1, CO=256, S=1
Time in sec for current conv = 0.348
Relu #47 on 43264 points, truncate=1 by 12 bits
Time in sec for current relu = 0.215
Conv2DCSF 25 called N=1, H=13, W=13, CI=64, FH=3, FW=3, CO=256, S=1
Time in sec for current conv = 1.609
Relu #49 on 43264 points, truncate=1 by 12 bits
Time in sec for current relu = 0.225
Conv2DCSF 26 called N=1, H=13, W=13, CI=512, FH=1, FW=1, CO=1000, S=1
Time in sec for current conv = 6.181
Relu #51 on 169000 points, truncate=1 by 12 bits
Time in sec for current relu = 0.791
AvgPool 1 called N=1, H=1, W=1, C=1000, ksizeH=13, ksizeW=13
Time in sec for current avgpool = 0.026
ArgMax 1 called, s1=1, s2=1000
Elapsed wall time: 81.1967 seconds
Elapsed CPU time: 83 seconds
CPU usage: 10.2221 %
Test end computation
Elapsed time: 81.2719 seconds
Estimated energy used: 16615.4 joules
Thread i = 0, total data sent till now = 2028796341
Thread i = 1, total data sent till now = 210435157
Thread i = 2, total data sent till now = 1320209770
Thread i = 3, total data sent till now = 210444685
------------------------------------------------------
------------------------------------------------------
------------------------------------------------------
Total time taken = 69032 milliseconds.
Total data sent = 3364.16 MiB.
Number of rounds = 1708
Total comm (sent+received) = (see SERVER OUTPUT)
------------------------------------------------------
Average CPU usage across all segments: 9.80709 %
Peak CPU usage during computation: 24.3068 %
Total time in Conv = 41.067 seconds.
Total time in MatMul = 0 seconds.
Total time in BatchNorm = 0 seconds.
Total time in Truncation = 5.354 seconds.
Total time in Relu = 9.808 seconds.
Total time in MaxPool = 12.593 seconds.
Total time in AvgPool = 0.026 seconds.
Total time in ArgMax = 0.055 seconds.
Total time in MatAdd = 0 seconds.
Total time in MatAddBroadCast = 0 seconds.
Total time in MulCir = 0 seconds.
Total time in ScalarMul = 0 seconds.
Total time in Sigmoid = 0 seconds.
Total time in Tanh = 0 seconds.
Total time in Sqrt = 0 seconds.
Total time in NormaliseL2 = 0 seconds.
------------------------------------------------------
Conv data sent = 444.416 MiB.
MatMul data sent = 0 MiB.
BatchNorm data sent = 0 MiB.
Truncation data sent = 576.913 MiB.
Relu data sent = 1004.25 MiB.
Maxpool data sent = 1336.34 MiB.
Avgpool data sent = 1.10473 MiB.
ArgMax data sent = 1.13604 MiB.
MatAdd data sent = 0 MiB.
MatAddBroadCast data sent = 0 MiB.
MulCir data sent = 0 MiB.
Sigmoid data sent = 0 MiB.
Tanh data sent = 0 MiB.
Sqrt data sent = 0 MiB.
NormaliseL2 data sent = 0 MiB.
------------------------------------------------------
top-10 values from SqueezeNet
[31.7448730,30.9345703,30.3242188,28.5620117,28.1743164,27.8937988,27.7216797,27.6179199,27.5144043,27.2539062,]
predicted label = 248
